<explain xmlns="http://www.postgresql.org/2009/explain">
  <Query>
    <Plan>
      <Node-Type>Sort</Node-Type>
      <Startup-Cost>422374.15</Startup-Cost>
      <Total-Cost>422374.17</Total-Cost>
      <Plan-Rows>6</Plan-Rows>
      <Plan-Width>25</Plan-Width>
      <Actual-Startup-Time>13322.960</Actual-Startup-Time>
      <Actual-Total-Time>13322.961</Actual-Total-Time>
      <Actual-Rows>4</Actual-Rows>
      <Actual-Loops>1</Actual-Loops>
      <Output>
        <Item>l_returnflag</Item>
        <Item>l_linestatus</Item>
        <Item>(sum(l_quantity))</Item>
        <Item>(sum(l_extendedprice))</Item>
        <Item>(sum((l_extendedprice * (1::numeric - l_discount))))</Item>
        <Item>(sum(((l_extendedprice * (1::numeric - l_discount)) * (1::numeric + l_tax))))</Item>
        <Item>(avg(l_quantity))</Item>
        <Item>(avg(l_extendedprice))</Item>
        <Item>(avg(l_discount))</Item>
        <Item>(count(*))</Item>
      </Output>
      <Sort-Key>
        <Item>lineitem.l_returnflag</Item>
        <Item>lineitem.l_linestatus</Item>
      </Sort-Key>
      <Sort-Method>quicksort</Sort-Method>
      <Sort-Space-Used>17</Sort-Space-Used>
      <Sort-Space-Type>Memory</Sort-Space-Type>
      <Plans>
        <Plan>
          <Node-Type>Aggregate</Node-Type>
          <Strategy>Hashed</Strategy>
          <Parent-Relationship>Outer</Parent-Relationship>
          <Startup-Cost>422373.91</Startup-Cost>
          <Total-Cost>422374.07</Total-Cost>
          <Plan-Rows>6</Plan-Rows>
          <Plan-Width>25</Plan-Width>
          <Actual-Startup-Time>13322.912</Actual-Startup-Time>
          <Actual-Total-Time>13322.920</Actual-Total-Time>
          <Actual-Rows>4</Actual-Rows>
          <Actual-Loops>1</Actual-Loops>
          <Output>
            <Item>l_returnflag</Item>
            <Item>l_linestatus</Item>
            <Item>sum(l_quantity)</Item>
            <Item>sum(l_extendedprice)</Item>
            <Item>sum((l_extendedprice * (1::numeric - l_discount)))</Item>
            <Item>sum(((l_extendedprice * (1::numeric - l_discount)) * (1::numeric + l_tax)))</Item>
            <Item>avg(l_quantity)</Item>
            <Item>avg(l_extendedprice)</Item>
            <Item>avg(l_discount)</Item>
            <Item>count(*)</Item>
          </Output>
          <Group-Key>
            <Item>lineitem.l_returnflag</Item>
            <Item>lineitem.l_linestatus</Item>
          </Group-Key>
          <Plans>
            <Plan>
              <Node-Type>Seq Scan</Node-Type>
              <Parent-Relationship>Outer</Parent-Relationship>
              <Relation-Name>lineitem</Relation-Name>
              <Schema>public</Schema>
              <Alias>lineitem</Alias>
              <Startup-Cost>0.00</Startup-Cost>
              <Total-Cost>186027.19</Total-Cost>
              <Plan-Rows>5908668</Plan-Rows>
              <Plan-Width>25</Plan-Width>
              <Actual-Startup-Time>0.036</Actual-Startup-Time>
              <Actual-Total-Time>2846.014</Actual-Total-Time>
              <Actual-Rows>5916591</Actual-Rows>
              <Actual-Loops>1</Actual-Loops>
              <Output>
                <Item>l_orderkey</Item>
                <Item>l_partkey</Item>
                <Item>l_suppkey</Item>
                <Item>l_linenumber</Item>
                <Item>l_quantity</Item>
                <Item>l_extendedprice</Item>
                <Item>l_discount</Item>
                <Item>l_tax</Item>
                <Item>l_returnflag</Item>
                <Item>l_linestatus</Item>
                <Item>l_shipdate</Item>
                <Item>l_commitdate</Item>
                <Item>l_receiptdate</Item>
                <Item>l_shipinstruct</Item>
                <Item>l_shipmode</Item>
                <Item>l_comment</Item>
              </Output>
              <Filter>(lineitem.l_shipdate &lt;= '1998-09-02 00:00:00'::timestamp without time zone)</Filter>
              <Rows-Removed-by-Filter>84624</Rows-Removed-by-Filter>
            </Plan>
          </Plans>
        </Plan>
      </Plans>
    </Plan>
    <Planning-Time>0.100</Planning-Time>
    <Triggers>
    </Triggers>
    <Execution-Time>13323.103</Execution-Time>
  </Query>
</explain>