<explain xmlns="http://www.postgresql.org/2009/explain">
  <Query>
    <Plan>
      <Node-Type>Sort</Node-Type>
      <Startup-Cost>292130.28</Startup-Cost>
      <Total-Cost>292269.25</Total-Cost>
      <Plan-Rows>55587</Plan-Rows>
      <Plan-Width>260</Plan-Width>
      <Actual-Startup-Time>5535.061</Actual-Startup-Time>
      <Actual-Total-Time>5554.188</Actual-Total-Time>
      <Actual-Rows>37967</Actual-Rows>
      <Actual-Loops>1</Actual-Loops>
      <Output>
        <Item>customer.c_custkey</Item>
        <Item>customer.c_name</Item>
        <Item>(sum((lineitem.l_extendedprice * (1::numeric - lineitem.l_discount))))</Item>
        <Item>customer.c_acctbal</Item>
        <Item>nation.n_name</Item>
        <Item>customer.c_address</Item>
        <Item>customer.c_phone</Item>
        <Item>customer.c_comment</Item>
      </Output>
      <Sort-Key>
        <Item>(sum((lineitem.l_extendedprice * (1::numeric - lineitem.l_discount))))</Item>
      </Sort-Key>
      <Sort-Method>external merge</Sort-Method>
      <Sort-Space-Used>7056</Sort-Space-Used>
      <Sort-Space-Type>Disk</Sort-Space-Type>
      <Plans>
        <Plan>
          <Node-Type>Aggregate</Node-Type>
          <Strategy>Sorted</Strategy>
          <Parent-Relationship>Outer</Parent-Relationship>
          <Startup-Cost>278777.86</Startup-Cost>
          <Total-Cost>281001.34</Total-Cost>
          <Plan-Rows>55587</Plan-Rows>
          <Plan-Width>260</Plan-Width>
          <Actual-Startup-Time>5143.792</Actual-Startup-Time>
          <Actual-Total-Time>5430.303</Actual-Total-Time>
          <Actual-Rows>37967</Actual-Rows>
          <Actual-Loops>1</Actual-Loops>
          <Output>
            <Item>customer.c_custkey</Item>
            <Item>customer.c_name</Item>
            <Item>sum((lineitem.l_extendedprice * (1::numeric - lineitem.l_discount)))</Item>
            <Item>customer.c_acctbal</Item>
            <Item>nation.n_name</Item>
            <Item>customer.c_address</Item>
            <Item>customer.c_phone</Item>
            <Item>customer.c_comment</Item>
          </Output>
          <Group-Key>
            <Item>customer.c_custkey</Item>
            <Item>customer.c_name</Item>
            <Item>customer.c_acctbal</Item>
            <Item>customer.c_phone</Item>
            <Item>nation.n_name</Item>
            <Item>customer.c_address</Item>
            <Item>customer.c_comment</Item>
          </Group-Key>
          <Plans>
            <Plan>
              <Node-Type>Sort</Node-Type>
              <Parent-Relationship>Outer</Parent-Relationship>
              <Startup-Cost>278777.86</Startup-Cost>
              <Total-Cost>278916.83</Total-Cost>
              <Plan-Rows>55587</Plan-Rows>
              <Plan-Width>260</Plan-Width>
              <Actual-Startup-Time>5143.726</Actual-Startup-Time>
              <Actual-Total-Time>5298.011</Actual-Total-Time>
              <Actual-Rows>114705</Actual-Rows>
              <Actual-Loops>1</Actual-Loops>
              <Output>
                <Item>customer.c_custkey</Item>
                <Item>customer.c_name</Item>
                <Item>customer.c_acctbal</Item>
                <Item>nation.n_name</Item>
                <Item>customer.c_address</Item>
                <Item>customer.c_phone</Item>
                <Item>customer.c_comment</Item>
                <Item>lineitem.l_extendedprice</Item>
                <Item>lineitem.l_discount</Item>
              </Output>
              <Sort-Key>
                <Item>customer.c_custkey</Item>
                <Item>customer.c_name</Item>
                <Item>customer.c_acctbal</Item>
                <Item>customer.c_phone</Item>
                <Item>nation.n_name</Item>
                <Item>customer.c_address</Item>
                <Item>customer.c_comment</Item>
              </Sort-Key>
              <Sort-Method>external merge</Sort-Method>
              <Sort-Space-Used>21816</Sort-Space-Used>
              <Sort-Space-Type>Disk</Sort-Space-Type>
              <Plans>
                <Plan>
                  <Node-Type>Hash Join</Node-Type>
                  <Parent-Relationship>Outer</Parent-Relationship>
                  <Join-Type>Inner</Join-Type>
                  <Startup-Cost>58995.19</Startup-Cost>
                  <Total-Cost>267648.93</Total-Cost>
                  <Plan-Rows>55587</Plan-Rows>
                  <Plan-Width>260</Plan-Width>
                  <Actual-Startup-Time>472.099</Actual-Startup-Time>
                  <Actual-Total-Time>3638.972</Actual-Total-Time>
                  <Actual-Rows>114705</Actual-Rows>
                  <Actual-Loops>1</Actual-Loops>
                  <Output>
                    <Item>customer.c_custkey</Item>
                    <Item>customer.c_name</Item>
                    <Item>customer.c_acctbal</Item>
                    <Item>nation.n_name</Item>
                    <Item>customer.c_address</Item>
                    <Item>customer.c_phone</Item>
                    <Item>customer.c_comment</Item>
                    <Item>lineitem.l_extendedprice</Item>
                    <Item>lineitem.l_discount</Item>
                  </Output>
                  <Hash-Cond>(customer.c_nationkey = nation.n_nationkey)</Hash-Cond>
                  <Plans>
                    <Plan>
                      <Node-Type>Hash Join</Node-Type>
                      <Parent-Relationship>Outer</Parent-Relationship>
                      <Join-Type>Inner</Join-Type>
                      <Startup-Cost>58993.62</Startup-Cost>
                      <Total-Cost>266883.04</Total-Cost>
                      <Plan-Rows>55587</Plan-Rows>
                      <Plan-Width>160</Plan-Width>
                      <Actual-Startup-Time>471.901</Actual-Startup-Time>
                      <Actual-Total-Time>3558.694</Actual-Total-Time>
                      <Actual-Rows>114705</Actual-Rows>
                      <Actual-Loops>1</Actual-Loops>
                      <Output>
                        <Item>customer.c_custkey</Item>
                        <Item>customer.c_name</Item>
                        <Item>customer.c_acctbal</Item>
                        <Item>customer.c_address</Item>
                        <Item>customer.c_phone</Item>
                        <Item>customer.c_comment</Item>
                        <Item>customer.c_nationkey</Item>
                        <Item>lineitem.l_extendedprice</Item>
                        <Item>lineitem.l_discount</Item>
                      </Output>
                      <Hash-Cond>(orders.o_custkey = customer.c_custkey)</Hash-Cond>
                      <Plans>
                        <Plan>
                          <Node-Type>Hash Join</Node-Type>
                          <Parent-Relationship>Outer</Parent-Relationship>
                          <Join-Type>Inner</Join-Type>
                          <Startup-Cost>48920.62</Startup-Cost>
                          <Total-Cost>252073.79</Total-Cost>
                          <Plan-Rows>55587</Plan-Rows>
                          <Plan-Width>16</Plan-Width>
                          <Actual-Startup-Time>300.144</Actual-Startup-Time>
                          <Actual-Total-Time>3157.329</Actual-Total-Time>
                          <Actual-Rows>114705</Actual-Rows>
                          <Actual-Loops>1</Actual-Loops>
                          <Output>
                            <Item>orders.o_custkey</Item>
                            <Item>lineitem.l_extendedprice</Item>
                            <Item>lineitem.l_discount</Item>
                          </Output>
                          <Hash-Cond>(lineitem.l_orderkey = orders.o_orderkey)</Hash-Cond>
                          <Plans>
                            <Plan>
                              <Node-Type>Seq Scan</Node-Type>
                              <Parent-Relationship>Outer</Parent-Relationship>
                              <Relation-Name>lineitem</Relation-Name>
                              <Schema>public</Schema>
                              <Alias>lineitem</Alias>
                              <Startup-Cost>0.00</Startup-Cost>
                              <Total-Cost>186027.19</Total-Cost>
                              <Plan-Rows>1472898</Plan-Rows>
                              <Plan-Width>16</Plan-Width>
                              <Actual-Startup-Time>0.006</Actual-Startup-Time>
                              <Actual-Total-Time>2124.882</Actual-Total-Time>
                              <Actual-Rows>1478870</Actual-Rows>
                              <Actual-Loops>1</Actual-Loops>
                              <Output>
                                <Item>lineitem.l_orderkey</Item>
                                <Item>lineitem.l_partkey</Item>
                                <Item>lineitem.l_suppkey</Item>
                                <Item>lineitem.l_linenumber</Item>
                                <Item>lineitem.l_quantity</Item>
                                <Item>lineitem.l_extendedprice</Item>
                                <Item>lineitem.l_discount</Item>
                                <Item>lineitem.l_tax</Item>
                                <Item>lineitem.l_returnflag</Item>
                                <Item>lineitem.l_linestatus</Item>
                                <Item>lineitem.l_shipdate</Item>
                                <Item>lineitem.l_commitdate</Item>
                                <Item>lineitem.l_receiptdate</Item>
                                <Item>lineitem.l_shipinstruct</Item>
                                <Item>lineitem.l_shipmode</Item>
                                <Item>lineitem.l_comment</Item>
                              </Output>
                              <Filter>(lineitem.l_returnflag = 'R'::bpchar)</Filter>
                              <Rows-Removed-by-Filter>4522345</Rows-Removed-by-Filter>
                            </Plan>
                            <Plan>
                              <Node-Type>Hash</Node-Type>
                              <Parent-Relationship>Inner</Parent-Relationship>
                              <Startup-Cost>48213.00</Startup-Cost>
                              <Total-Cost>48213.00</Total-Cost>
                              <Plan-Rows>56610</Plan-Rows>
                              <Plan-Width>8</Plan-Width>
                              <Actual-Startup-Time>300.089</Actual-Startup-Time>
                              <Actual-Total-Time>300.089</Actual-Total-Time>
                              <Actual-Rows>57069</Actual-Rows>
                              <Actual-Loops>1</Actual-Loops>
                              <Output>
                                <Item>orders.o_custkey</Item>
                                <Item>orders.o_orderkey</Item>
                              </Output>
                              <Hash-Buckets>8192</Hash-Buckets>
                              <Hash-Batches>1</Hash-Batches>
                              <Original-Hash-Batches>1</Original-Hash-Batches>
                              <Peak-Memory-Usage>1561</Peak-Memory-Usage>
                              <Plans>
                                <Plan>
                                  <Node-Type>Seq Scan</Node-Type>
                                  <Parent-Relationship>Outer</Parent-Relationship>
                                  <Relation-Name>orders</Relation-Name>
                                  <Schema>public</Schema>
                                  <Alias>orders</Alias>
                                  <Startup-Cost>0.00</Startup-Cost>
                                  <Total-Cost>48213.00</Total-Cost>
                                  <Plan-Rows>56610</Plan-Rows>
                                  <Plan-Width>8</Plan-Width>
                                  <Actual-Startup-Time>0.006</Actual-Startup-Time>
                                  <Actual-Total-Time>274.636</Actual-Total-Time>
                                  <Actual-Rows>57069</Actual-Rows>
                                  <Actual-Loops>1</Actual-Loops>
                                  <Output>
                                    <Item>orders.o_custkey</Item>
                                    <Item>orders.o_orderkey</Item>
                                  </Output>
                                  <Filter>((orders.o_orderdate &gt;= '1993-10-01'::date) AND (orders.o_orderdate &lt; '1994-01-01 00:00:00'::timestamp without time zone))</Filter>
                                  <Rows-Removed-by-Filter>1442931</Rows-Removed-by-Filter>
                                </Plan>
                              </Plans>
                            </Plan>
                          </Plans>
                        </Plan>
                        <Plan>
                          <Node-Type>Hash</Node-Type>
                          <Parent-Relationship>Inner</Parent-Relationship>
                          <Startup-Cost>5048.00</Startup-Cost>
                          <Total-Cost>5048.00</Total-Cost>
                          <Plan-Rows>150000</Plan-Rows>
                          <Plan-Width>148</Plan-Width>
                          <Actual-Startup-Time>171.265</Actual-Startup-Time>
                          <Actual-Total-Time>171.265</Actual-Total-Time>
                          <Actual-Rows>150000</Actual-Rows>
                          <Actual-Loops>1</Actual-Loops>
                          <Output>
                            <Item>customer.c_custkey</Item>
                            <Item>customer.c_name</Item>
                            <Item>customer.c_acctbal</Item>
                            <Item>customer.c_address</Item>
                            <Item>customer.c_phone</Item>
                            <Item>customer.c_comment</Item>
                            <Item>customer.c_nationkey</Item>
                          </Output>
                          <Hash-Buckets>4096</Hash-Buckets>
                          <Hash-Batches>8</Hash-Batches>
                          <Original-Hash-Batches>8</Original-Hash-Batches>
                          <Peak-Memory-Usage>3173</Peak-Memory-Usage>
                          <Plans>
                            <Plan>
                              <Node-Type>Seq Scan</Node-Type>
                              <Parent-Relationship>Outer</Parent-Relationship>
                              <Relation-Name>customer</Relation-Name>
                              <Schema>public</Schema>
                              <Alias>customer</Alias>
                              <Startup-Cost>0.00</Startup-Cost>
                              <Total-Cost>5048.00</Total-Cost>
                              <Plan-Rows>150000</Plan-Rows>
                              <Plan-Width>148</Plan-Width>
                              <Actual-Startup-Time>0.002</Actual-Startup-Time>
                              <Actual-Total-Time>72.255</Actual-Total-Time>
                              <Actual-Rows>150000</Actual-Rows>
                              <Actual-Loops>1</Actual-Loops>
                              <Output>
                                <Item>customer.c_custkey</Item>
                                <Item>customer.c_name</Item>
                                <Item>customer.c_acctbal</Item>
                                <Item>customer.c_address</Item>
                                <Item>customer.c_phone</Item>
                                <Item>customer.c_comment</Item>
                                <Item>customer.c_nationkey</Item>
                              </Output>
                            </Plan>
                          </Plans>
                        </Plan>
                      </Plans>
                    </Plan>
                    <Plan>
                      <Node-Type>Hash</Node-Type>
                      <Parent-Relationship>Inner</Parent-Relationship>
                      <Startup-Cost>1.25</Startup-Cost>
                      <Total-Cost>1.25</Total-Cost>
                      <Plan-Rows>25</Plan-Rows>
                      <Plan-Width>108</Plan-Width>
                      <Actual-Startup-Time>0.193</Actual-Startup-Time>
                      <Actual-Total-Time>0.193</Actual-Total-Time>
                      <Actual-Rows>25</Actual-Rows>
                      <Actual-Loops>1</Actual-Loops>
                      <Output>
                        <Item>nation.n_name</Item>
                        <Item>nation.n_nationkey</Item>
                      </Output>
                      <Hash-Buckets>1024</Hash-Buckets>
                      <Hash-Batches>1</Hash-Batches>
                      <Original-Hash-Batches>1</Original-Hash-Batches>
                      <Peak-Memory-Usage>2</Peak-Memory-Usage>
                      <Plans>
                        <Plan>
                          <Node-Type>Seq Scan</Node-Type>
                          <Parent-Relationship>Outer</Parent-Relationship>
                          <Relation-Name>nation</Relation-Name>
                          <Schema>public</Schema>
                          <Alias>nation</Alias>
                          <Startup-Cost>0.00</Startup-Cost>
                          <Total-Cost>1.25</Total-Cost>
                          <Plan-Rows>25</Plan-Rows>
                          <Plan-Width>108</Plan-Width>
                          <Actual-Startup-Time>0.173</Actual-Startup-Time>
                          <Actual-Total-Time>0.183</Actual-Total-Time>
                          <Actual-Rows>25</Actual-Rows>
                          <Actual-Loops>1</Actual-Loops>
                          <Output>
                            <Item>nation.n_name</Item>
                            <Item>nation.n_nationkey</Item>
                          </Output>
                        </Plan>
                      </Plans>
                    </Plan>
                  </Plans>
                </Plan>
              </Plans>
            </Plan>
          </Plans>
        </Plan>
      </Plans>
    </Plan>
    <Planning-Time>3.520</Planning-Time>
    <Triggers>
    </Triggers>
    <Execution-Time>5570.717</Execution-Time>
  </Query>
</explain>