<explain xmlns="http://www.postgresql.org/2009/explain">
  <Query>
    <Plan>
      <Node-Type>Sort</Node-Type>
      <Startup-Cost>64120.72</Startup-Cost>
      <Total-Cost>64200.72</Total-Cost>
      <Plan-Rows>32000</Plan-Rows>
      <Plan-Width>14</Plan-Width>
      <Actual-Startup-Time>1316.338</Actual-Startup-Time>
      <Actual-Total-Time>1316.775</Actual-Total-Time>
      <Actual-Rows>1048</Actual-Rows>
      <Actual-Loops>1</Actual-Loops>
      <Output>
        <Item>partsupp.ps_partkey</Item>
        <Item>(sum((partsupp.ps_supplycost * (partsupp.ps_availqty)::numeric)))</Item>
      </Output>
      <Sort-Key>
        <Item>(sum((partsupp.ps_supplycost * (partsupp.ps_availqty)::numeric)))</Item>
      </Sort-Key>
      <Sort-Method>quicksort</Sort-Method>
      <Sort-Space-Used>73</Sort-Space-Used>
      <Sort-Space-Type>Memory</Sort-Space-Type>
      <Plans>
        <Plan>
          <Node-Type>Aggregate</Node-Type>
          <Strategy>Plain</Strategy>
          <Parent-Relationship>InitPlan</Parent-Relationship>
          <Subplan-Name>InitPlan 1 (returns $0)</Subplan-Name>
          <Startup-Cost>29185.83</Startup-Cost>
          <Total-Cost>29185.84</Total-Cost>
          <Plan-Rows>1</Plan-Rows>
          <Plan-Width>10</Plan-Width>
          <Actual-Startup-Time>605.223</Actual-Startup-Time>
          <Actual-Total-Time>605.224</Actual-Total-Time>
          <Actual-Rows>1</Actual-Rows>
          <Actual-Loops>1</Actual-Loops>
          <Output>
            <Item>(sum((partsupp_1.ps_supplycost * (partsupp_1.ps_availqty)::numeric)) * 0.0001000000)</Item>
          </Output>
          <Plans>
            <Plan>
              <Node-Type>Hash Join</Node-Type>
              <Parent-Relationship>Outer</Parent-Relationship>
              <Join-Type>Inner</Join-Type>
              <Startup-Cost>367.82</Startup-Cost>
              <Total-Cost>28945.83</Total-Cost>
              <Plan-Rows>32000</Plan-Rows>
              <Plan-Width>10</Plan-Width>
              <Actual-Startup-Time>7.044</Actual-Startup-Time>
              <Actual-Total-Time>585.625</Actual-Total-Time>
              <Actual-Rows>31680</Actual-Rows>
              <Actual-Loops>1</Actual-Loops>
              <Output>
                <Item>partsupp_1.ps_supplycost</Item>
                <Item>partsupp_1.ps_availqty</Item>
              </Output>
              <Hash-Cond>(partsupp_1.ps_suppkey = supplier_1.s_suppkey)</Hash-Cond>
              <Plans>
                <Plan>
                  <Node-Type>Seq Scan</Node-Type>
                  <Parent-Relationship>Outer</Parent-Relationship>
                  <Relation-Name>partsupp</Relation-Name>
                  <Schema>public</Schema>
                  <Alias>partsupp_1</Alias>
                  <Startup-Cost>0.00</Startup-Cost>
                  <Total-Cost>25258.00</Total-Cost>
                  <Plan-Rows>800000</Plan-Rows>
                  <Plan-Width>14</Plan-Width>
                  <Actual-Startup-Time>0.213</Actual-Startup-Time>
                  <Actual-Total-Time>314.083</Actual-Total-Time>
                  <Actual-Rows>800000</Actual-Rows>
                  <Actual-Loops>1</Actual-Loops>
                  <Output>
                    <Item>partsupp_1.ps_partkey</Item>
                    <Item>partsupp_1.ps_suppkey</Item>
                    <Item>partsupp_1.ps_availqty</Item>
                    <Item>partsupp_1.ps_supplycost</Item>
                    <Item>partsupp_1.ps_comment</Item>
                  </Output>
                </Plan>
                <Plan>
                  <Node-Type>Hash</Node-Type>
                  <Parent-Relationship>Inner</Parent-Relationship>
                  <Startup-Cost>362.82</Startup-Cost>
                  <Total-Cost>362.82</Total-Cost>
                  <Plan-Rows>400</Plan-Rows>
                  <Plan-Width>4</Plan-Width>
                  <Actual-Startup-Time>6.712</Actual-Startup-Time>
                  <Actual-Total-Time>6.712</Actual-Total-Time>
                  <Actual-Rows>396</Actual-Rows>
                  <Actual-Loops>1</Actual-Loops>
                  <Output>
                    <Item>supplier_1.s_suppkey</Item>
                  </Output>
                  <Hash-Buckets>1024</Hash-Buckets>
                  <Hash-Batches>1</Hash-Batches>
                  <Original-Hash-Batches>1</Original-Hash-Batches>
                  <Peak-Memory-Usage>10</Peak-Memory-Usage>
                  <Plans>
                    <Plan>
                      <Node-Type>Hash Join</Node-Type>
                      <Parent-Relationship>Outer</Parent-Relationship>
                      <Join-Type>Inner</Join-Type>
                      <Startup-Cost>1.32</Startup-Cost>
                      <Total-Cost>362.82</Total-Cost>
                      <Plan-Rows>400</Plan-Rows>
                      <Plan-Width>4</Plan-Width>
                      <Actual-Startup-Time>0.041</Actual-Startup-Time>
                      <Actual-Total-Time>6.563</Actual-Total-Time>
                      <Actual-Rows>396</Actual-Rows>
                      <Actual-Loops>1</Actual-Loops>
                      <Output>
                        <Item>supplier_1.s_suppkey</Item>
                      </Output>
                      <Hash-Cond>(supplier_1.s_nationkey = nation_1.n_nationkey)</Hash-Cond>
                      <Plans>
                        <Plan>
                          <Node-Type>Seq Scan</Node-Type>
                          <Parent-Relationship>Outer</Parent-Relationship>
                          <Relation-Name>supplier</Relation-Name>
                          <Schema>public</Schema>
                          <Alias>supplier_1</Alias>
                          <Startup-Cost>0.00</Startup-Cost>
                          <Total-Cost>320.00</Total-Cost>
                          <Plan-Rows>10000</Plan-Rows>
                          <Plan-Width>8</Plan-Width>
                          <Actual-Startup-Time>0.003</Actual-Startup-Time>
                          <Actual-Total-Time>3.227</Actual-Total-Time>
                          <Actual-Rows>10000</Actual-Rows>
                          <Actual-Loops>1</Actual-Loops>
                          <Output>
                            <Item>supplier_1.s_suppkey</Item>
                            <Item>supplier_1.s_name</Item>
                            <Item>supplier_1.s_address</Item>
                            <Item>supplier_1.s_nationkey</Item>
                            <Item>supplier_1.s_phone</Item>
                            <Item>supplier_1.s_acctbal</Item>
                            <Item>supplier_1.s_comment</Item>
                          </Output>
                        </Plan>
                        <Plan>
                          <Node-Type>Hash</Node-Type>
                          <Parent-Relationship>Inner</Parent-Relationship>
                          <Startup-Cost>1.31</Startup-Cost>
                          <Total-Cost>1.31</Total-Cost>
                          <Plan-Rows>1</Plan-Rows>
                          <Plan-Width>4</Plan-Width>
                          <Actual-Startup-Time>0.011</Actual-Startup-Time>
                          <Actual-Total-Time>0.011</Actual-Total-Time>
                          <Actual-Rows>1</Actual-Rows>
                          <Actual-Loops>1</Actual-Loops>
                          <Output>
                            <Item>nation_1.n_nationkey</Item>
                          </Output>
                          <Hash-Buckets>1024</Hash-Buckets>
                          <Hash-Batches>1</Hash-Batches>
                          <Original-Hash-Batches>1</Original-Hash-Batches>
                          <Peak-Memory-Usage>1</Peak-Memory-Usage>
                          <Plans>
                            <Plan>
                              <Node-Type>Seq Scan</Node-Type>
                              <Parent-Relationship>Outer</Parent-Relationship>
                              <Relation-Name>nation</Relation-Name>
                              <Schema>public</Schema>
                              <Alias>nation_1</Alias>
                              <Startup-Cost>0.00</Startup-Cost>
                              <Total-Cost>1.31</Total-Cost>
                              <Plan-Rows>1</Plan-Rows>
                              <Plan-Width>4</Plan-Width>
                              <Actual-Startup-Time>0.008</Actual-Startup-Time>
                              <Actual-Total-Time>0.010</Actual-Total-Time>
                              <Actual-Rows>1</Actual-Rows>
                              <Actual-Loops>1</Actual-Loops>
                              <Output>
                                <Item>nation_1.n_nationkey</Item>
                              </Output>
                              <Filter>(nation_1.n_name = 'GERMANY'::bpchar)</Filter>
                              <Rows-Removed-by-Filter>24</Rows-Removed-by-Filter>
                            </Plan>
                          </Plans>
                        </Plan>
                      </Plans>
                    </Plan>
                  </Plans>
                </Plan>
              </Plans>
            </Plan>
          </Plans>
        </Plan>
        <Plan>
          <Node-Type>Aggregate</Node-Type>
          <Strategy>Sorted</Strategy>
          <Parent-Relationship>Outer</Parent-Relationship>
          <Startup-Cost>31340.35</Startup-Cost>
          <Total-Cost>32540.35</Total-Cost>
          <Plan-Rows>32000</Plan-Rows>
          <Plan-Width>14</Plan-Width>
          <Actual-Startup-Time>1281.433</Actual-Startup-Time>
          <Actual-Total-Time>1314.746</Actual-Total-Time>
          <Actual-Rows>1048</Actual-Rows>
          <Actual-Loops>1</Actual-Loops>
          <Output>
            <Item>partsupp.ps_partkey</Item>
            <Item>sum((partsupp.ps_supplycost * (partsupp.ps_availqty)::numeric))</Item>
          </Output>
          <Group-Key>
            <Item>partsupp.ps_partkey</Item>
          </Group-Key>
          <Filter>(sum((partsupp.ps_supplycost * (partsupp.ps_availqty)::numeric)) &gt; $0)</Filter>
          <Rows-Removed-by-Filter>28770</Rows-Removed-by-Filter>
          <Plans>
            <Plan>
              <Node-Type>Sort</Node-Type>
              <Parent-Relationship>Outer</Parent-Relationship>
              <Startup-Cost>31340.35</Startup-Cost>
              <Total-Cost>31420.35</Total-Cost>
              <Plan-Rows>32000</Plan-Rows>
              <Plan-Width>14</Plan-Width>
              <Actual-Startup-Time>675.862</Actual-Startup-Time>
              <Actual-Total-Time>684.791</Actual-Total-Time>
              <Actual-Rows>31680</Actual-Rows>
              <Actual-Loops>1</Actual-Loops>
              <Output>
                <Item>partsupp.ps_partkey</Item>
                <Item>partsupp.ps_supplycost</Item>
                <Item>partsupp.ps_availqty</Item>
              </Output>
              <Sort-Key>
                <Item>partsupp.ps_partkey</Item>
              </Sort-Key>
              <Sort-Method>quicksort</Sort-Method>
              <Sort-Space-Used>1750</Sort-Space-Used>
              <Sort-Space-Type>Memory</Sort-Space-Type>
              <Plans>
                <Plan>
                  <Node-Type>Hash Join</Node-Type>
                  <Parent-Relationship>Outer</Parent-Relationship>
                  <Join-Type>Inner</Join-Type>
                  <Startup-Cost>367.82</Startup-Cost>
                  <Total-Cost>28945.83</Total-Cost>
                  <Plan-Rows>32000</Plan-Rows>
                  <Plan-Width>14</Plan-Width>
                  <Actual-Startup-Time>7.669</Actual-Startup-Time>
                  <Actual-Total-Time>658.689</Actual-Total-Time>
                  <Actual-Rows>31680</Actual-Rows>
                  <Actual-Loops>1</Actual-Loops>
                  <Output>
                    <Item>partsupp.ps_partkey</Item>
                    <Item>partsupp.ps_supplycost</Item>
                    <Item>partsupp.ps_availqty</Item>
                  </Output>
                  <Hash-Cond>(partsupp.ps_suppkey = supplier.s_suppkey)</Hash-Cond>
                  <Plans>
                    <Plan>
                      <Node-Type>Seq Scan</Node-Type>
                      <Parent-Relationship>Outer</Parent-Relationship>
                      <Relation-Name>partsupp</Relation-Name>
                      <Schema>public</Schema>
                      <Alias>partsupp</Alias>
                      <Startup-Cost>0.00</Startup-Cost>
                      <Total-Cost>25258.00</Total-Cost>
                      <Plan-Rows>800000</Plan-Rows>
                      <Plan-Width>18</Plan-Width>
                      <Actual-Startup-Time>0.014</Actual-Startup-Time>
                      <Actual-Total-Time>380.759</Actual-Total-Time>
                      <Actual-Rows>800000</Actual-Rows>
                      <Actual-Loops>1</Actual-Loops>
                      <Output>
                        <Item>partsupp.ps_partkey</Item>
                        <Item>partsupp.ps_suppkey</Item>
                        <Item>partsupp.ps_availqty</Item>
                        <Item>partsupp.ps_supplycost</Item>
                        <Item>partsupp.ps_comment</Item>
                      </Output>
                    </Plan>
                    <Plan>
                      <Node-Type>Hash</Node-Type>
                      <Parent-Relationship>Inner</Parent-Relationship>
                      <Startup-Cost>362.82</Startup-Cost>
                      <Total-Cost>362.82</Total-Cost>
                      <Plan-Rows>400</Plan-Rows>
                      <Plan-Width>4</Plan-Width>
                      <Actual-Startup-Time>7.116</Actual-Startup-Time>
                      <Actual-Total-Time>7.116</Actual-Total-Time>
                      <Actual-Rows>396</Actual-Rows>
                      <Actual-Loops>1</Actual-Loops>
                      <Output>
                        <Item>supplier.s_suppkey</Item>
                      </Output>
                      <Hash-Buckets>1024</Hash-Buckets>
                      <Hash-Batches>1</Hash-Batches>
                      <Original-Hash-Batches>1</Original-Hash-Batches>
                      <Peak-Memory-Usage>10</Peak-Memory-Usage>
                      <Plans>
                        <Plan>
                          <Node-Type>Hash Join</Node-Type>
                          <Parent-Relationship>Outer</Parent-Relationship>
                          <Join-Type>Inner</Join-Type>
                          <Startup-Cost>1.32</Startup-Cost>
                          <Total-Cost>362.82</Total-Cost>
                          <Plan-Rows>400</Plan-Rows>
                          <Plan-Width>4</Plan-Width>
                          <Actual-Startup-Time>0.035</Actual-Startup-Time>
                          <Actual-Total-Time>6.964</Actual-Total-Time>
                          <Actual-Rows>396</Actual-Rows>
                          <Actual-Loops>1</Actual-Loops>
                          <Output>
                            <Item>supplier.s_suppkey</Item>
                          </Output>
                          <Hash-Cond>(supplier.s_nationkey = nation.n_nationkey)</Hash-Cond>
                          <Plans>
                            <Plan>
                              <Node-Type>Seq Scan</Node-Type>
                              <Parent-Relationship>Outer</Parent-Relationship>
                              <Relation-Name>supplier</Relation-Name>
                              <Schema>public</Schema>
                              <Alias>supplier</Alias>
                              <Startup-Cost>0.00</Startup-Cost>
                              <Total-Cost>320.00</Total-Cost>
                              <Plan-Rows>10000</Plan-Rows>
                              <Plan-Width>8</Plan-Width>
                              <Actual-Startup-Time>0.002</Actual-Startup-Time>
                              <Actual-Total-Time>3.648</Actual-Total-Time>
                              <Actual-Rows>10000</Actual-Rows>
                              <Actual-Loops>1</Actual-Loops>
                              <Output>
                                <Item>supplier.s_suppkey</Item>
                                <Item>supplier.s_name</Item>
                                <Item>supplier.s_address</Item>
                                <Item>supplier.s_nationkey</Item>
                                <Item>supplier.s_phone</Item>
                                <Item>supplier.s_acctbal</Item>
                                <Item>supplier.s_comment</Item>
                              </Output>
                            </Plan>
                            <Plan>
                              <Node-Type>Hash</Node-Type>
                              <Parent-Relationship>Inner</Parent-Relationship>
                              <Startup-Cost>1.31</Startup-Cost>
                              <Total-Cost>1.31</Total-Cost>
                              <Plan-Rows>1</Plan-Rows>
                              <Plan-Width>4</Plan-Width>
                              <Actual-Startup-Time>0.010</Actual-Startup-Time>
                              <Actual-Total-Time>0.010</Actual-Total-Time>
                              <Actual-Rows>1</Actual-Rows>
                              <Actual-Loops>1</Actual-Loops>
                              <Output>
                                <Item>nation.n_nationkey</Item>
                              </Output>
                              <Hash-Buckets>1024</Hash-Buckets>
                              <Hash-Batches>1</Hash-Batches>
                              <Original-Hash-Batches>1</Original-Hash-Batches>
                              <Peak-Memory-Usage>1</Peak-Memory-Usage>
                              <Plans>
                                <Plan>
                                  <Node-Type>Seq Scan</Node-Type>
                                  <Parent-Relationship>Outer</Parent-Relationship>
                                  <Relation-Name>nation</Relation-Name>
                                  <Schema>public</Schema>
                                  <Alias>nation</Alias>
                                  <Startup-Cost>0.00</Startup-Cost>
                                  <Total-Cost>1.31</Total-Cost>
                                  <Plan-Rows>1</Plan-Rows>
                                  <Plan-Width>4</Plan-Width>
                                  <Actual-Startup-Time>0.007</Actual-Startup-Time>
                                  <Actual-Total-Time>0.009</Actual-Total-Time>
                                  <Actual-Rows>1</Actual-Rows>
                                  <Actual-Loops>1</Actual-Loops>
                                  <Output>
                                    <Item>nation.n_nationkey</Item>
                                  </Output>
                                  <Filter>(nation.n_name = 'GERMANY'::bpchar)</Filter>
                                  <Rows-Removed-by-Filter>24</Rows-Removed-by-Filter>
                                </Plan>
                              </Plans>
                            </Plan>
                          </Plans>
                        </Plan>
                      </Plans>
                    </Plan>
                  </Plans>
                </Plan>
              </Plans>
            </Plan>
          </Plans>
        </Plan>
      </Plans>
    </Plan>
    <Planning-Time>0.613</Planning-Time>
    <Triggers>
    </Triggers>
    <Execution-Time>1317.794</Execution-Time>
  </Query>
</explain>