<explain xmlns="http://www.postgresql.org/2009/explain">
  <Query>
    <Plan>
      <Node-Type>Sort</Node-Type>
      <Startup-Cost>263832.84</Startup-Cost>
      <Total-Cost>263833.34</Total-Cost>
      <Plan-Rows>200</Plan-Rows>
      <Plan-Width>8</Plan-Width>
      <Actual-Startup-Time>5018.050</Actual-Startup-Time>
      <Actual-Total-Time>5018.060</Actual-Total-Time>
      <Actual-Rows>42</Actual-Rows>
      <Actual-Loops>1</Actual-Loops>
      <Output>
        <Item>(count(orders.o_orderkey))</Item>
        <Item>(count(*))</Item>
      </Output>
      <Sort-Key>
        <Item>(count(*))</Item>
        <Item>(count(orders.o_orderkey))</Item>
      </Sort-Key>
      <Sort-Method>quicksort</Sort-Method>
      <Sort-Space-Used>18</Sort-Space-Used>
      <Sort-Space-Type>Memory</Sort-Space-Type>
      <Plans>
        <Plan>
          <Node-Type>Aggregate</Node-Type>
          <Strategy>Hashed</Strategy>
          <Parent-Relationship>Outer</Parent-Relationship>
          <Startup-Cost>263823.20</Startup-Cost>
          <Total-Cost>263825.20</Total-Cost>
          <Plan-Rows>200</Plan-Rows>
          <Plan-Width>8</Plan-Width>
          <Actual-Startup-Time>5018.013</Actual-Startup-Time>
          <Actual-Total-Time>5018.028</Actual-Total-Time>
          <Actual-Rows>42</Actual-Rows>
          <Actual-Loops>1</Actual-Loops>
          <Output>
            <Item>(count(orders.o_orderkey))</Item>
            <Item>count(*)</Item>
          </Output>
          <Group-Key>
            <Item>count(orders.o_orderkey)</Item>
          </Group-Key>
          <Plans>
            <Plan>
              <Node-Type>Aggregate</Node-Type>
              <Strategy>Sorted</Strategy>
              <Parent-Relationship>Outer</Parent-Relationship>
              <Startup-Cost>218828.05</Startup-Cost>
              <Total-Cost>261573.20</Total-Cost>
              <Plan-Rows>150000</Plan-Rows>
              <Plan-Width>8</Plan-Width>
              <Actual-Startup-Time>1839.973</Actual-Startup-Time>
              <Actual-Total-Time>4960.637</Actual-Total-Time>
              <Actual-Rows>150000</Actual-Rows>
              <Actual-Loops>1</Actual-Loops>
              <Output>
                <Item>customer.c_custkey</Item>
                <Item>count(orders.o_orderkey)</Item>
              </Output>
              <Group-Key>
                <Item>customer.c_custkey</Item>
              </Group-Key>
              <Plans>
                <Plan>
                  <Node-Type>Merge Join</Node-Type>
                  <Parent-Relationship>Outer</Parent-Relationship>
                  <Join-Type>Left</Join-Type>
                  <Startup-Cost>218828.05</Startup-Cost>
                  <Total-Cost>252573.95</Total-Cost>
                  <Plan-Rows>1499850</Plan-Rows>
                  <Plan-Width>8</Plan-Width>
                  <Actual-Startup-Time>1839.952</Actual-Startup-Time>
                  <Actual-Total-Time>4414.385</Actual-Total-Time>
                  <Actual-Rows>1533923</Actual-Rows>
                  <Actual-Loops>1</Actual-Loops>
                  <Output>
                    <Item>customer.c_custkey</Item>
                    <Item>orders.o_orderkey</Item>
                  </Output>
                  <Merge-Cond>(customer.c_custkey = orders.o_custkey)</Merge-Cond>
                  <Plans>
                    <Plan>
                      <Node-Type>Index Only Scan</Node-Type>
                      <Parent-Relationship>Outer</Parent-Relationship>
                      <Scan-Direction>Forward</Scan-Direction>
                      <Index-Name>customer_pkey</Index-Name>
                      <Relation-Name>customer</Relation-Name>
                      <Schema>public</Schema>
                      <Alias>customer</Alias>
                      <Startup-Cost>0.29</Startup-Cost>
                      <Total-Cost>7125.30</Total-Cost>
                      <Plan-Rows>150000</Plan-Rows>
                      <Plan-Width>4</Plan-Width>
                      <Actual-Startup-Time>0.378</Actual-Startup-Time>
                      <Actual-Total-Time>82.190</Actual-Total-Time>
                      <Actual-Rows>150000</Actual-Rows>
                      <Actual-Loops>1</Actual-Loops>
                      <Output>
                        <Item>customer.c_custkey</Item>
                      </Output>
                      <Heap-Fetches>150000</Heap-Fetches>
                    </Plan>
                    <Plan>
                      <Node-Type>Materialize</Node-Type>
                      <Parent-Relationship>Inner</Parent-Relationship>
                      <Startup-Cost>218827.01</Startup-Cost>
                      <Total-Cost>226326.26</Total-Cost>
                      <Plan-Rows>1499850</Plan-Rows>
                      <Plan-Width>8</Plan-Width>
                      <Actual-Startup-Time>1839.571</Actual-Startup-Time>
                      <Actual-Total-Time>3377.901</Actual-Total-Time>
                      <Actual-Rows>1483918</Actual-Rows>
                      <Actual-Loops>1</Actual-Loops>
                      <Output>
                        <Item>orders.o_orderkey</Item>
                        <Item>orders.o_custkey</Item>
                      </Output>
                      <Plans>
                        <Plan>
                          <Node-Type>Sort</Node-Type>
                          <Parent-Relationship>Outer</Parent-Relationship>
                          <Startup-Cost>218827.01</Startup-Cost>
                          <Total-Cost>222576.64</Total-Cost>
                          <Plan-Rows>1499850</Plan-Rows>
                          <Plan-Width>8</Plan-Width>
                          <Actual-Startup-Time>1839.569</Actual-Startup-Time>
                          <Actual-Total-Time>2544.564</Actual-Total-Time>
                          <Actual-Rows>1483918</Actual-Rows>
                          <Actual-Loops>1</Actual-Loops>
                          <Output>
                            <Item>orders.o_orderkey</Item>
                            <Item>orders.o_custkey</Item>
                          </Output>
                          <Sort-Key>
                            <Item>orders.o_custkey</Item>
                          </Sort-Key>
                          <Sort-Method>external merge</Sort-Method>
                          <Sort-Space-Used>26032</Sort-Space-Used>
                          <Sort-Space-Type>Disk</Sort-Space-Type>
                          <Plans>
                            <Plan>
                              <Node-Type>Seq Scan</Node-Type>
                              <Parent-Relationship>Outer</Parent-Relationship>
                              <Relation-Name>orders</Relation-Name>
                              <Schema>public</Schema>
                              <Alias>orders</Alias>
                              <Startup-Cost>0.00</Startup-Cost>
                              <Total-Cost>44463.00</Total-Cost>
                              <Plan-Rows>1499850</Plan-Rows>
                              <Plan-Width>8</Plan-Width>
                              <Actual-Startup-Time>0.230</Actual-Startup-Time>
                              <Actual-Total-Time>812.772</Actual-Total-Time>
                              <Actual-Rows>1483918</Actual-Rows>
                              <Actual-Loops>1</Actual-Loops>
                              <Output>
                                <Item>orders.o_orderkey</Item>
                                <Item>orders.o_custkey</Item>
                              </Output>
                              <Filter>((orders.o_comment)::text !~~ '%%special%%requests%%'::text)</Filter>
                              <Rows-Removed-by-Filter>16082</Rows-Removed-by-Filter>
                            </Plan>
                          </Plans>
                        </Plan>
                      </Plans>
                    </Plan>
                  </Plans>
                </Plan>
              </Plans>
            </Plan>
          </Plans>
        </Plan>
      </Plans>
    </Plan>
    <Planning-Time>1.244</Planning-Time>
    <Triggers>
    </Triggers>
    <Execution-Time>5023.323</Execution-Time>
  </Query>
</explain>