<explain xmlns="http://www.postgresql.org/2009/explain">
  <Query>
    <Plan>
      <Node-Type>Merge Join</Node-Type>
      <Join-Type>Inner</Join-Type>
      <Startup-Cost>408058.99</Startup-Cost>
      <Total-Cost>408558.68</Total-Cost>
      <Plan-Rows>361</Plan-Rows>
      <Plan-Width>103</Plan-Width>
      <Actual-Startup-Time>2979.249</Actual-Startup-Time>
      <Actual-Total-Time>2979.251</Actual-Total-Time>
      <Actual-Rows>1</Actual-Rows>
      <Actual-Loops>1</Actual-Loops>
      <Output>
        <Item>supplier.s_suppkey</Item>
        <Item>supplier.s_name</Item>
        <Item>supplier.s_address</Item>
        <Item>supplier.s_phone</Item>
        <Item>revenue.total_revenue</Item>
      </Output>
      <Merge-Cond>(supplier.s_suppkey = revenue.supplier_no)</Merge-Cond>
      <Plans>
        <Plan>
          <Node-Type>Aggregate</Node-Type>
          <Strategy>Plain</Strategy>
          <Parent-Relationship>InitPlan</Parent-Relationship>
          <Subplan-Name>InitPlan 1 (returns $0)</Subplan-Name>
          <Startup-Cost>203207.96</Startup-Cost>
          <Total-Cost>203207.97</Total-Cost>
          <Plan-Rows>1</Plan-Rows>
          <Plan-Width>32</Plan-Width>
          <Actual-Startup-Time>1401.843</Actual-Startup-Time>
          <Actual-Total-Time>1401.843</Actual-Total-Time>
          <Actual-Rows>1</Actual-Rows>
          <Actual-Loops>1</Actual-Loops>
          <Output>
            <Item>max((sum((lineitem_1.l_extendedprice * (1::numeric - lineitem_1.l_discount)))))</Item>
          </Output>
          <Plans>
            <Plan>
              <Node-Type>Aggregate</Node-Type>
              <Strategy>Hashed</Strategy>
              <Parent-Relationship>Outer</Parent-Relationship>
              <Startup-Cost>203198.93</Startup-Cost>
              <Total-Cost>203203.45</Total-Cost>
              <Plan-Rows>361</Plan-Rows>
              <Plan-Width>16</Plan-Width>
              <Actual-Startup-Time>1394.133</Actual-Startup-Time>
              <Actual-Total-Time>1398.769</Actual-Total-Time>
              <Actual-Rows>10000</Actual-Rows>
              <Actual-Loops>1</Actual-Loops>
              <Output>
                <Item>lineitem_1.l_suppkey</Item>
                <Item>sum((lineitem_1.l_extendedprice * (1::numeric - lineitem_1.l_discount)))</Item>
              </Output>
              <Group-Key>
                <Item>lineitem_1.l_suppkey</Item>
              </Group-Key>
              <Plans>
                <Plan>
                  <Node-Type>Seq Scan</Node-Type>
                  <Parent-Relationship>Outer</Parent-Relationship>
                  <Relation-Name>lineitem</Relation-Name>
                  <Schema>public</Schema>
                  <Alias>lineitem_1</Alias>
                  <Startup-Cost>0.00</Startup-Cost>
                  <Total-Cost>201030.23</Total-Cost>
                  <Plan-Rows>216871</Plan-Rows>
                  <Plan-Width>16</Plan-Width>
                  <Actual-Startup-Time>0.098</Actual-Startup-Time>
                  <Actual-Total-Time>1182.598</Actual-Total-Time>
                  <Actual-Rows>225954</Actual-Rows>
                  <Actual-Loops>1</Actual-Loops>
                  <Output>
                    <Item>lineitem_1.l_orderkey</Item>
                    <Item>lineitem_1.l_partkey</Item>
                    <Item>lineitem_1.l_suppkey</Item>
                    <Item>lineitem_1.l_linenumber</Item>
                    <Item>lineitem_1.l_quantity</Item>
                    <Item>lineitem_1.l_extendedprice</Item>
                    <Item>lineitem_1.l_discount</Item>
                    <Item>lineitem_1.l_tax</Item>
                    <Item>lineitem_1.l_returnflag</Item>
                    <Item>lineitem_1.l_linestatus</Item>
                    <Item>lineitem_1.l_shipdate</Item>
                    <Item>lineitem_1.l_commitdate</Item>
                    <Item>lineitem_1.l_receiptdate</Item>
                    <Item>lineitem_1.l_shipinstruct</Item>
                    <Item>lineitem_1.l_shipmode</Item>
                    <Item>lineitem_1.l_comment</Item>
                  </Output>
                  <Filter>((lineitem_1.l_shipdate &gt;= '1996-01-01'::date) AND (lineitem_1.l_shipdate &lt; '1996-04-01 00:00:00'::timestamp without time zone))</Filter>
                  <Rows-Removed-by-Filter>5775261</Rows-Removed-by-Filter>
                </Plan>
              </Plans>
            </Plan>
          </Plans>
        </Plan>
        <Plan>
          <Node-Type>Index Scan</Node-Type>
          <Parent-Relationship>Outer</Parent-Relationship>
          <Scan-Direction>Forward</Scan-Direction>
          <Index-Name>supplier_pkey</Index-Name>
          <Relation-Name>supplier</Relation-Name>
          <Schema>public</Schema>
          <Alias>supplier</Alias>
          <Startup-Cost>0.29</Startup-Cost>
          <Total-Cost>469.56</Total-Cost>
          <Plan-Rows>10000</Plan-Rows>
          <Plan-Width>71</Plan-Width>
          <Actual-Startup-Time>1.885</Actual-Startup-Time>
          <Actual-Total-Time>9.254</Actual-Total-Time>
          <Actual-Rows>8450</Actual-Rows>
          <Actual-Loops>1</Actual-Loops>
          <Output>
            <Item>supplier.s_suppkey</Item>
            <Item>supplier.s_name</Item>
            <Item>supplier.s_address</Item>
            <Item>supplier.s_nationkey</Item>
            <Item>supplier.s_phone</Item>
            <Item>supplier.s_acctbal</Item>
            <Item>supplier.s_comment</Item>
          </Output>
        </Plan>
        <Plan>
          <Node-Type>Sort</Node-Type>
          <Parent-Relationship>Inner</Parent-Relationship>
          <Startup-Cost>204850.73</Startup-Cost>
          <Total-Cost>204851.63</Total-Cost>
          <Plan-Rows>361</Plan-Rows>
          <Plan-Width>36</Plan-Width>
          <Actual-Startup-Time>2967.453</Actual-Startup-Time>
          <Actual-Total-Time>2967.454</Actual-Total-Time>
          <Actual-Rows>1</Actual-Rows>
          <Actual-Loops>1</Actual-Loops>
          <Output>
            <Item>revenue.total_revenue</Item>
            <Item>revenue.supplier_no</Item>
          </Output>
          <Sort-Key>
            <Item>revenue.supplier_no</Item>
          </Sort-Key>
          <Sort-Method>quicksort</Sort-Method>
          <Sort-Space-Used>17</Sort-Space-Used>
          <Sort-Space-Type>Memory</Sort-Space-Type>
          <Plans>
            <Plan>
              <Node-Type>Subquery Scan</Node-Type>
              <Parent-Relationship>Outer</Parent-Relationship>
              <Alias>revenue</Alias>
              <Startup-Cost>204825.47</Startup-Cost>
              <Total-Cost>204835.39</Total-Cost>
              <Plan-Rows>361</Plan-Rows>
              <Plan-Width>36</Plan-Width>
              <Actual-Startup-Time>2966.681</Actual-Startup-Time>
              <Actual-Total-Time>2967.442</Actual-Total-Time>
              <Actual-Rows>1</Actual-Rows>
              <Actual-Loops>1</Actual-Loops>
              <Output>
                <Item>revenue.total_revenue</Item>
                <Item>revenue.supplier_no</Item>
              </Output>
              <Plans>
                <Plan>
                  <Node-Type>Aggregate</Node-Type>
                  <Strategy>Hashed</Strategy>
                  <Parent-Relationship>Subquery</Parent-Relationship>
                  <Startup-Cost>204825.47</Startup-Cost>
                  <Total-Cost>204831.79</Total-Cost>
                  <Plan-Rows>361</Plan-Rows>
                  <Plan-Width>16</Plan-Width>
                  <Actual-Startup-Time>2966.680</Actual-Startup-Time>
                  <Actual-Total-Time>2967.440</Actual-Total-Time>
                  <Actual-Rows>1</Actual-Rows>
                  <Actual-Loops>1</Actual-Loops>
                  <Output>
                    <Item>lineitem.l_suppkey</Item>
                    <Item>sum((lineitem.l_extendedprice * (1::numeric - lineitem.l_discount)))</Item>
                  </Output>
                  <Group-Key>
                    <Item>lineitem.l_suppkey</Item>
                  </Group-Key>
                  <Filter>(sum((lineitem.l_extendedprice * (1::numeric - lineitem.l_discount))) = $0)</Filter>
                  <Rows-Removed-by-Filter>9999</Rows-Removed-by-Filter>
                  <Plans>
                    <Plan>
                      <Node-Type>Seq Scan</Node-Type>
                      <Parent-Relationship>Outer</Parent-Relationship>
                      <Relation-Name>lineitem</Relation-Name>
                      <Schema>public</Schema>
                      <Alias>lineitem</Alias>
                      <Startup-Cost>0.00</Startup-Cost>
                      <Total-Cost>201030.23</Total-Cost>
                      <Plan-Rows>216871</Plan-Rows>
                      <Plan-Width>16</Plan-Width>
                      <Actual-Startup-Time>0.021</Actual-Startup-Time>
                      <Actual-Total-Time>1348.239</Actual-Total-Time>
                      <Actual-Rows>225954</Actual-Rows>
                      <Actual-Loops>1</Actual-Loops>
                      <Output>
                        <Item>lineitem.l_orderkey</Item>
                        <Item>lineitem.l_partkey</Item>
                        <Item>lineitem.l_suppkey</Item>
                        <Item>lineitem.l_linenumber</Item>
                        <Item>lineitem.l_quantity</Item>
                        <Item>lineitem.l_extendedprice</Item>
                        <Item>lineitem.l_discount</Item>
                        <Item>lineitem.l_tax</Item>
                        <Item>lineitem.l_returnflag</Item>
                        <Item>lineitem.l_linestatus</Item>
                        <Item>lineitem.l_shipdate</Item>
                        <Item>lineitem.l_commitdate</Item>
                        <Item>lineitem.l_receiptdate</Item>
                        <Item>lineitem.l_shipinstruct</Item>
                        <Item>lineitem.l_shipmode</Item>
                        <Item>lineitem.l_comment</Item>
                      </Output>
                      <Filter>((lineitem.l_shipdate &gt;= '1996-01-01'::date) AND (lineitem.l_shipdate &lt; '1996-04-01 00:00:00'::timestamp without time zone))</Filter>
                      <Rows-Removed-by-Filter>5775261</Rows-Removed-by-Filter>
                    </Plan>
                  </Plans>
                </Plan>
              </Plans>
            </Plan>
          </Plans>
        </Plan>
      </Plans>
    </Plan>
    <Planning-Time>0.227</Planning-Time>
    <Triggers>
    </Triggers>
    <Execution-Time>2979.738</Execution-Time>
  </Query>
</explain>