<explain xmlns="http://www.postgresql.org/2009/explain">
  <Query>
    <Plan>
      <Node-Type>Aggregate</Node-Type>
      <Strategy>Plain</Strategy>
      <Startup-Cost>801171.50</Startup-Cost>
      <Total-Cost>801171.51</Total-Cost>
      <Plan-Rows>1</Plan-Rows>
      <Plan-Width>8</Plan-Width>
      <Actual-Startup-Time>331.478</Actual-Startup-Time>
      <Actual-Total-Time>331.478</Actual-Total-Time>
      <Actual-Rows>1</Actual-Rows>
      <Actual-Loops>1</Actual-Loops>
      <Output>
        <Item>(sum(lineitem.l_extendedprice) / 7.0)</Item>
      </Output>
      <Plans>
        <Plan>
          <Node-Type>Nested Loop</Node-Type>
          <Parent-Relationship>Outer</Parent-Relationship>
          <Join-Type>Inner</Join-Type>
          <Startup-Cost>0.43</Startup-Cost>
          <Total-Cost>801166.92</Total-Cost>
          <Plan-Rows>1830</Plan-Rows>
          <Plan-Width>8</Plan-Width>
          <Actual-Startup-Time>2.469</Actual-Startup-Time>
          <Actual-Total-Time>331.185</Actual-Total-Time>
          <Actual-Rows>587</Actual-Rows>
          <Actual-Loops>1</Actual-Loops>
          <Output>
            <Item>lineitem.l_extendedprice</Item>
          </Output>
          <Plans>
            <Plan>
              <Node-Type>Seq Scan</Node-Type>
              <Parent-Relationship>Outer</Parent-Relationship>
              <Relation-Name>part</Relation-Name>
              <Schema>public</Schema>
              <Alias>part</Alias>
              <Startup-Cost>0.00</Startup-Cost>
              <Total-Cost>7053.00</Total-Cost>
              <Plan-Rows>183</Plan-Rows>
              <Plan-Width>4</Plan-Width>
              <Actual-Startup-Time>0.322</Actual-Startup-Time>
              <Actual-Total-Time>24.996</Actual-Total-Time>
              <Actual-Rows>204</Actual-Rows>
              <Actual-Loops>1</Actual-Loops>
              <Output>
                <Item>part.p_partkey</Item>
                <Item>part.p_name</Item>
                <Item>part.p_mfgr</Item>
                <Item>part.p_brand</Item>
                <Item>part.p_type</Item>
                <Item>part.p_size</Item>
                <Item>part.p_container</Item>
                <Item>part.p_retailprice</Item>
                <Item>part.p_comment</Item>
              </Output>
              <Filter>((part.p_brand = 'Brand#23'::bpchar) AND (part.p_container = 'MED BOX'::bpchar))</Filter>
              <Rows-Removed-by-Filter>199796</Rows-Removed-by-Filter>
            </Plan>
            <Plan>
              <Node-Type>Index Scan</Node-Type>
              <Parent-Relationship>Inner</Parent-Relationship>
              <Scan-Direction>Forward</Scan-Direction>
              <Index-Name>l_partkey_idx</Index-Name>
              <Relation-Name>lineitem</Relation-Name>
              <Schema>public</Schema>
              <Alias>lineitem</Alias>
              <Startup-Cost>0.43</Startup-Cost>
              <Total-Cost>4339.31</Total-Cost>
              <Plan-Rows>11</Plan-Rows>
              <Plan-Width>17</Plan-Width>
              <Actual-Startup-Time>0.733</Actual-Startup-Time>
              <Actual-Total-Time>1.498</Actual-Total-Time>
              <Actual-Rows>3</Actual-Rows>
              <Actual-Loops>204</Actual-Loops>
              <Output>
                <Item>lineitem.l_orderkey</Item>
                <Item>lineitem.l_partkey</Item>
                <Item>lineitem.l_suppkey</Item>
                <Item>lineitem.l_linenumber</Item>
                <Item>lineitem.l_quantity</Item>
                <Item>lineitem.l_extendedprice</Item>
                <Item>lineitem.l_discount</Item>
                <Item>lineitem.l_tax</Item>
                <Item>lineitem.l_returnflag</Item>
                <Item>lineitem.l_linestatus</Item>
                <Item>lineitem.l_shipdate</Item>
                <Item>lineitem.l_commitdate</Item>
                <Item>lineitem.l_receiptdate</Item>
                <Item>lineitem.l_shipinstruct</Item>
                <Item>lineitem.l_shipmode</Item>
                <Item>lineitem.l_comment</Item>
              </Output>
              <Index-Cond>(lineitem.l_partkey = part.p_partkey)</Index-Cond>
              <Rows-Removed-by-Index-Recheck>0</Rows-Removed-by-Index-Recheck>
              <Filter>(lineitem.l_quantity &lt; (SubPlan 1))</Filter>
              <Rows-Removed-by-Filter>27</Rows-Removed-by-Filter>
              <Plans>
                <Plan>
                  <Node-Type>Aggregate</Node-Type>
                  <Strategy>Plain</Strategy>
                  <Parent-Relationship>SubPlan</Parent-Relationship>
                  <Subplan-Name>SubPlan 1</Subplan-Name>
                  <Startup-Cost>131.53</Startup-Cost>
                  <Total-Cost>131.55</Total-Cost>
                  <Plan-Rows>1</Plan-Rows>
                  <Plan-Width>5</Plan-Width>
                  <Actual-Startup-Time>0.041</Actual-Startup-Time>
                  <Actual-Total-Time>0.041</Actual-Total-Time>
                  <Actual-Rows>1</Actual-Rows>
                  <Actual-Loops>6088</Actual-Loops>
                  <Output>
                    <Item>(0.2 * avg(lineitem_1.l_quantity))</Item>
                  </Output>
                  <Plans>
                    <Plan>
                      <Node-Type>Bitmap Heap Scan</Node-Type>
                      <Parent-Relationship>Outer</Parent-Relationship>
                      <Relation-Name>lineitem</Relation-Name>
                      <Schema>public</Schema>
                      <Alias>lineitem_1</Alias>
                      <Startup-Cost>4.68</Startup-Cost>
                      <Total-Cost>131.45</Total-Cost>
                      <Plan-Rows>32</Plan-Rows>
                      <Plan-Width>5</Plan-Width>
                      <Actual-Startup-Time>0.006</Actual-Startup-Time>
                      <Actual-Total-Time>0.027</Actual-Total-Time>
                      <Actual-Rows>31</Actual-Rows>
                      <Actual-Loops>6088</Actual-Loops>
                      <Output>
                        <Item>lineitem_1.l_orderkey</Item>
                        <Item>lineitem_1.l_partkey</Item>
                        <Item>lineitem_1.l_suppkey</Item>
                        <Item>lineitem_1.l_linenumber</Item>
                        <Item>lineitem_1.l_quantity</Item>
                        <Item>lineitem_1.l_extendedprice</Item>
                        <Item>lineitem_1.l_discount</Item>
                        <Item>lineitem_1.l_tax</Item>
                        <Item>lineitem_1.l_returnflag</Item>
                        <Item>lineitem_1.l_linestatus</Item>
                        <Item>lineitem_1.l_shipdate</Item>
                        <Item>lineitem_1.l_commitdate</Item>
                        <Item>lineitem_1.l_receiptdate</Item>
                        <Item>lineitem_1.l_shipinstruct</Item>
                        <Item>lineitem_1.l_shipmode</Item>
                        <Item>lineitem_1.l_comment</Item>
                      </Output>
                      <Recheck-Cond>(lineitem_1.l_partkey = part.p_partkey)</Recheck-Cond>
                      <Rows-Removed-by-Index-Recheck>0</Rows-Removed-by-Index-Recheck>
                      <Exact-Heap-Blocks>186975</Exact-Heap-Blocks>
                      <Lossy-Heap-Blocks>0</Lossy-Heap-Blocks>
                      <Plans>
                        <Plan>
                          <Node-Type>Bitmap Index Scan</Node-Type>
                          <Parent-Relationship>Outer</Parent-Relationship>
                          <Index-Name>l_partkey_idx</Index-Name>
                          <Startup-Cost>0.00</Startup-Cost>
                          <Total-Cost>4.67</Total-Cost>
                          <Plan-Rows>32</Plan-Rows>
                          <Plan-Width>0</Plan-Width>
                          <Actual-Startup-Time>0.004</Actual-Startup-Time>
                          <Actual-Total-Time>0.004</Actual-Total-Time>
                          <Actual-Rows>31</Actual-Rows>
                          <Actual-Loops>6088</Actual-Loops>
                          <Index-Cond>(lineitem_1.l_partkey = part.p_partkey)</Index-Cond>
                        </Plan>
                      </Plans>
                    </Plan>
                  </Plans>
                </Plan>
              </Plans>
            </Plan>
          </Plans>
        </Plan>
      </Plans>
    </Plan>
    <Planning-Time>0.176</Planning-Time>
    <Triggers>
    </Triggers>
    <Execution-Time>331.511</Execution-Time>
  </Query>
</explain>