<explain xmlns="http://www.postgresql.org/2009/explain">
  <Query>
    <Plan>
      <Node-Type>Aggregate</Node-Type>
      <Strategy>Plain</Strategy>
      <Startup-Cost>74982.45</Startup-Cost>
      <Total-Cost>74982.46</Total-Cost>
      <Plan-Rows>1</Plan-Rows>
      <Plan-Width>12</Plan-Width>
      <Actual-Startup-Time>336.909</Actual-Startup-Time>
      <Actual-Total-Time>336.910</Actual-Total-Time>
      <Actual-Rows>1</Actual-Rows>
      <Actual-Loops>1</Actual-Loops>
      <Output>
        <Item>sum((lineitem.l_extendedprice * (1::numeric - lineitem.l_discount)))</Item>
      </Output>
      <Plans>
        <Plan>
          <Node-Type>Nested Loop</Node-Type>
          <Parent-Relationship>Outer</Parent-Relationship>
          <Join-Type>Inner</Join-Type>
          <Startup-Cost>4.60</Startup-Cost>
          <Total-Cost>74981.57</Total-Cost>
          <Plan-Rows>117</Plan-Rows>
          <Plan-Width>12</Plan-Width>
          <Actual-Startup-Time>1.509</Actual-Startup-Time>
          <Actual-Total-Time>336.671</Actual-Total-Time>
          <Actual-Rows>121</Actual-Rows>
          <Actual-Loops>1</Actual-Loops>
          <Output>
            <Item>lineitem.l_extendedprice</Item>
            <Item>lineitem.l_discount</Item>
          </Output>
          <Plans>
            <Plan>
              <Node-Type>Seq Scan</Node-Type>
              <Parent-Relationship>Outer</Parent-Relationship>
              <Relation-Name>part</Relation-Name>
              <Schema>public</Schema>
              <Alias>part</Alias>
              <Startup-Cost>0.00</Startup-Cost>
              <Total-Cost>12553.00</Total-Cost>
              <Plan-Rows>497</Plan-Rows>
              <Plan-Width>30</Plan-Width>
              <Actual-Startup-Time>0.075</Actual-Startup-Time>
              <Actual-Total-Time>98.581</Actual-Total-Time>
              <Actual-Rows>485</Actual-Rows>
              <Actual-Loops>1</Actual-Loops>
              <Output>
                <Item>part.p_partkey</Item>
                <Item>part.p_name</Item>
                <Item>part.p_mfgr</Item>
                <Item>part.p_brand</Item>
                <Item>part.p_type</Item>
                <Item>part.p_size</Item>
                <Item>part.p_container</Item>
                <Item>part.p_retailprice</Item>
                <Item>part.p_comment</Item>
              </Output>
              <Filter>((part.p_size &gt;= 1) AND (((part.p_brand = 'Brand#12'::bpchar) AND (part.p_container = ANY ('{"SM CASE","SM BOX","SM PACK","SM PKG"}'::bpchar[])) AND (part.p_size &lt;= 5)) OR ((part.p_brand = 'Brand#23'::bpchar) AND (part.p_container = ANY ('{"MED BAG","MED BOX","MED PKG","MED PACK"}'::bpchar[])) AND (part.p_size &lt;= 10)) OR ((part.p_brand = 'Brand#34'::bpchar) AND (part.p_container = ANY ('{"LG CASE","LG BOX","LG PACK","LG PKG"}'::bpchar[])) AND (part.p_size &lt;= 15))))</Filter>
              <Rows-Removed-by-Filter>199515</Rows-Removed-by-Filter>
            </Plan>
            <Plan>
              <Node-Type>Bitmap Heap Scan</Node-Type>
              <Parent-Relationship>Inner</Parent-Relationship>
              <Relation-Name>lineitem</Relation-Name>
              <Schema>public</Schema>
              <Alias>lineitem</Alias>
              <Startup-Cost>4.60</Startup-Cost>
              <Total-Cost>125.60</Total-Cost>
              <Plan-Rows>1</Plan-Rows>
              <Plan-Width>21</Plan-Width>
              <Actual-Startup-Time>0.468</Actual-Startup-Time>
              <Actual-Total-Time>0.488</Actual-Total-Time>
              <Actual-Rows>0</Actual-Rows>
              <Actual-Loops>485</Actual-Loops>
              <Output>
                <Item>lineitem.l_orderkey</Item>
                <Item>lineitem.l_partkey</Item>
                <Item>lineitem.l_suppkey</Item>
                <Item>lineitem.l_linenumber</Item>
                <Item>lineitem.l_quantity</Item>
                <Item>lineitem.l_extendedprice</Item>
                <Item>lineitem.l_discount</Item>
                <Item>lineitem.l_tax</Item>
                <Item>lineitem.l_returnflag</Item>
                <Item>lineitem.l_linestatus</Item>
                <Item>lineitem.l_shipdate</Item>
                <Item>lineitem.l_commitdate</Item>
                <Item>lineitem.l_receiptdate</Item>
                <Item>lineitem.l_shipinstruct</Item>
                <Item>lineitem.l_shipmode</Item>
                <Item>lineitem.l_comment</Item>
              </Output>
              <Recheck-Cond>(lineitem.l_partkey = part.p_partkey)</Recheck-Cond>
              <Rows-Removed-by-Index-Recheck>0</Rows-Removed-by-Index-Recheck>
              <Filter>((lineitem.l_shipmode = ANY ('{AIR,"AIR REG"}'::bpchar[])) AND (lineitem.l_shipinstruct = 'DELIVER IN PERSON'::bpchar) AND (((lineitem.l_quantity &gt;= 1::numeric) AND (lineitem.l_quantity &lt;= 11::numeric)) OR ((lineitem.l_quantity &gt;= 10::numeric) AND (lineitem.l_quantity &lt;= 20::numeric)) OR ((lineitem.l_quantity &gt;= 20::numeric) AND (lineitem.l_quantity &lt;= 30::numeric))) AND (((part.p_brand = 'Brand#12'::bpchar) AND (part.p_container = ANY ('{"SM CASE","SM BOX","SM PACK","SM PKG"}'::bpchar[])) AND (lineitem.l_quantity &gt;= 1::numeric) AND (lineitem.l_quantity &lt;= 11::numeric) AND (part.p_size &lt;= 5)) OR ((part.p_brand = 'Brand#23'::bpchar) AND (part.p_container = ANY ('{"MED BAG","MED BOX","MED PKG","MED PACK"}'::bpchar[])) AND (lineitem.l_quantity &gt;= 10::numeric) AND (lineitem.l_quantity &lt;= 20::numeric) AND (part.p_size &lt;= 10)) OR ((part.p_brand = 'Brand#34'::bpchar) AND (part.p_container = ANY ('{"LG CASE","LG BOX","LG PACK","LG PKG"}'::bpchar[])) AND (lineitem.l_quantity &gt;= 20::numeric) AND (lineitem.l_quantity &lt;= 30::numeric) AND (part.p_size &lt;= 15))))</Filter>
              <Rows-Removed-by-Filter>29</Rows-Removed-by-Filter>
              <Exact-Heap-Blocks>14298</Exact-Heap-Blocks>
              <Lossy-Heap-Blocks>0</Lossy-Heap-Blocks>
              <Plans>
                <Plan>
                  <Node-Type>Bitmap Index Scan</Node-Type>
                  <Parent-Relationship>Outer</Parent-Relationship>
                  <Index-Name>l_partkey_idx</Index-Name>
                  <Startup-Cost>0.00</Startup-Cost>
                  <Total-Cost>4.60</Total-Cost>
                  <Plan-Rows>32</Plan-Rows>
                  <Plan-Width>0</Plan-Width>
                  <Actual-Startup-Time>0.293</Actual-Startup-Time>
                  <Actual-Total-Time>0.293</Actual-Total-Time>
                  <Actual-Rows>29</Actual-Rows>
                  <Actual-Loops>485</Actual-Loops>
                  <Index-Cond>(lineitem.l_partkey = part.p_partkey)</Index-Cond>
                </Plan>
              </Plans>
            </Plan>
          </Plans>
        </Plan>
      </Plans>
    </Plan>
    <Planning-Time>2.741</Planning-Time>
    <Triggers>
    </Triggers>
    <Execution-Time>336.956</Execution-Time>
  </Query>
</explain>