<explain xmlns="http://www.postgresql.org/2009/explain">
  <Query>
    <Plan>
      <Node-Type>Limit</Node-Type>
      <Startup-Cost>51719.86</Startup-Cost>
      <Total-Cost>51719.86</Total-Cost>
      <Plan-Rows>1</Plan-Rows>
      <Plan-Width>270</Plan-Width>
      <Actual-Startup-Time>1396.791</Actual-Startup-Time>
      <Actual-Total-Time>1396.866</Actual-Total-Time>
      <Actual-Rows>100</Actual-Rows>
      <Actual-Loops>1</Actual-Loops>
      <Output>
        <Item>supplier.s_acctbal</Item>
        <Item>supplier.s_name</Item>
        <Item>nation.n_name</Item>
        <Item>part.p_partkey</Item>
        <Item>part.p_mfgr</Item>
        <Item>supplier.s_address</Item>
        <Item>supplier.s_phone</Item>
        <Item>supplier.s_comment</Item>
      </Output>
      <Plans>
        <Plan>
          <Node-Type>Sort</Node-Type>
          <Parent-Relationship>Outer</Parent-Relationship>
          <Startup-Cost>51719.86</Startup-Cost>
          <Total-Cost>51719.86</Total-Cost>
          <Plan-Rows>1</Plan-Rows>
          <Plan-Width>270</Plan-Width>
          <Actual-Startup-Time>1396.790</Actual-Startup-Time>
          <Actual-Total-Time>1396.819</Actual-Total-Time>
          <Actual-Rows>100</Actual-Rows>
          <Actual-Loops>1</Actual-Loops>
          <Output>
            <Item>supplier.s_acctbal</Item>
            <Item>supplier.s_name</Item>
            <Item>nation.n_name</Item>
            <Item>part.p_partkey</Item>
            <Item>part.p_mfgr</Item>
            <Item>supplier.s_address</Item>
            <Item>supplier.s_phone</Item>
            <Item>supplier.s_comment</Item>
          </Output>
          <Sort-Key>
            <Item>supplier.s_acctbal</Item>
            <Item>nation.n_name</Item>
            <Item>supplier.s_name</Item>
            <Item>part.p_partkey</Item>
          </Sort-Key>
          <Sort-Method>top-N heapsort</Sort-Method>
          <Sort-Space-Used>43</Sort-Space-Used>
          <Sort-Space-Type>Memory</Sort-Space-Type>
          <Plans>
            <Plan>
              <Node-Type>Merge Join</Node-Type>
              <Parent-Relationship>Outer</Parent-Relationship>
              <Join-Type>Inner</Join-Type>
              <Startup-Cost>35118.39</Startup-Cost>
              <Total-Cost>51719.85</Total-Cost>
              <Plan-Rows>1</Plan-Rows>
              <Plan-Width>270</Plan-Width>
              <Actual-Startup-Time>1005.957</Actual-Startup-Time>
              <Actual-Total-Time>1395.916</Actual-Total-Time>
              <Actual-Rows>460</Actual-Rows>
              <Actual-Loops>1</Actual-Loops>
              <Output>
                <Item>supplier.s_acctbal</Item>
                <Item>supplier.s_name</Item>
                <Item>nation.n_name</Item>
                <Item>part.p_partkey</Item>
                <Item>part.p_mfgr</Item>
                <Item>supplier.s_address</Item>
                <Item>supplier.s_phone</Item>
                <Item>supplier.s_comment</Item>
              </Output>
              <Merge-Cond>(part.p_partkey = partsupp.ps_partkey)</Merge-Cond>
              <Join-Filter>(partsupp.ps_supplycost = (SubPlan 1))</Join-Filter>
              <Rows-Removed-by-Join-Filter>182</Rows-Removed-by-Join-Filter>
              <Plans>
                <Plan>
                  <Node-Type>Index Scan</Node-Type>
                  <Parent-Relationship>Outer</Parent-Relationship>
                  <Scan-Direction>Forward</Scan-Direction>
                  <Index-Name>part_pkey</Index-Name>
                  <Relation-Name>part</Relation-Name>
                  <Schema>public</Schema>
                  <Alias>part</Alias>
                  <Startup-Cost>0.42</Startup-Cost>
                  <Total-Cost>9824.42</Total-Cost>
                  <Plan-Rows>935</Plan-Rows>
                  <Plan-Width>30</Plan-Width>
                  <Actual-Startup-Time>0.095</Actual-Startup-Time>
                  <Actual-Total-Time>71.988</Actual-Total-Time>
                  <Actual-Rows>747</Actual-Rows>
                  <Actual-Loops>1</Actual-Loops>
                  <Output>
                    <Item>part.p_partkey</Item>
                    <Item>part.p_name</Item>
                    <Item>part.p_mfgr</Item>
                    <Item>part.p_brand</Item>
                    <Item>part.p_type</Item>
                    <Item>part.p_size</Item>
                    <Item>part.p_container</Item>
                    <Item>part.p_retailprice</Item>
                    <Item>part.p_comment</Item>
                  </Output>
                  <Filter>(((part.p_type)::text ~~ '%%BRASS'::text) AND (part.p_size = 15))</Filter>
                  <Rows-Removed-by-Filter>199253</Rows-Removed-by-Filter>
                </Plan>
                <Plan>
                  <Node-Type>Materialize</Node-Type>
                  <Parent-Relationship>Inner</Parent-Relationship>
                  <Startup-Cost>35117.97</Startup-Cost>
                  <Total-Cost>35277.97</Total-Cost>
                  <Plan-Rows>32000</Plan-Rows>
                  <Plan-Width>250</Plan-Width>
                  <Actual-Startup-Time>1003.960</Actual-Startup-Time>
                  <Actual-Total-Time>1171.151</Actual-Total-Time>
                  <Actual-Rows>158755</Actual-Rows>
                  <Actual-Loops>1</Actual-Loops>
                  <Output>
                    <Item>supplier.s_acctbal</Item>
                    <Item>supplier.s_name</Item>
                    <Item>supplier.s_address</Item>
                    <Item>supplier.s_phone</Item>
                    <Item>supplier.s_comment</Item>
                    <Item>partsupp.ps_partkey</Item>
                    <Item>partsupp.ps_supplycost</Item>
                    <Item>nation.n_name</Item>
                  </Output>
                  <Plans>
                    <Plan>
                      <Node-Type>Sort</Node-Type>
                      <Parent-Relationship>Outer</Parent-Relationship>
                      <Startup-Cost>35117.97</Startup-Cost>
                      <Total-Cost>35197.97</Total-Cost>
                      <Plan-Rows>32000</Plan-Rows>
                      <Plan-Width>250</Plan-Width>
                      <Actual-Startup-Time>1003.956</Actual-Startup-Time>
                      <Actual-Total-Time>1078.378</Actual-Total-Time>
                      <Actual-Rows>158755</Actual-Rows>
                      <Actual-Loops>1</Actual-Loops>
                      <Output>
                        <Item>supplier.s_acctbal</Item>
                        <Item>supplier.s_name</Item>
                        <Item>supplier.s_address</Item>
                        <Item>supplier.s_phone</Item>
                        <Item>supplier.s_comment</Item>
                        <Item>partsupp.ps_partkey</Item>
                        <Item>partsupp.ps_supplycost</Item>
                        <Item>nation.n_name</Item>
                      </Output>
                      <Sort-Key>
                        <Item>partsupp.ps_partkey</Item>
                      </Sort-Key>
                      <Sort-Method>external sort</Sort-Method>
                      <Sort-Space-Used>29056</Sort-Space-Used>
                      <Sort-Space-Type>Disk</Sort-Space-Type>
                      <Plans>
                        <Plan>
                          <Node-Type>Hash Join</Node-Type>
                          <Parent-Relationship>Outer</Parent-Relationship>
                          <Join-Type>Inner</Join-Type>
                          <Startup-Cost>368.94</Startup-Cost>
                          <Total-Cost>28946.94</Total-Cost>
                          <Plan-Rows>32000</Plan-Rows>
                          <Plan-Width>250</Plan-Width>
                          <Actual-Startup-Time>12.530</Actual-Startup-Time>
                          <Actual-Total-Time>824.873</Actual-Total-Time>
                          <Actual-Rows>158960</Actual-Rows>
                          <Actual-Loops>1</Actual-Loops>
                          <Output>
                            <Item>supplier.s_acctbal</Item>
                            <Item>supplier.s_name</Item>
                            <Item>supplier.s_address</Item>
                            <Item>supplier.s_phone</Item>
                            <Item>supplier.s_comment</Item>
                            <Item>partsupp.ps_partkey</Item>
                            <Item>partsupp.ps_supplycost</Item>
                            <Item>nation.n_name</Item>
                          </Output>
                          <Hash-Cond>(partsupp.ps_suppkey = supplier.s_suppkey)</Hash-Cond>
                          <Plans>
                            <Plan>
                              <Node-Type>Seq Scan</Node-Type>
                              <Parent-Relationship>Outer</Parent-Relationship>
                              <Relation-Name>partsupp</Relation-Name>
                              <Schema>public</Schema>
                              <Alias>partsupp</Alias>
                              <Startup-Cost>0.00</Startup-Cost>
                              <Total-Cost>25258.00</Total-Cost>
                              <Plan-Rows>800000</Plan-Rows>
                              <Plan-Width>14</Plan-Width>
                              <Actual-Startup-Time>0.003</Actual-Startup-Time>
                              <Actual-Total-Time>447.485</Actual-Total-Time>
                              <Actual-Rows>800000</Actual-Rows>
                              <Actual-Loops>1</Actual-Loops>
                              <Output>
                                <Item>partsupp.ps_partkey</Item>
                                <Item>partsupp.ps_suppkey</Item>
                                <Item>partsupp.ps_availqty</Item>
                                <Item>partsupp.ps_supplycost</Item>
                                <Item>partsupp.ps_comment</Item>
                              </Output>
                            </Plan>
                            <Plan>
                              <Node-Type>Hash</Node-Type>
                              <Parent-Relationship>Inner</Parent-Relationship>
                              <Startup-Cost>363.94</Startup-Cost>
                              <Total-Cost>363.94</Total-Cost>
                              <Plan-Rows>400</Plan-Rows>
                              <Plan-Width>244</Plan-Width>
                              <Actual-Startup-Time>12.514</Actual-Startup-Time>
                              <Actual-Total-Time>12.514</Actual-Total-Time>
                              <Actual-Rows>1987</Actual-Rows>
                              <Actual-Loops>1</Actual-Loops>
                              <Output>
                                <Item>supplier.s_acctbal</Item>
                                <Item>supplier.s_name</Item>
                                <Item>supplier.s_address</Item>
                                <Item>supplier.s_phone</Item>
                                <Item>supplier.s_comment</Item>
                                <Item>supplier.s_suppkey</Item>
                                <Item>nation.n_name</Item>
                              </Output>
                              <Hash-Buckets>1024</Hash-Buckets>
                              <Hash-Batches>1</Hash-Batches>
                              <Original-Hash-Batches>1</Original-Hash-Batches>
                              <Peak-Memory-Usage>369</Peak-Memory-Usage>
                              <Plans>
                                <Plan>
                                  <Node-Type>Hash Join</Node-Type>
                                  <Parent-Relationship>Outer</Parent-Relationship>
                                  <Join-Type>Inner</Join-Type>
                                  <Startup-Cost>2.44</Startup-Cost>
                                  <Total-Cost>363.94</Total-Cost>
                                  <Plan-Rows>400</Plan-Rows>
                                  <Plan-Width>244</Plan-Width>
                                  <Actual-Startup-Time>0.249</Actual-Startup-Time>
                                  <Actual-Total-Time>10.827</Actual-Total-Time>
                                  <Actual-Rows>1987</Actual-Rows>
                                  <Actual-Loops>1</Actual-Loops>
                                  <Output>
                                    <Item>supplier.s_acctbal</Item>
                                    <Item>supplier.s_name</Item>
                                    <Item>supplier.s_address</Item>
                                    <Item>supplier.s_phone</Item>
                                    <Item>supplier.s_comment</Item>
                                    <Item>supplier.s_suppkey</Item>
                                    <Item>nation.n_name</Item>
                                  </Output>
                                  <Hash-Cond>(supplier.s_nationkey = nation.n_nationkey)</Hash-Cond>
                                  <Plans>
                                    <Plan>
                                      <Node-Type>Seq Scan</Node-Type>
                                      <Parent-Relationship>Outer</Parent-Relationship>
                                      <Relation-Name>supplier</Relation-Name>
                                      <Schema>public</Schema>
                                      <Alias>supplier</Alias>
                                      <Startup-Cost>0.00</Startup-Cost>
                                      <Total-Cost>320.00</Total-Cost>
                                      <Plan-Rows>10000</Plan-Rows>
                                      <Plan-Width>144</Plan-Width>
                                      <Actual-Startup-Time>0.002</Actual-Startup-Time>
                                      <Actual-Total-Time>6.461</Actual-Total-Time>
                                      <Actual-Rows>10000</Actual-Rows>
                                      <Actual-Loops>1</Actual-Loops>
                                      <Output>
                                        <Item>supplier.s_suppkey</Item>
                                        <Item>supplier.s_name</Item>
                                        <Item>supplier.s_address</Item>
                                        <Item>supplier.s_nationkey</Item>
                                        <Item>supplier.s_phone</Item>
                                        <Item>supplier.s_acctbal</Item>
                                        <Item>supplier.s_comment</Item>
                                      </Output>
                                    </Plan>
                                    <Plan>
                                      <Node-Type>Hash</Node-Type>
                                      <Parent-Relationship>Inner</Parent-Relationship>
                                      <Startup-Cost>2.43</Startup-Cost>
                                      <Total-Cost>2.43</Total-Cost>
                                      <Plan-Rows>1</Plan-Rows>
                                      <Plan-Width>108</Plan-Width>
                                      <Actual-Startup-Time>0.241</Actual-Startup-Time>
                                      <Actual-Total-Time>0.241</Actual-Total-Time>
                                      <Actual-Rows>5</Actual-Rows>
                                      <Actual-Loops>1</Actual-Loops>
                                      <Output>
                                        <Item>nation.n_name</Item>
                                        <Item>nation.n_nationkey</Item>
                                      </Output>
                                      <Hash-Buckets>1024</Hash-Buckets>
                                      <Hash-Batches>1</Hash-Batches>
                                      <Original-Hash-Batches>1</Original-Hash-Batches>
                                      <Peak-Memory-Usage>1</Peak-Memory-Usage>
                                      <Plans>
                                        <Plan>
                                          <Node-Type>Hash Join</Node-Type>
                                          <Parent-Relationship>Outer</Parent-Relationship>
                                          <Join-Type>Inner</Join-Type>
                                          <Startup-Cost>1.07</Startup-Cost>
                                          <Total-Cost>2.43</Total-Cost>
                                          <Plan-Rows>1</Plan-Rows>
                                          <Plan-Width>108</Plan-Width>
                                          <Actual-Startup-Time>0.225</Actual-Startup-Time>
                                          <Actual-Total-Time>0.238</Actual-Total-Time>
                                          <Actual-Rows>5</Actual-Rows>
                                          <Actual-Loops>1</Actual-Loops>
                                          <Output>
                                            <Item>nation.n_name</Item>
                                            <Item>nation.n_nationkey</Item>
                                          </Output>
                                          <Hash-Cond>(nation.n_regionkey = region.r_regionkey)</Hash-Cond>
                                          <Plans>
                                            <Plan>
                                              <Node-Type>Seq Scan</Node-Type>
                                              <Parent-Relationship>Outer</Parent-Relationship>
                                              <Relation-Name>nation</Relation-Name>
                                              <Schema>public</Schema>
                                              <Alias>nation</Alias>
                                              <Startup-Cost>0.00</Startup-Cost>
                                              <Total-Cost>1.25</Total-Cost>
                                              <Plan-Rows>25</Plan-Rows>
                                              <Plan-Width>112</Plan-Width>
                                              <Actual-Startup-Time>0.010</Actual-Startup-Time>
                                              <Actual-Total-Time>0.017</Actual-Total-Time>
                                              <Actual-Rows>25</Actual-Rows>
                                              <Actual-Loops>1</Actual-Loops>
                                              <Output>
                                                <Item>nation.n_nationkey</Item>
                                                <Item>nation.n_name</Item>
                                                <Item>nation.n_regionkey</Item>
                                                <Item>nation.n_comment</Item>
                                              </Output>
                                            </Plan>
                                            <Plan>
                                              <Node-Type>Hash</Node-Type>
                                              <Parent-Relationship>Inner</Parent-Relationship>
                                              <Startup-Cost>1.06</Startup-Cost>
                                              <Total-Cost>1.06</Total-Cost>
                                              <Plan-Rows>1</Plan-Rows>
                                              <Plan-Width>4</Plan-Width>
                                              <Actual-Startup-Time>0.204</Actual-Startup-Time>
                                              <Actual-Total-Time>0.204</Actual-Total-Time>
                                              <Actual-Rows>1</Actual-Rows>
                                              <Actual-Loops>1</Actual-Loops>
                                              <Output>
                                                <Item>region.r_regionkey</Item>
                                              </Output>
                                              <Hash-Buckets>1024</Hash-Buckets>
                                              <Hash-Batches>1</Hash-Batches>
                                              <Original-Hash-Batches>1</Original-Hash-Batches>
                                              <Peak-Memory-Usage>1</Peak-Memory-Usage>
                                              <Plans>
                                                <Plan>
                                                  <Node-Type>Seq Scan</Node-Type>
                                                  <Parent-Relationship>Outer</Parent-Relationship>
                                                  <Relation-Name>region</Relation-Name>
                                                  <Schema>public</Schema>
                                                  <Alias>region</Alias>
                                                  <Startup-Cost>0.00</Startup-Cost>
                                                  <Total-Cost>1.06</Total-Cost>
                                                  <Plan-Rows>1</Plan-Rows>
                                                  <Plan-Width>4</Plan-Width>
                                                  <Actual-Startup-Time>0.202</Actual-Startup-Time>
                                                  <Actual-Total-Time>0.202</Actual-Total-Time>
                                                  <Actual-Rows>1</Actual-Rows>
                                                  <Actual-Loops>1</Actual-Loops>
                                                  <Output>
                                                    <Item>region.r_regionkey</Item>
                                                  </Output>
                                                  <Filter>(region.r_name = 'EUROPE'::bpchar)</Filter>
                                                  <Rows-Removed-by-Filter>4</Rows-Removed-by-Filter>
                                                </Plan>
                                              </Plans>
                                            </Plan>
                                          </Plans>
                                        </Plan>
                                      </Plans>
                                    </Plan>
                                  </Plans>
                                </Plan>
                              </Plans>
                            </Plan>
                          </Plans>
                        </Plan>
                      </Plans>
                    </Plan>
                  </Plans>
                </Plan>
                <Plan>
                  <Node-Type>Aggregate</Node-Type>
                  <Strategy>Plain</Strategy>
                  <Parent-Relationship>SubPlan</Parent-Relationship>
                  <Subplan-Name>SubPlan 1</Subplan-Name>
                  <Startup-Cost>43.55</Startup-Cost>
                  <Total-Cost>43.56</Total-Cost>
                  <Plan-Rows>1</Plan-Rows>
                  <Plan-Width>6</Plan-Width>
                  <Actual-Startup-Time>0.150</Actual-Startup-Time>
                  <Actual-Total-Time>0.150</Actual-Total-Time>
                  <Actual-Rows>1</Actual-Rows>
                  <Actual-Loops>642</Actual-Loops>
                  <Output>
                    <Item>min(partsupp_1.ps_supplycost)</Item>
                  </Output>
                  <Plans>
                    <Plan>
                      <Node-Type>Nested Loop</Node-Type>
                      <Parent-Relationship>Outer</Parent-Relationship>
                      <Join-Type>Inner</Join-Type>
                      <Startup-Cost>0.85</Startup-Cost>
                      <Total-Cost>43.54</Total-Cost>
                      <Plan-Rows>1</Plan-Rows>
                      <Plan-Width>6</Plan-Width>
                      <Actual-Startup-Time>0.128</Actual-Startup-Time>
                      <Actual-Total-Time>0.147</Actual-Total-Time>
                      <Actual-Rows>2</Actual-Rows>
                      <Actual-Loops>642</Actual-Loops>
                      <Output>
                        <Item>partsupp_1.ps_supplycost</Item>
                      </Output>
                      <Join-Filter>(nation_1.n_regionkey = region_1.r_regionkey)</Join-Filter>
                      <Rows-Removed-by-Join-Filter>2</Rows-Removed-by-Join-Filter>
                      <Plans>
                        <Plan>
                          <Node-Type>Seq Scan</Node-Type>
                          <Parent-Relationship>Outer</Parent-Relationship>
                          <Relation-Name>region</Relation-Name>
                          <Schema>public</Schema>
                          <Alias>region_1</Alias>
                          <Startup-Cost>0.00</Startup-Cost>
                          <Total-Cost>1.06</Total-Cost>
                          <Plan-Rows>1</Plan-Rows>
                          <Plan-Width>4</Plan-Width>
                          <Actual-Startup-Time>0.001</Actual-Startup-Time>
                          <Actual-Total-Time>0.002</Actual-Total-Time>
                          <Actual-Rows>1</Actual-Rows>
                          <Actual-Loops>642</Actual-Loops>
                          <Output>
                            <Item>region_1.r_regionkey</Item>
                            <Item>region_1.r_name</Item>
                            <Item>region_1.r_comment</Item>
                          </Output>
                          <Filter>(region_1.r_name = 'EUROPE'::bpchar)</Filter>
                          <Rows-Removed-by-Filter>4</Rows-Removed-by-Filter>
                        </Plan>
                        <Plan>
                          <Node-Type>Nested Loop</Node-Type>
                          <Parent-Relationship>Inner</Parent-Relationship>
                          <Join-Type>Inner</Join-Type>
                          <Startup-Cost>0.85</Startup-Cost>
                          <Total-Cost>42.43</Total-Cost>
                          <Plan-Rows>4</Plan-Rows>
                          <Plan-Width>10</Plan-Width>
                          <Actual-Startup-Time>0.117</Actual-Startup-Time>
                          <Actual-Total-Time>0.142</Actual-Total-Time>
                          <Actual-Rows>4</Actual-Rows>
                          <Actual-Loops>642</Actual-Loops>
                          <Output>
                            <Item>partsupp_1.ps_supplycost</Item>
                            <Item>nation_1.n_regionkey</Item>
                          </Output>
                          <Plans>
                            <Plan>
                              <Node-Type>Nested Loop</Node-Type>
                              <Parent-Relationship>Outer</Parent-Relationship>
                              <Join-Type>Inner</Join-Type>
                              <Startup-Cost>0.71</Startup-Cost>
                              <Total-Cost>41.76</Total-Cost>
                              <Plan-Rows>4</Plan-Rows>
                              <Plan-Width>10</Plan-Width>
                              <Actual-Startup-Time>0.114</Actual-Startup-Time>
                              <Actual-Total-Time>0.131</Actual-Total-Time>
                              <Actual-Rows>4</Actual-Rows>
                              <Actual-Loops>642</Actual-Loops>
                              <Output>
                                <Item>partsupp_1.ps_supplycost</Item>
                                <Item>supplier_1.s_nationkey</Item>
                              </Output>
                              <Plans>
                                <Plan>
                                  <Node-Type>Index Scan</Node-Type>
                                  <Parent-Relationship>Outer</Parent-Relationship>
                                  <Scan-Direction>Forward</Scan-Direction>
                                  <Index-Name>ps_partkey_idx</Index-Name>
                                  <Relation-Name>partsupp</Relation-Name>
                                  <Schema>public</Schema>
                                  <Alias>partsupp_1</Alias>
                                  <Startup-Cost>0.42</Startup-Cost>
                                  <Total-Cost>8.50</Total-Cost>
                                  <Plan-Rows>4</Plan-Rows>
                                  <Plan-Width>10</Plan-Width>
                                  <Actual-Startup-Time>0.109</Actual-Startup-Time>
                                  <Actual-Total-Time>0.111</Actual-Total-Time>
                                  <Actual-Rows>4</Actual-Rows>
                                  <Actual-Loops>642</Actual-Loops>
                                  <Output>
                                    <Item>partsupp_1.ps_partkey</Item>
                                    <Item>partsupp_1.ps_suppkey</Item>
                                    <Item>partsupp_1.ps_availqty</Item>
                                    <Item>partsupp_1.ps_supplycost</Item>
                                    <Item>partsupp_1.ps_comment</Item>
                                  </Output>
                                  <Index-Cond>(part.p_partkey = partsupp_1.ps_partkey)</Index-Cond>
                                  <Rows-Removed-by-Index-Recheck>0</Rows-Removed-by-Index-Recheck>
                                </Plan>
                                <Plan>
                                  <Node-Type>Index Scan</Node-Type>
                                  <Parent-Relationship>Inner</Parent-Relationship>
                                  <Scan-Direction>Forward</Scan-Direction>
                                  <Index-Name>supplier_pkey</Index-Name>
                                  <Relation-Name>supplier</Relation-Name>
                                  <Schema>public</Schema>
                                  <Alias>supplier_1</Alias>
                                  <Startup-Cost>0.29</Startup-Cost>
                                  <Total-Cost>8.30</Total-Cost>
                                  <Plan-Rows>1</Plan-Rows>
                                  <Plan-Width>8</Plan-Width>
                                  <Actual-Startup-Time>0.003</Actual-Startup-Time>
                                  <Actual-Total-Time>0.003</Actual-Total-Time>
                                  <Actual-Rows>1</Actual-Rows>
                                  <Actual-Loops>2568</Actual-Loops>
                                  <Output>
                                    <Item>supplier_1.s_suppkey</Item>
                                    <Item>supplier_1.s_name</Item>
                                    <Item>supplier_1.s_address</Item>
                                    <Item>supplier_1.s_nationkey</Item>
                                    <Item>supplier_1.s_phone</Item>
                                    <Item>supplier_1.s_acctbal</Item>
                                    <Item>supplier_1.s_comment</Item>
                                  </Output>
                                  <Index-Cond>(supplier_1.s_suppkey = partsupp_1.ps_suppkey)</Index-Cond>
                                  <Rows-Removed-by-Index-Recheck>0</Rows-Removed-by-Index-Recheck>
                                </Plan>
                              </Plans>
                            </Plan>
                            <Plan>
                              <Node-Type>Index Scan</Node-Type>
                              <Parent-Relationship>Inner</Parent-Relationship>
                              <Scan-Direction>Forward</Scan-Direction>
                              <Index-Name>nation_pkey</Index-Name>
                              <Relation-Name>nation</Relation-Name>
                              <Schema>public</Schema>
                              <Alias>nation_1</Alias>
                              <Startup-Cost>0.14</Startup-Cost>
                              <Total-Cost>0.16</Total-Cost>
                              <Plan-Rows>1</Plan-Rows>
                              <Plan-Width>8</Plan-Width>
                              <Actual-Startup-Time>0.001</Actual-Startup-Time>
                              <Actual-Total-Time>0.001</Actual-Total-Time>
                              <Actual-Rows>1</Actual-Rows>
                              <Actual-Loops>2568</Actual-Loops>
                              <Output>
                                <Item>nation_1.n_nationkey</Item>
                                <Item>nation_1.n_name</Item>
                                <Item>nation_1.n_regionkey</Item>
                                <Item>nation_1.n_comment</Item>
                              </Output>
                              <Index-Cond>(nation_1.n_nationkey = supplier_1.s_nationkey)</Index-Cond>
                              <Rows-Removed-by-Index-Recheck>0</Rows-Removed-by-Index-Recheck>
                            </Plan>
                          </Plans>
                        </Plan>
                      </Plans>
                    </Plan>
                  </Plans>
                </Plan>
              </Plans>
            </Plan>
          </Plans>
        </Plan>
      </Plans>
    </Plan>
    <Planning-Time>6.311</Planning-Time>
    <Triggers>
    </Triggers>
    <Execution-Time>1401.708</Execution-Time>
  </Query>
</explain>