<explain xmlns="http://www.postgresql.org/2009/explain">
  <Query>
    <Plan>
      <Node-Type>Sort</Node-Type>
      <Startup-Cost>2158929.83</Startup-Cost>
      <Total-Cost>2158930.38</Total-Cost>
      <Plan-Rows>219</Plan-Rows>
      <Plan-Width>51</Plan-Width>
      <Actual-Startup-Time>1338.577</Actual-Startup-Time>
      <Actual-Total-Time>1338.629</Actual-Total-Time>
      <Actual-Rows>186</Actual-Rows>
      <Actual-Loops>1</Actual-Loops>
      <Output>
        <Item>supplier.s_name</Item>
        <Item>supplier.s_address</Item>
      </Output>
      <Sort-Key>
        <Item>supplier.s_name</Item>
      </Sort-Key>
      <Sort-Method>quicksort</Sort-Method>
      <Sort-Space-Used>35</Sort-Space-Used>
      <Sort-Space-Type>Memory</Sort-Space-Type>
      <Plans>
        <Plan>
          <Node-Type>Hash Join</Node-Type>
          <Parent-Relationship>Outer</Parent-Relationship>
          <Join-Type>Inner</Join-Type>
          <Startup-Cost>2158874.23</Startup-Cost>
          <Total-Cost>2158921.32</Total-Cost>
          <Plan-Rows>219</Plan-Rows>
          <Plan-Width>51</Plan-Width>
          <Actual-Startup-Time>1334.710</Actual-Startup-Time>
          <Actual-Total-Time>1337.755</Actual-Total-Time>
          <Actual-Rows>186</Actual-Rows>
          <Actual-Loops>1</Actual-Loops>
          <Output>
            <Item>supplier.s_name</Item>
            <Item>supplier.s_address</Item>
          </Output>
          <Hash-Cond>(partsupp.ps_suppkey = supplier.s_suppkey)</Hash-Cond>
          <Plans>
            <Plan>
              <Node-Type>Aggregate</Node-Type>
              <Strategy>Hashed</Strategy>
              <Parent-Relationship>Outer</Parent-Relationship>
              <Startup-Cost>2158506.40</Startup-Cost>
              <Total-Cost>2158539.68</Total-Cost>
              <Plan-Rows>3328</Plan-Rows>
              <Plan-Width>4</Plan-Width>
              <Actual-Startup-Time>1324.855</Actual-Startup-Time>
              <Actual-Total-Time>1326.434</Actual-Total-Time>
              <Actual-Rows>4397</Actual-Rows>
              <Actual-Loops>1</Actual-Loops>
              <Output>
                <Item>partsupp.ps_suppkey</Item>
              </Output>
              <Group-Key>
                <Item>partsupp.ps_suppkey</Item>
              </Group-Key>
              <Plans>
                <Plan>
                  <Node-Type>Nested Loop</Node-Type>
                  <Parent-Relationship>Outer</Parent-Relationship>
                  <Join-Type>Inner</Join-Type>
                  <Startup-Cost>0.42</Startup-Cost>
                  <Total-Cost>2158492.70</Total-Cost>
                  <Plan-Rows>5481</Plan-Rows>
                  <Plan-Width>4</Plan-Width>
                  <Actual-Startup-Time>0.875</Actual-Startup-Time>
                  <Actual-Total-Time>1320.671</Actual-Total-Time>
                  <Actual-Rows>5833</Actual-Rows>
                  <Actual-Loops>1</Actual-Loops>
                  <Output>
                    <Item>partsupp.ps_suppkey</Item>
                  </Output>
                  <Plans>
                    <Plan>
                      <Node-Type>Seq Scan</Node-Type>
                      <Parent-Relationship>Outer</Parent-Relationship>
                      <Relation-Name>part</Relation-Name>
                      <Schema>public</Schema>
                      <Alias>part</Alias>
                      <Startup-Cost>0.00</Startup-Cost>
                      <Total-Cost>6553.00</Total-Cost>
                      <Plan-Rows>4040</Plan-Rows>
                      <Plan-Width>4</Plan-Width>
                      <Actual-Startup-Time>0.006</Actual-Startup-Time>
                      <Actual-Total-Time>38.514</Actual-Total-Time>
                      <Actual-Rows>2127</Actual-Rows>
                      <Actual-Loops>1</Actual-Loops>
                      <Output>
                        <Item>part.p_partkey</Item>
                        <Item>part.p_name</Item>
                        <Item>part.p_mfgr</Item>
                        <Item>part.p_brand</Item>
                        <Item>part.p_type</Item>
                        <Item>part.p_size</Item>
                        <Item>part.p_container</Item>
                        <Item>part.p_retailprice</Item>
                        <Item>part.p_comment</Item>
                      </Output>
                      <Filter>((part.p_name)::text ~~ 'forest%%'::text)</Filter>
                      <Rows-Removed-by-Filter>197873</Rows-Removed-by-Filter>
                    </Plan>
                    <Plan>
                      <Node-Type>Index Scan</Node-Type>
                      <Parent-Relationship>Inner</Parent-Relationship>
                      <Scan-Direction>Forward</Scan-Direction>
                      <Index-Name>ps_partkey_idx</Index-Name>
                      <Relation-Name>partsupp</Relation-Name>
                      <Schema>public</Schema>
                      <Alias>partsupp</Alias>
                      <Startup-Cost>0.42</Startup-Cost>
                      <Total-Cost>532.65</Total-Cost>
                      <Plan-Rows>1</Plan-Rows>
                      <Plan-Width>8</Plan-Width>
                      <Actual-Startup-Time>0.526</Actual-Startup-Time>
                      <Actual-Total-Time>0.600</Actual-Total-Time>
                      <Actual-Rows>3</Actual-Rows>
                      <Actual-Loops>2127</Actual-Loops>
                      <Output>
                        <Item>partsupp.ps_partkey</Item>
                        <Item>partsupp.ps_suppkey</Item>
                        <Item>partsupp.ps_availqty</Item>
                        <Item>partsupp.ps_supplycost</Item>
                        <Item>partsupp.ps_comment</Item>
                      </Output>
                      <Index-Cond>(partsupp.ps_partkey = part.p_partkey)</Index-Cond>
                      <Rows-Removed-by-Index-Recheck>0</Rows-Removed-by-Index-Recheck>
                      <Filter>((partsupp.ps_availqty)::numeric &gt; (SubPlan 1))</Filter>
                      <Rows-Removed-by-Filter>1</Rows-Removed-by-Filter>
                      <Plans>
                        <Plan>
                          <Node-Type>Aggregate</Node-Type>
                          <Strategy>Plain</Strategy>
                          <Parent-Relationship>SubPlan</Parent-Relationship>
                          <Subplan-Name>SubPlan 1</Subplan-Name>
                          <Startup-Cost>131.69</Startup-Cost>
                          <Total-Cost>131.70</Total-Cost>
                          <Plan-Rows>1</Plan-Rows>
                          <Plan-Width>5</Plan-Width>
                          <Actual-Startup-Time>0.098</Actual-Startup-Time>
                          <Actual-Total-Time>0.098</Actual-Total-Time>
                          <Actual-Rows>1</Actual-Rows>
                          <Actual-Loops>8508</Actual-Loops>
                          <Output>
                            <Item>(0.5 * sum(lineitem.l_quantity))</Item>
                          </Output>
                          <Plans>
                            <Plan>
                              <Node-Type>Bitmap Heap Scan</Node-Type>
                              <Parent-Relationship>Outer</Parent-Relationship>
                              <Relation-Name>lineitem</Relation-Name>
                              <Schema>public</Schema>
                              <Alias>lineitem</Alias>
                              <Startup-Cost>4.67</Startup-Cost>
                              <Total-Cost>131.68</Total-Cost>
                              <Plan-Rows>1</Plan-Rows>
                              <Plan-Width>5</Plan-Width>
                              <Actual-Startup-Time>0.075</Actual-Startup-Time>
                              <Actual-Total-Time>0.095</Actual-Total-Time>
                              <Actual-Rows>1</Actual-Rows>
                              <Actual-Loops>8508</Actual-Loops>
                              <Output>
                                <Item>lineitem.l_orderkey</Item>
                                <Item>lineitem.l_partkey</Item>
                                <Item>lineitem.l_suppkey</Item>
                                <Item>lineitem.l_linenumber</Item>
                                <Item>lineitem.l_quantity</Item>
                                <Item>lineitem.l_extendedprice</Item>
                                <Item>lineitem.l_discount</Item>
                                <Item>lineitem.l_tax</Item>
                                <Item>lineitem.l_returnflag</Item>
                                <Item>lineitem.l_linestatus</Item>
                                <Item>lineitem.l_shipdate</Item>
                                <Item>lineitem.l_commitdate</Item>
                                <Item>lineitem.l_receiptdate</Item>
                                <Item>lineitem.l_shipinstruct</Item>
                                <Item>lineitem.l_shipmode</Item>
                                <Item>lineitem.l_comment</Item>
                              </Output>
                              <Recheck-Cond>(lineitem.l_partkey = partsupp.ps_partkey)</Recheck-Cond>
                              <Rows-Removed-by-Index-Recheck>0</Rows-Removed-by-Index-Recheck>
                              <Filter>((lineitem.l_shipdate &gt;= '1994-01-01'::date) AND (lineitem.l_shipdate &lt; '1995-01-01 00:00:00'::timestamp without time zone) AND (lineitem.l_suppkey = partsupp.ps_suppkey))</Filter>
                              <Rows-Removed-by-Filter>29</Rows-Removed-by-Filter>
                              <Exact-Heap-Blocks>255296</Exact-Heap-Blocks>
                              <Lossy-Heap-Blocks>0</Lossy-Heap-Blocks>
                              <Plans>
                                <Plan>
                                  <Node-Type>Bitmap Index Scan</Node-Type>
                                  <Parent-Relationship>Outer</Parent-Relationship>
                                  <Index-Name>l_partkey_idx</Index-Name>
                                  <Startup-Cost>0.00</Startup-Cost>
                                  <Total-Cost>4.67</Total-Cost>
                                  <Plan-Rows>32</Plan-Rows>
                                  <Plan-Width>0</Plan-Width>
                                  <Actual-Startup-Time>0.044</Actual-Startup-Time>
                                  <Actual-Total-Time>0.044</Actual-Total-Time>
                                  <Actual-Rows>30</Actual-Rows>
                                  <Actual-Loops>8508</Actual-Loops>
                                  <Index-Cond>(lineitem.l_partkey = partsupp.ps_partkey)</Index-Cond>
                                </Plan>
                              </Plans>
                            </Plan>
                          </Plans>
                        </Plan>
                      </Plans>
                    </Plan>
                  </Plans>
                </Plan>
              </Plans>
            </Plan>
            <Plan>
              <Node-Type>Hash</Node-Type>
              <Parent-Relationship>Inner</Parent-Relationship>
              <Startup-Cost>362.82</Startup-Cost>
              <Total-Cost>362.82</Total-Cost>
              <Plan-Rows>400</Plan-Rows>
              <Plan-Width>55</Plan-Width>
              <Actual-Startup-Time>9.843</Actual-Startup-Time>
              <Actual-Total-Time>9.843</Actual-Total-Time>
              <Actual-Rows>412</Actual-Rows>
              <Actual-Loops>1</Actual-Loops>
              <Output>
                <Item>supplier.s_name</Item>
                <Item>supplier.s_address</Item>
                <Item>supplier.s_suppkey</Item>
              </Output>
              <Hash-Buckets>1024</Hash-Buckets>
              <Hash-Batches>1</Hash-Batches>
              <Original-Hash-Batches>1</Original-Hash-Batches>
              <Peak-Memory-Usage>32</Peak-Memory-Usage>
              <Plans>
                <Plan>
                  <Node-Type>Hash Join</Node-Type>
                  <Parent-Relationship>Outer</Parent-Relationship>
                  <Join-Type>Inner</Join-Type>
                  <Startup-Cost>1.32</Startup-Cost>
                  <Total-Cost>362.82</Total-Cost>
                  <Plan-Rows>400</Plan-Rows>
                  <Plan-Width>55</Plan-Width>
                  <Actual-Startup-Time>0.220</Actual-Startup-Time>
                  <Actual-Total-Time>9.648</Actual-Total-Time>
                  <Actual-Rows>412</Actual-Rows>
                  <Actual-Loops>1</Actual-Loops>
                  <Output>
                    <Item>supplier.s_name</Item>
                    <Item>supplier.s_address</Item>
                    <Item>supplier.s_suppkey</Item>
                  </Output>
                  <Hash-Cond>(supplier.s_nationkey = nation.n_nationkey)</Hash-Cond>
                  <Plans>
                    <Plan>
                      <Node-Type>Seq Scan</Node-Type>
                      <Parent-Relationship>Outer</Parent-Relationship>
                      <Relation-Name>supplier</Relation-Name>
                      <Schema>public</Schema>
                      <Alias>supplier</Alias>
                      <Startup-Cost>0.00</Startup-Cost>
                      <Total-Cost>320.00</Total-Cost>
                      <Plan-Rows>10000</Plan-Rows>
                      <Plan-Width>59</Plan-Width>
                      <Actual-Startup-Time>0.003</Actual-Startup-Time>
                      <Actual-Total-Time>5.594</Actual-Total-Time>
                      <Actual-Rows>10000</Actual-Rows>
                      <Actual-Loops>1</Actual-Loops>
                      <Output>
                        <Item>supplier.s_suppkey</Item>
                        <Item>supplier.s_name</Item>
                        <Item>supplier.s_address</Item>
                        <Item>supplier.s_nationkey</Item>
                        <Item>supplier.s_phone</Item>
                        <Item>supplier.s_acctbal</Item>
                        <Item>supplier.s_comment</Item>
                      </Output>
                    </Plan>
                    <Plan>
                      <Node-Type>Hash</Node-Type>
                      <Parent-Relationship>Inner</Parent-Relationship>
                      <Startup-Cost>1.31</Startup-Cost>
                      <Total-Cost>1.31</Total-Cost>
                      <Plan-Rows>1</Plan-Rows>
                      <Plan-Width>4</Plan-Width>
                      <Actual-Startup-Time>0.205</Actual-Startup-Time>
                      <Actual-Total-Time>0.205</Actual-Total-Time>
                      <Actual-Rows>1</Actual-Rows>
                      <Actual-Loops>1</Actual-Loops>
                      <Output>
                        <Item>nation.n_nationkey</Item>
                      </Output>
                      <Hash-Buckets>1024</Hash-Buckets>
                      <Hash-Batches>1</Hash-Batches>
                      <Original-Hash-Batches>1</Original-Hash-Batches>
                      <Peak-Memory-Usage>1</Peak-Memory-Usage>
                      <Plans>
                        <Plan>
                          <Node-Type>Seq Scan</Node-Type>
                          <Parent-Relationship>Outer</Parent-Relationship>
                          <Relation-Name>nation</Relation-Name>
                          <Schema>public</Schema>
                          <Alias>nation</Alias>
                          <Startup-Cost>0.00</Startup-Cost>
                          <Total-Cost>1.31</Total-Cost>
                          <Plan-Rows>1</Plan-Rows>
                          <Plan-Width>4</Plan-Width>
                          <Actual-Startup-Time>0.199</Actual-Startup-Time>
                          <Actual-Total-Time>0.201</Actual-Total-Time>
                          <Actual-Rows>1</Actual-Rows>
                          <Actual-Loops>1</Actual-Loops>
                          <Output>
                            <Item>nation.n_nationkey</Item>
                          </Output>
                          <Filter>(nation.n_name = 'CANADA'::bpchar)</Filter>
                          <Rows-Removed-by-Filter>24</Rows-Removed-by-Filter>
                        </Plan>
                      </Plans>
                    </Plan>
                  </Plans>
                </Plan>
              </Plans>
            </Plan>
          </Plans>
        </Plan>
      </Plans>
    </Plan>
    <Planning-Time>4.763</Planning-Time>
    <Triggers>
    </Triggers>
    <Execution-Time>1338.737</Execution-Time>
  </Query>
</explain>