<explain xmlns="http://www.postgresql.org/2009/explain">
  <Query>
    <Plan>
      <Node-Type>Limit</Node-Type>
      <Startup-Cost>282771.66</Startup-Cost>
      <Total-Cost>282771.66</Total-Cost>
      <Plan-Rows>1</Plan-Rows>
      <Plan-Width>26</Plan-Width>
      <Actual-Startup-Time>4984.015</Actual-Startup-Time>
      <Actual-Total-Time>4984.092</Actual-Total-Time>
      <Actual-Rows>100</Actual-Rows>
      <Actual-Loops>1</Actual-Loops>
      <Output>
        <Item>supplier.s_name</Item>
        <Item>(count(*))</Item>
      </Output>
      <Plans>
        <Plan>
          <Node-Type>Sort</Node-Type>
          <Parent-Relationship>Outer</Parent-Relationship>
          <Startup-Cost>282771.66</Startup-Cost>
          <Total-Cost>282771.66</Total-Cost>
          <Plan-Rows>1</Plan-Rows>
          <Plan-Width>26</Plan-Width>
          <Actual-Startup-Time>4984.015</Actual-Startup-Time>
          <Actual-Total-Time>4984.041</Actual-Total-Time>
          <Actual-Rows>100</Actual-Rows>
          <Actual-Loops>1</Actual-Loops>
          <Output>
            <Item>supplier.s_name</Item>
            <Item>(count(*))</Item>
          </Output>
          <Sort-Key>
            <Item>(count(*))</Item>
            <Item>supplier.s_name</Item>
          </Sort-Key>
          <Sort-Method>top-N heapsort</Sort-Method>
          <Sort-Space-Used>24</Sort-Space-Used>
          <Sort-Space-Type>Memory</Sort-Space-Type>
          <Plans>
            <Plan>
              <Node-Type>Aggregate</Node-Type>
              <Strategy>Hashed</Strategy>
              <Parent-Relationship>Outer</Parent-Relationship>
              <Startup-Cost>282771.64</Startup-Cost>
              <Total-Cost>282771.65</Total-Cost>
              <Plan-Rows>1</Plan-Rows>
              <Plan-Width>26</Plan-Width>
              <Actual-Startup-Time>4983.124</Actual-Startup-Time>
              <Actual-Total-Time>4983.279</Actual-Total-Time>
              <Actual-Rows>411</Actual-Rows>
              <Actual-Loops>1</Actual-Loops>
              <Output>
                <Item>supplier.s_name</Item>
                <Item>count(*)</Item>
              </Output>
              <Group-Key>
                <Item>supplier.s_name</Item>
              </Group-Key>
              <Plans>
                <Plan>
                  <Node-Type>Nested Loop</Node-Type>
                  <Parent-Relationship>Outer</Parent-Relationship>
                  <Join-Type>Anti</Join-Type>
                  <Startup-Cost>369.12</Startup-Cost>
                  <Total-Cost>282771.63</Total-Cost>
                  <Plan-Rows>1</Plan-Rows>
                  <Plan-Width>26</Plan-Width>
                  <Actual-Startup-Time>10.002</Actual-Startup-Time>
                  <Actual-Total-Time>4978.987</Actual-Total-Time>
                  <Actual-Rows>4141</Actual-Rows>
                  <Actual-Loops>1</Actual-Loops>
                  <Output>
                    <Item>supplier.s_name</Item>
                  </Output>
                  <Plans>
                    <Plan>
                      <Node-Type>Nested Loop</Node-Type>
                      <Parent-Relationship>Outer</Parent-Relationship>
                      <Join-Type>Semi</Join-Type>
                      <Startup-Cost>368.69</Startup-Cost>
                      <Total-Cost>282769.98</Total-Cost>
                      <Plan-Rows>1</Plan-Rows>
                      <Plan-Width>34</Plan-Width>
                      <Actual-Startup-Time>8.253</Actual-Startup-Time>
                      <Actual-Total-Time>4796.160</Actual-Total-Time>
                      <Actual-Rows>73089</Actual-Rows>
                      <Actual-Loops>1</Actual-Loops>
                      <Output>
                        <Item>supplier.s_name</Item>
                        <Item>l1.l_suppkey</Item>
                        <Item>l1.l_orderkey</Item>
                      </Output>
                      <Join-Filter>(orders.o_orderkey = l2.l_orderkey)</Join-Filter>
                      <Rows-Removed-by-Join-Filter>0</Rows-Removed-by-Join-Filter>
                      <Plans>
                        <Plan>
                          <Node-Type>Nested Loop</Node-Type>
                          <Parent-Relationship>Outer</Parent-Relationship>
                          <Join-Type>Inner</Join-Type>
                          <Startup-Cost>368.25</Startup-Cost>
                          <Total-Cost>236145.32</Total-Cost>
                          <Plan-Rows>38666</Plan-Rows>
                          <Plan-Width>38</Plan-Width>
                          <Actual-Startup-Time>8.244</Actual-Startup-Time>
                          <Actual-Total-Time>4454.535</Actual-Total-Time>
                          <Actual-Rows>75871</Actual-Rows>
                          <Actual-Loops>1</Actual-Loops>
                          <Output>
                            <Item>supplier.s_name</Item>
                            <Item>l1.l_suppkey</Item>
                            <Item>l1.l_orderkey</Item>
                            <Item>orders.o_orderkey</Item>
                          </Output>
                          <Plans>
                            <Plan>
                              <Node-Type>Hash Join</Node-Type>
                              <Parent-Relationship>Outer</Parent-Relationship>
                              <Join-Type>Inner</Join-Type>
                              <Startup-Cost>367.82</Startup-Cost>
                              <Total-Cost>194696.69</Total-Cost>
                              <Plan-Rows>80016</Plan-Rows>
                              <Plan-Width>34</Plan-Width>
                              <Actual-Startup-Time>7.968</Actual-Startup-Time>
                              <Actual-Total-Time>3689.762</Actual-Total-Time>
                              <Actual-Rows>156739</Actual-Rows>
                              <Actual-Loops>1</Actual-Loops>
                              <Output>
                                <Item>supplier.s_name</Item>
                                <Item>l1.l_suppkey</Item>
                                <Item>l1.l_orderkey</Item>
                              </Output>
                              <Hash-Cond>(l1.l_suppkey = supplier.s_suppkey)</Hash-Cond>
                              <Plans>
                                <Plan>
                                  <Node-Type>Seq Scan</Node-Type>
                                  <Parent-Relationship>Outer</Parent-Relationship>
                                  <Relation-Name>lineitem</Relation-Name>
                                  <Schema>public</Schema>
                                  <Alias>l1</Alias>
                                  <Startup-Cost>0.00</Startup-Cost>
                                  <Total-Cost>186027.19</Total-Cost>
                                  <Plan-Rows>2000405</Plan-Rows>
                                  <Plan-Width>8</Plan-Width>
                                  <Actual-Startup-Time>0.005</Actual-Startup-Time>
                                  <Actual-Total-Time>2430.081</Actual-Total-Time>
                                  <Actual-Rows>3793296</Actual-Rows>
                                  <Actual-Loops>1</Actual-Loops>
                                  <Output>
                                    <Item>l1.l_orderkey</Item>
                                    <Item>l1.l_partkey</Item>
                                    <Item>l1.l_suppkey</Item>
                                    <Item>l1.l_linenumber</Item>
                                    <Item>l1.l_quantity</Item>
                                    <Item>l1.l_extendedprice</Item>
                                    <Item>l1.l_discount</Item>
                                    <Item>l1.l_tax</Item>
                                    <Item>l1.l_returnflag</Item>
                                    <Item>l1.l_linestatus</Item>
                                    <Item>l1.l_shipdate</Item>
                                    <Item>l1.l_commitdate</Item>
                                    <Item>l1.l_receiptdate</Item>
                                    <Item>l1.l_shipinstruct</Item>
                                    <Item>l1.l_shipmode</Item>
                                    <Item>l1.l_comment</Item>
                                  </Output>
                                  <Filter>(l1.l_receiptdate &gt; l1.l_commitdate)</Filter>
                                  <Rows-Removed-by-Filter>2207919</Rows-Removed-by-Filter>
                                </Plan>
                                <Plan>
                                  <Node-Type>Hash</Node-Type>
                                  <Parent-Relationship>Inner</Parent-Relationship>
                                  <Startup-Cost>362.82</Startup-Cost>
                                  <Total-Cost>362.82</Total-Cost>
                                  <Plan-Rows>400</Plan-Rows>
                                  <Plan-Width>30</Plan-Width>
                                  <Actual-Startup-Time>7.954</Actual-Startup-Time>
                                  <Actual-Total-Time>7.954</Actual-Total-Time>
                                  <Actual-Rows>411</Actual-Rows>
                                  <Actual-Loops>1</Actual-Loops>
                                  <Output>
                                    <Item>supplier.s_name</Item>
                                    <Item>supplier.s_suppkey</Item>
                                  </Output>
                                  <Hash-Buckets>1024</Hash-Buckets>
                                  <Hash-Batches>1</Hash-Batches>
                                  <Original-Hash-Batches>1</Original-Hash-Batches>
                                  <Peak-Memory-Usage>21</Peak-Memory-Usage>
                                  <Plans>
                                    <Plan>
                                      <Node-Type>Hash Join</Node-Type>
                                      <Parent-Relationship>Outer</Parent-Relationship>
                                      <Join-Type>Inner</Join-Type>
                                      <Startup-Cost>1.32</Startup-Cost>
                                      <Total-Cost>362.82</Total-Cost>
                                      <Plan-Rows>400</Plan-Rows>
                                      <Plan-Width>30</Plan-Width>
                                      <Actual-Startup-Time>0.085</Actual-Startup-Time>
                                      <Actual-Total-Time>7.782</Actual-Total-Time>
                                      <Actual-Rows>411</Actual-Rows>
                                      <Actual-Loops>1</Actual-Loops>
                                      <Output>
                                        <Item>supplier.s_name</Item>
                                        <Item>supplier.s_suppkey</Item>
                                      </Output>
                                      <Hash-Cond>(supplier.s_nationkey = nation.n_nationkey)</Hash-Cond>
                                      <Plans>
                                        <Plan>
                                          <Node-Type>Seq Scan</Node-Type>
                                          <Parent-Relationship>Outer</Parent-Relationship>
                                          <Relation-Name>supplier</Relation-Name>
                                          <Schema>public</Schema>
                                          <Alias>supplier</Alias>
                                          <Startup-Cost>0.00</Startup-Cost>
                                          <Total-Cost>320.00</Total-Cost>
                                          <Plan-Rows>10000</Plan-Rows>
                                          <Plan-Width>34</Plan-Width>
                                          <Actual-Startup-Time>0.002</Actual-Startup-Time>
                                          <Actual-Total-Time>4.099</Actual-Total-Time>
                                          <Actual-Rows>10000</Actual-Rows>
                                          <Actual-Loops>1</Actual-Loops>
                                          <Output>
                                            <Item>supplier.s_suppkey</Item>
                                            <Item>supplier.s_name</Item>
                                            <Item>supplier.s_address</Item>
                                            <Item>supplier.s_nationkey</Item>
                                            <Item>supplier.s_phone</Item>
                                            <Item>supplier.s_acctbal</Item>
                                            <Item>supplier.s_comment</Item>
                                          </Output>
                                        </Plan>
                                        <Plan>
                                          <Node-Type>Hash</Node-Type>
                                          <Parent-Relationship>Inner</Parent-Relationship>
                                          <Startup-Cost>1.31</Startup-Cost>
                                          <Total-Cost>1.31</Total-Cost>
                                          <Plan-Rows>1</Plan-Rows>
                                          <Plan-Width>4</Plan-Width>
                                          <Actual-Startup-Time>0.024</Actual-Startup-Time>
                                          <Actual-Total-Time>0.024</Actual-Total-Time>
                                          <Actual-Rows>1</Actual-Rows>
                                          <Actual-Loops>1</Actual-Loops>
                                          <Output>
                                            <Item>nation.n_nationkey</Item>
                                          </Output>
                                          <Hash-Buckets>1024</Hash-Buckets>
                                          <Hash-Batches>1</Hash-Batches>
                                          <Original-Hash-Batches>1</Original-Hash-Batches>
                                          <Peak-Memory-Usage>1</Peak-Memory-Usage>
                                          <Plans>
                                            <Plan>
                                              <Node-Type>Seq Scan</Node-Type>
                                              <Parent-Relationship>Outer</Parent-Relationship>
                                              <Relation-Name>nation</Relation-Name>
                                              <Schema>public</Schema>
                                              <Alias>nation</Alias>
                                              <Startup-Cost>0.00</Startup-Cost>
                                              <Total-Cost>1.31</Total-Cost>
                                              <Plan-Rows>1</Plan-Rows>
                                              <Plan-Width>4</Plan-Width>
                                              <Actual-Startup-Time>0.022</Actual-Startup-Time>
                                              <Actual-Total-Time>0.023</Actual-Total-Time>
                                              <Actual-Rows>1</Actual-Rows>
                                              <Actual-Loops>1</Actual-Loops>
                                              <Output>
                                                <Item>nation.n_nationkey</Item>
                                              </Output>
                                              <Filter>(nation.n_name = 'SAUDI ARABIA'::bpchar)</Filter>
                                              <Rows-Removed-by-Filter>24</Rows-Removed-by-Filter>
                                            </Plan>
                                          </Plans>
                                        </Plan>
                                      </Plans>
                                    </Plan>
                                  </Plans>
                                </Plan>
                              </Plans>
                            </Plan>
                            <Plan>
                              <Node-Type>Index Scan</Node-Type>
                              <Parent-Relationship>Inner</Parent-Relationship>
                              <Scan-Direction>Forward</Scan-Direction>
                              <Index-Name>o_orderkey_idx</Index-Name>
                              <Relation-Name>orders</Relation-Name>
                              <Schema>public</Schema>
                              <Alias>orders</Alias>
                              <Startup-Cost>0.43</Startup-Cost>
                              <Total-Cost>0.51</Total-Cost>
                              <Plan-Rows>1</Plan-Rows>
                              <Plan-Width>4</Plan-Width>
                              <Actual-Startup-Time>0.004</Actual-Startup-Time>
                              <Actual-Total-Time>0.004</Actual-Total-Time>
                              <Actual-Rows>0</Actual-Rows>
                              <Actual-Loops>156739</Actual-Loops>
                              <Output>
                                <Item>orders.o_orderkey</Item>
                                <Item>orders.o_custkey</Item>
                                <Item>orders.o_orderstatus</Item>
                                <Item>orders.o_totalprice</Item>
                                <Item>orders.o_orderdate</Item>
                                <Item>orders.o_orderpriority</Item>
                                <Item>orders.o_clerk</Item>
                                <Item>orders.o_shippriority</Item>
                                <Item>orders.o_comment</Item>
                              </Output>
                              <Index-Cond>(orders.o_orderkey = l1.l_orderkey)</Index-Cond>
                              <Rows-Removed-by-Index-Recheck>0</Rows-Removed-by-Index-Recheck>
                              <Filter>(orders.o_orderstatus = 'F'::bpchar)</Filter>
                              <Rows-Removed-by-Filter>1</Rows-Removed-by-Filter>
                            </Plan>
                          </Plans>
                        </Plan>
                        <Plan>
                          <Node-Type>Index Scan</Node-Type>
                          <Parent-Relationship>Inner</Parent-Relationship>
                          <Scan-Direction>Forward</Scan-Direction>
                          <Index-Name>l_orderkey_idx</Index-Name>
                          <Relation-Name>lineitem</Relation-Name>
                          <Schema>public</Schema>
                          <Alias>l2</Alias>
                          <Startup-Cost>0.43</Startup-Cost>
                          <Total-Cost>1.02</Total-Cost>
                          <Plan-Rows>15</Plan-Rows>
                          <Plan-Width>8</Plan-Width>
                          <Actual-Startup-Time>0.003</Actual-Startup-Time>
                          <Actual-Total-Time>0.003</Actual-Total-Time>
                          <Actual-Rows>1</Actual-Rows>
                          <Actual-Loops>75871</Actual-Loops>
                          <Output>
                            <Item>l2.l_orderkey</Item>
                            <Item>l2.l_partkey</Item>
                            <Item>l2.l_suppkey</Item>
                            <Item>l2.l_linenumber</Item>
                            <Item>l2.l_quantity</Item>
                            <Item>l2.l_extendedprice</Item>
                            <Item>l2.l_discount</Item>
                            <Item>l2.l_tax</Item>
                            <Item>l2.l_returnflag</Item>
                            <Item>l2.l_linestatus</Item>
                            <Item>l2.l_shipdate</Item>
                            <Item>l2.l_commitdate</Item>
                            <Item>l2.l_receiptdate</Item>
                            <Item>l2.l_shipinstruct</Item>
                            <Item>l2.l_shipmode</Item>
                            <Item>l2.l_comment</Item>
                          </Output>
                          <Index-Cond>(l2.l_orderkey = l1.l_orderkey)</Index-Cond>
                          <Rows-Removed-by-Index-Recheck>0</Rows-Removed-by-Index-Recheck>
                          <Filter>(l2.l_suppkey &lt;&gt; l1.l_suppkey)</Filter>
                          <Rows-Removed-by-Filter>0</Rows-Removed-by-Filter>
                        </Plan>
                      </Plans>
                    </Plan>
                    <Plan>
                      <Node-Type>Index Scan</Node-Type>
                      <Parent-Relationship>Inner</Parent-Relationship>
                      <Scan-Direction>Forward</Scan-Direction>
                      <Index-Name>l_orderkey_idx</Index-Name>
                      <Relation-Name>lineitem</Relation-Name>
                      <Schema>public</Schema>
                      <Alias>l3</Alias>
                      <Startup-Cost>0.43</Startup-Cost>
                      <Total-Cost>1.02</Total-Cost>
                      <Plan-Rows>5</Plan-Rows>
                      <Plan-Width>8</Plan-Width>
                      <Actual-Startup-Time>0.002</Actual-Startup-Time>
                      <Actual-Total-Time>0.002</Actual-Total-Time>
                      <Actual-Rows>1</Actual-Rows>
                      <Actual-Loops>73089</Actual-Loops>
                      <Output>
                        <Item>l3.l_orderkey</Item>
                        <Item>l3.l_partkey</Item>
                        <Item>l3.l_suppkey</Item>
                        <Item>l3.l_linenumber</Item>
                        <Item>l3.l_quantity</Item>
                        <Item>l3.l_extendedprice</Item>
                        <Item>l3.l_discount</Item>
                        <Item>l3.l_tax</Item>
                        <Item>l3.l_returnflag</Item>
                        <Item>l3.l_linestatus</Item>
                        <Item>l3.l_shipdate</Item>
                        <Item>l3.l_commitdate</Item>
                        <Item>l3.l_receiptdate</Item>
                        <Item>l3.l_shipinstruct</Item>
                        <Item>l3.l_shipmode</Item>
                        <Item>l3.l_comment</Item>
                      </Output>
                      <Index-Cond>(l3.l_orderkey = l1.l_orderkey)</Index-Cond>
                      <Rows-Removed-by-Index-Recheck>0</Rows-Removed-by-Index-Recheck>
                      <Filter>((l3.l_receiptdate &gt; l3.l_commitdate) AND (l3.l_suppkey &lt;&gt; l1.l_suppkey))</Filter>
                      <Rows-Removed-by-Filter>1</Rows-Removed-by-Filter>
                    </Plan>
                  </Plans>
                </Plan>
              </Plans>
            </Plan>
          </Plans>
        </Plan>
      </Plans>
    </Plan>
    <Planning-Time>3.028</Planning-Time>
    <Triggers>
    </Triggers>
    <Execution-Time>4984.196</Execution-Time>
  </Query>
</explain>