<explain xmlns="http://www.postgresql.org/2009/explain">
  <Query>
    <Plan>
      <Node-Type>Sort</Node-Type>
      <Startup-Cost>364167.12</Startup-Cost>
      <Total-Cost>364954.34</Total-Cost>
      <Plan-Rows>314886</Plan-Rows>
      <Plan-Width>24</Plan-Width>
      <Actual-Startup-Time>4623.411</Actual-Startup-Time>
      <Actual-Total-Time>4626.571</Actual-Total-Time>
      <Actual-Rows>11620</Actual-Rows>
      <Actual-Loops>1</Actual-Loops>
      <Output>
        <Item>lineitem.l_orderkey</Item>
        <Item>(sum((lineitem.l_extendedprice * (1::numeric - lineitem.l_discount))))</Item>
        <Item>orders.o_orderdate</Item>
        <Item>orders.o_shippriority</Item>
      </Output>
      <Sort-Key>
        <Item>(sum((lineitem.l_extendedprice * (1::numeric - lineitem.l_discount))))</Item>
        <Item>orders.o_orderdate</Item>
      </Sort-Key>
      <Sort-Method>quicksort</Sort-Method>
      <Sort-Space-Used>1056</Sort-Space-Used>
      <Sort-Space-Type>Memory</Sort-Space-Type>
      <Plans>
        <Plan>
          <Node-Type>Aggregate</Node-Type>
          <Strategy>Sorted</Strategy>
          <Parent-Relationship>Outer</Parent-Relationship>
          <Startup-Cost>319503.41</Startup-Cost>
          <Total-Cost>328949.99</Total-Cost>
          <Plan-Rows>314886</Plan-Rows>
          <Plan-Width>24</Plan-Width>
          <Actual-Startup-Time>4572.030</Actual-Startup-Time>
          <Actual-Total-Time>4606.203</Actual-Total-Time>
          <Actual-Rows>11620</Actual-Rows>
          <Actual-Loops>1</Actual-Loops>
          <Output>
            <Item>lineitem.l_orderkey</Item>
            <Item>sum((lineitem.l_extendedprice * (1::numeric - lineitem.l_discount)))</Item>
            <Item>orders.o_orderdate</Item>
            <Item>orders.o_shippriority</Item>
          </Output>
          <Group-Key>
            <Item>lineitem.l_orderkey</Item>
            <Item>orders.o_orderdate</Item>
            <Item>orders.o_shippriority</Item>
          </Group-Key>
          <Plans>
            <Plan>
              <Node-Type>Sort</Node-Type>
              <Parent-Relationship>Outer</Parent-Relationship>
              <Startup-Cost>319503.41</Startup-Cost>
              <Total-Cost>320290.63</Total-Cost>
              <Plan-Rows>314886</Plan-Rows>
              <Plan-Width>24</Plan-Width>
              <Actual-Startup-Time>4571.989</Actual-Startup-Time>
              <Actual-Total-Time>4580.605</Actual-Total-Time>
              <Actual-Rows>30519</Actual-Rows>
              <Actual-Loops>1</Actual-Loops>
              <Output>
                <Item>lineitem.l_orderkey</Item>
                <Item>orders.o_orderdate</Item>
                <Item>orders.o_shippriority</Item>
                <Item>lineitem.l_extendedprice</Item>
                <Item>lineitem.l_discount</Item>
              </Output>
              <Sort-Key>
                <Item>lineitem.l_orderkey</Item>
                <Item>orders.o_orderdate</Item>
                <Item>orders.o_shippriority</Item>
              </Sort-Key>
              <Sort-Method>quicksort</Sort-Method>
              <Sort-Space-Used>2658</Sort-Space-Used>
              <Sort-Space-Type>Memory</Sort-Space-Type>
              <Plans>
                <Plan>
                  <Node-Type>Nested Loop</Node-Type>
                  <Parent-Relationship>Outer</Parent-Relationship>
                  <Join-Type>Inner</Join-Type>
                  <Startup-Cost>5802.06</Startup-Cost>
                  <Total-Cost>284286.28</Total-Cost>
                  <Plan-Rows>314886</Plan-Rows>
                  <Plan-Width>24</Plan-Width>
                  <Actual-Startup-Time>73.379</Actual-Startup-Time>
                  <Actual-Total-Time>4546.016</Actual-Total-Time>
                  <Actual-Rows>30519</Actual-Rows>
                  <Actual-Loops>1</Actual-Loops>
                  <Output>
                    <Item>lineitem.l_orderkey</Item>
                    <Item>orders.o_orderdate</Item>
                    <Item>orders.o_shippriority</Item>
                    <Item>lineitem.l_extendedprice</Item>
                    <Item>lineitem.l_discount</Item>
                  </Output>
                  <Plans>
                    <Plan>
                      <Node-Type>Hash Join</Node-Type>
                      <Parent-Relationship>Outer</Parent-Relationship>
                      <Join-Type>Inner</Join-Type>
                      <Startup-Cost>5801.62</Startup-Cost>
                      <Total-Cost>59860.01</Total-Cost>
                      <Plan-Rows>146023</Plan-Rows>
                      <Plan-Width>12</Plan-Width>
                      <Actual-Startup-Time>72.650</Actual-Startup-Time>
                      <Actual-Total-Time>1348.484</Actual-Total-Time>
                      <Actual-Rows>147126</Actual-Rows>
                      <Actual-Loops>1</Actual-Loops>
                      <Output>
                        <Item>orders.o_orderdate</Item>
                        <Item>orders.o_shippriority</Item>
                        <Item>orders.o_orderkey</Item>
                      </Output>
                      <Hash-Cond>(orders.o_custkey = customer.c_custkey)</Hash-Cond>
                      <Plans>
                        <Plan>
                          <Node-Type>Seq Scan</Node-Type>
                          <Parent-Relationship>Outer</Parent-Relationship>
                          <Relation-Name>orders</Relation-Name>
                          <Schema>public</Schema>
                          <Alias>orders</Alias>
                          <Startup-Cost>0.00</Startup-Cost>
                          <Total-Cost>44463.00</Total-Cost>
                          <Plan-Rows>723125</Plan-Rows>
                          <Plan-Width>16</Plan-Width>
                          <Actual-Startup-Time>0.004</Actual-Startup-Time>
                          <Actual-Total-Time>649.887</Actual-Total-Time>
                          <Actual-Rows>727305</Actual-Rows>
                          <Actual-Loops>1</Actual-Loops>
                          <Output>
                            <Item>orders.o_orderkey</Item>
                            <Item>orders.o_custkey</Item>
                            <Item>orders.o_orderstatus</Item>
                            <Item>orders.o_totalprice</Item>
                            <Item>orders.o_orderdate</Item>
                            <Item>orders.o_orderpriority</Item>
                            <Item>orders.o_clerk</Item>
                            <Item>orders.o_shippriority</Item>
                            <Item>orders.o_comment</Item>
                          </Output>
                          <Filter>(orders.o_orderdate &lt; '1995-03-15'::date)</Filter>
                          <Rows-Removed-by-Filter>772695</Rows-Removed-by-Filter>
                        </Plan>
                        <Plan>
                          <Node-Type>Hash</Node-Type>
                          <Parent-Relationship>Inner</Parent-Relationship>
                          <Startup-Cost>5423.00</Startup-Cost>
                          <Total-Cost>5423.00</Total-Cost>
                          <Plan-Rows>30290</Plan-Rows>
                          <Plan-Width>4</Plan-Width>
                          <Actual-Startup-Time>72.626</Actual-Startup-Time>
                          <Actual-Total-Time>72.626</Actual-Total-Time>
                          <Actual-Rows>30142</Actual-Rows>
                          <Actual-Loops>1</Actual-Loops>
                          <Output>
                            <Item>customer.c_custkey</Item>
                          </Output>
                          <Hash-Buckets>4096</Hash-Buckets>
                          <Hash-Batches>1</Hash-Batches>
                          <Original-Hash-Batches>1</Original-Hash-Batches>
                          <Peak-Memory-Usage>707</Peak-Memory-Usage>
                          <Plans>
                            <Plan>
                              <Node-Type>Seq Scan</Node-Type>
                              <Parent-Relationship>Outer</Parent-Relationship>
                              <Relation-Name>customer</Relation-Name>
                              <Schema>public</Schema>
                              <Alias>customer</Alias>
                              <Startup-Cost>0.00</Startup-Cost>
                              <Total-Cost>5423.00</Total-Cost>
                              <Plan-Rows>30290</Plan-Rows>
                              <Plan-Width>4</Plan-Width>
                              <Actual-Startup-Time>0.002</Actual-Startup-Time>
                              <Actual-Total-Time>60.155</Actual-Total-Time>
                              <Actual-Rows>30142</Actual-Rows>
                              <Actual-Loops>1</Actual-Loops>
                              <Output>
                                <Item>customer.c_custkey</Item>
                              </Output>
                              <Filter>(customer.c_mktsegment = 'BUILDING'::bpchar)</Filter>
                              <Rows-Removed-by-Filter>119858</Rows-Removed-by-Filter>
                            </Plan>
                          </Plans>
                        </Plan>
                      </Plans>
                    </Plan>
                    <Plan>
                      <Node-Type>Index Scan</Node-Type>
                      <Parent-Relationship>Inner</Parent-Relationship>
                      <Scan-Direction>Forward</Scan-Direction>
                      <Index-Name>l_orderkey_idx</Index-Name>
                      <Relation-Name>lineitem</Relation-Name>
                      <Schema>public</Schema>
                      <Alias>lineitem</Alias>
                      <Startup-Cost>0.43</Startup-Cost>
                      <Total-Cost>1.46</Total-Cost>
                      <Plan-Rows>8</Plan-Rows>
                      <Plan-Width>16</Plan-Width>
                      <Actual-Startup-Time>0.021</Actual-Startup-Time>
                      <Actual-Total-Time>0.021</Actual-Total-Time>
                      <Actual-Rows>0</Actual-Rows>
                      <Actual-Loops>147126</Actual-Loops>
                      <Output>
                        <Item>lineitem.l_orderkey</Item>
                        <Item>lineitem.l_partkey</Item>
                        <Item>lineitem.l_suppkey</Item>
                        <Item>lineitem.l_linenumber</Item>
                        <Item>lineitem.l_quantity</Item>
                        <Item>lineitem.l_extendedprice</Item>
                        <Item>lineitem.l_discount</Item>
                        <Item>lineitem.l_tax</Item>
                        <Item>lineitem.l_returnflag</Item>
                        <Item>lineitem.l_linestatus</Item>
                        <Item>lineitem.l_shipdate</Item>
                        <Item>lineitem.l_commitdate</Item>
                        <Item>lineitem.l_receiptdate</Item>
                        <Item>lineitem.l_shipinstruct</Item>
                        <Item>lineitem.l_shipmode</Item>
                        <Item>lineitem.l_comment</Item>
                      </Output>
                      <Index-Cond>(lineitem.l_orderkey = orders.o_orderkey)</Index-Cond>
                      <Rows-Removed-by-Index-Recheck>0</Rows-Removed-by-Index-Recheck>
                      <Filter>(lineitem.l_shipdate &gt; '1995-03-15'::date)</Filter>
                      <Rows-Removed-by-Filter>4</Rows-Removed-by-Filter>
                    </Plan>
                  </Plans>
                </Plan>
              </Plans>
            </Plan>
          </Plans>
        </Plan>
      </Plans>
    </Plan>
    <Planning-Time>3.532</Planning-Time>
    <Triggers>
    </Triggers>
    <Execution-Time>4630.143</Execution-Time>
  </Query>
</explain>