<explain xmlns="http://www.postgresql.org/2009/explain">
  <Query>
    <Plan>
      <Node-Type>Sort</Node-Type>
      <Startup-Cost>131975.09</Startup-Cost>
      <Total-Cost>131975.10</Total-Cost>
      <Plan-Rows>1</Plan-Rows>
      <Plan-Width>16</Plan-Width>
      <Actual-Startup-Time>854.457</Actual-Startup-Time>
      <Actual-Total-Time>854.459</Actual-Total-Time>
      <Actual-Rows>5</Actual-Rows>
      <Actual-Loops>1</Actual-Loops>
      <Output>
        <Item>orders.o_orderpriority</Item>
        <Item>(count(*))</Item>
      </Output>
      <Sort-Key>
        <Item>orders.o_orderpriority</Item>
      </Sort-Key>
      <Sort-Method>quicksort</Sort-Method>
      <Sort-Space-Used>17</Sort-Space-Used>
      <Sort-Space-Type>Memory</Sort-Space-Type>
      <Plans>
        <Plan>
          <Node-Type>Aggregate</Node-Type>
          <Strategy>Hashed</Strategy>
          <Parent-Relationship>Outer</Parent-Relationship>
          <Startup-Cost>131975.07</Startup-Cost>
          <Total-Cost>131975.08</Total-Cost>
          <Plan-Rows>1</Plan-Rows>
          <Plan-Width>16</Plan-Width>
          <Actual-Startup-Time>854.443</Actual-Startup-Time>
          <Actual-Total-Time>854.445</Actual-Total-Time>
          <Actual-Rows>5</Actual-Rows>
          <Actual-Loops>1</Actual-Loops>
          <Output>
            <Item>orders.o_orderpriority</Item>
            <Item>count(*)</Item>
          </Output>
          <Group-Key>
            <Item>orders.o_orderpriority</Item>
          </Group-Key>
          <Plans>
            <Plan>
              <Node-Type>Nested Loop</Node-Type>
              <Parent-Relationship>Outer</Parent-Relationship>
              <Join-Type>Semi</Join-Type>
              <Startup-Cost>0.43</Startup-Cost>
              <Total-Cost>131901.21</Total-Cost>
              <Plan-Rows>14772</Plan-Rows>
              <Plan-Width>16</Plan-Width>
              <Actual-Startup-Time>0.023</Actual-Startup-Time>
              <Actual-Total-Time>827.995</Actual-Total-Time>
              <Actual-Rows>52523</Actual-Rows>
              <Actual-Loops>1</Actual-Loops>
              <Output>
                <Item>orders.o_orderpriority</Item>
              </Output>
              <Plans>
                <Plan>
                  <Node-Type>Seq Scan</Node-Type>
                  <Parent-Relationship>Outer</Parent-Relationship>
                  <Relation-Name>orders</Relation-Name>
                  <Schema>public</Schema>
                  <Alias>orders</Alias>
                  <Startup-Cost>0.00</Startup-Cost>
                  <Total-Cost>48213.00</Total-Cost>
                  <Plan-Rows>56824</Plan-Rows>
                  <Plan-Width>20</Plan-Width>
                  <Actual-Startup-Time>0.010</Actual-Startup-Time>
                  <Actual-Total-Time>291.687</Actual-Total-Time>
                  <Actual-Rows>57218</Actual-Rows>
                  <Actual-Loops>1</Actual-Loops>
                  <Output>
                    <Item>orders.o_orderkey</Item>
                    <Item>orders.o_custkey</Item>
                    <Item>orders.o_orderstatus</Item>
                    <Item>orders.o_totalprice</Item>
                    <Item>orders.o_orderdate</Item>
                    <Item>orders.o_orderpriority</Item>
                    <Item>orders.o_clerk</Item>
                    <Item>orders.o_shippriority</Item>
                    <Item>orders.o_comment</Item>
                  </Output>
                  <Filter>((orders.o_orderdate &gt;= '1993-07-01'::date) AND (orders.o_orderdate &lt; '1993-10-01 00:00:00'::timestamp without time zone))</Filter>
                  <Rows-Removed-by-Filter>1442782</Rows-Removed-by-Filter>
                </Plan>
                <Plan>
                  <Node-Type>Index Scan</Node-Type>
                  <Parent-Relationship>Inner</Parent-Relationship>
                  <Scan-Direction>Forward</Scan-Direction>
                  <Index-Name>l_orderkey_idx</Index-Name>
                  <Relation-Name>lineitem</Relation-Name>
                  <Schema>public</Schema>
                  <Alias>lineitem</Alias>
                  <Startup-Cost>0.43</Startup-Cost>
                  <Total-Cost>4.88</Total-Cost>
                  <Plan-Rows>5</Plan-Rows>
                  <Plan-Width>4</Plan-Width>
                  <Actual-Startup-Time>0.008</Actual-Startup-Time>
                  <Actual-Total-Time>0.008</Actual-Total-Time>
                  <Actual-Rows>1</Actual-Rows>
                  <Actual-Loops>57218</Actual-Loops>
                  <Output>
                    <Item>lineitem.l_orderkey</Item>
                    <Item>lineitem.l_partkey</Item>
                    <Item>lineitem.l_suppkey</Item>
                    <Item>lineitem.l_linenumber</Item>
                    <Item>lineitem.l_quantity</Item>
                    <Item>lineitem.l_extendedprice</Item>
                    <Item>lineitem.l_discount</Item>
                    <Item>lineitem.l_tax</Item>
                    <Item>lineitem.l_returnflag</Item>
                    <Item>lineitem.l_linestatus</Item>
                    <Item>lineitem.l_shipdate</Item>
                    <Item>lineitem.l_commitdate</Item>
                    <Item>lineitem.l_receiptdate</Item>
                    <Item>lineitem.l_shipinstruct</Item>
                    <Item>lineitem.l_shipmode</Item>
                    <Item>lineitem.l_comment</Item>
                  </Output>
                  <Index-Cond>(lineitem.l_orderkey = orders.o_orderkey)</Index-Cond>
                  <Rows-Removed-by-Index-Recheck>0</Rows-Removed-by-Index-Recheck>
                  <Filter>(lineitem.l_commitdate &lt; lineitem.l_receiptdate)</Filter>
                  <Rows-Removed-by-Filter>1</Rows-Removed-by-Filter>
                </Plan>
              </Plans>
            </Plan>
          </Plans>
        </Plan>
      </Plans>
    </Plan>
    <Planning-Time>2.001</Planning-Time>
    <Triggers>
    </Triggers>
    <Execution-Time>854.504</Execution-Time>
  </Query>
</explain>