<explain xmlns="http://www.postgresql.org/2009/explain">
  <Query>
    <Plan>
      <Node-Type>Sort</Node-Type>
      <Startup-Cost>84305.41</Startup-Cost>
      <Total-Cost>84305.47</Total-Cost>
      <Plan-Rows>25</Plan-Rows>
      <Plan-Width>116</Plan-Width>
      <Actual-Startup-Time>1470.956</Actual-Startup-Time>
      <Actual-Total-Time>1470.957</Actual-Total-Time>
      <Actual-Rows>5</Actual-Rows>
      <Actual-Loops>1</Actual-Loops>
      <Output>
        <Item>nation.n_name</Item>
        <Item>(sum((lineitem.l_extendedprice * (1::numeric - lineitem.l_discount))))</Item>
      </Output>
      <Sort-Key>
        <Item>(sum((lineitem.l_extendedprice * (1::numeric - lineitem.l_discount))))</Item>
      </Sort-Key>
      <Sort-Method>quicksort</Sort-Method>
      <Sort-Space-Used>17</Sort-Space-Used>
      <Sort-Space-Type>Memory</Sort-Space-Type>
      <Plans>
        <Plan>
          <Node-Type>Aggregate</Node-Type>
          <Strategy>Hashed</Strategy>
          <Parent-Relationship>Outer</Parent-Relationship>
          <Startup-Cost>84304.52</Startup-Cost>
          <Total-Cost>84304.83</Total-Cost>
          <Plan-Rows>25</Plan-Rows>
          <Plan-Width>116</Plan-Width>
          <Actual-Startup-Time>1470.947</Actual-Startup-Time>
          <Actual-Total-Time>1470.950</Actual-Total-Time>
          <Actual-Rows>5</Actual-Rows>
          <Actual-Loops>1</Actual-Loops>
          <Output>
            <Item>nation.n_name</Item>
            <Item>sum((lineitem.l_extendedprice * (1::numeric - lineitem.l_discount)))</Item>
          </Output>
          <Group-Key>
            <Item>nation.n_name</Item>
          </Group-Key>
          <Plans>
            <Plan>
              <Node-Type>Hash Join</Node-Type>
              <Parent-Relationship>Outer</Parent-Relationship>
              <Join-Type>Inner</Join-Type>
              <Startup-Cost>6218.37</Startup-Cost>
              <Total-Cost>84290.09</Total-Cost>
              <Plan-Rows>1443</Plan-Rows>
              <Plan-Width>116</Plan-Width>
              <Actual-Startup-Time>141.322</Actual-Startup-Time>
              <Actual-Total-Time>1462.603</Actual-Total-Time>
              <Actual-Rows>7243</Actual-Rows>
              <Actual-Loops>1</Actual-Loops>
              <Output>
                <Item>lineitem.l_extendedprice</Item>
                <Item>lineitem.l_discount</Item>
                <Item>nation.n_name</Item>
              </Output>
              <Hash-Cond>((lineitem.l_suppkey = supplier.s_suppkey) AND (customer.c_nationkey = supplier.s_nationkey))</Hash-Cond>
              <Plans>
                <Plan>
                  <Node-Type>Nested Loop</Node-Type>
                  <Parent-Relationship>Outer</Parent-Relationship>
                  <Join-Type>Inner</Join-Type>
                  <Startup-Cost>5748.37</Startup-Cost>
                  <Total-Cost>82723.41</Total-Cost>
                  <Plan-Rows>36075</Plan-Rows>
                  <Plan-Width>128</Plan-Width>
                  <Actual-Startup-Time>130.658</Actual-Startup-Time>
                  <Actual-Total-Time>1339.116</Actual-Total-Time>
                  <Actual-Rows>184082</Actual-Rows>
                  <Actual-Loops>1</Actual-Loops>
                  <Output>
                    <Item>customer.c_nationkey</Item>
                    <Item>lineitem.l_extendedprice</Item>
                    <Item>lineitem.l_discount</Item>
                    <Item>lineitem.l_suppkey</Item>
                    <Item>nation.n_name</Item>
                    <Item>nation.n_nationkey</Item>
                  </Output>
                  <Plans>
                    <Plan>
                      <Node-Type>Hash Join</Node-Type>
                      <Parent-Relationship>Outer</Parent-Relationship>
                      <Join-Type>Inner</Join-Type>
                      <Startup-Cost>5747.94</Startup-Cost>
                      <Total-Cost>54896.45</Total-Cost>
                      <Plan-Rows>9017</Plan-Rows>
                      <Plan-Width>116</Plan-Width>
                      <Actual-Startup-Time>130.638</Actual-Startup-Time>
                      <Actual-Total-Time>770.678</Actual-Total-Time>
                      <Actual-Rows>46008</Actual-Rows>
                      <Actual-Loops>1</Actual-Loops>
                      <Output>
                        <Item>customer.c_nationkey</Item>
                        <Item>orders.o_orderkey</Item>
                        <Item>nation.n_name</Item>
                        <Item>nation.n_nationkey</Item>
                      </Output>
                      <Hash-Cond>(orders.o_custkey = customer.c_custkey)</Hash-Cond>
                      <Plans>
                        <Plan>
                          <Node-Type>Seq Scan</Node-Type>
                          <Parent-Relationship>Outer</Parent-Relationship>
                          <Relation-Name>orders</Relation-Name>
                          <Schema>public</Schema>
                          <Alias>orders</Alias>
                          <Startup-Cost>0.00</Startup-Cost>
                          <Total-Cost>48213.00</Total-Cost>
                          <Plan-Rows>225423</Plan-Rows>
                          <Plan-Width>8</Plan-Width>
                          <Actual-Startup-Time>0.007</Actual-Startup-Time>
                          <Actual-Total-Time>327.621</Actual-Total-Time>
                          <Actual-Rows>227597</Actual-Rows>
                          <Actual-Loops>1</Actual-Loops>
                          <Output>
                            <Item>orders.o_orderkey</Item>
                            <Item>orders.o_custkey</Item>
                            <Item>orders.o_orderstatus</Item>
                            <Item>orders.o_totalprice</Item>
                            <Item>orders.o_orderdate</Item>
                            <Item>orders.o_orderpriority</Item>
                            <Item>orders.o_clerk</Item>
                            <Item>orders.o_shippriority</Item>
                            <Item>orders.o_comment</Item>
                          </Output>
                          <Filter>((orders.o_orderdate &gt;= '1994-01-01'::date) AND (orders.o_orderdate &lt; '1995-01-01 00:00:00'::timestamp without time zone))</Filter>
                          <Rows-Removed-by-Filter>1272403</Rows-Removed-by-Filter>
                        </Plan>
                        <Plan>
                          <Node-Type>Hash</Node-Type>
                          <Parent-Relationship>Inner</Parent-Relationship>
                          <Startup-Cost>5672.94</Startup-Cost>
                          <Total-Cost>5672.94</Total-Cost>
                          <Plan-Rows>6000</Plan-Rows>
                          <Plan-Width>116</Plan-Width>
                          <Actual-Startup-Time>130.606</Actual-Startup-Time>
                          <Actual-Total-Time>130.606</Actual-Total-Time>
                          <Actual-Rows>30183</Actual-Rows>
                          <Actual-Loops>1</Actual-Loops>
                          <Output>
                            <Item>customer.c_custkey</Item>
                            <Item>customer.c_nationkey</Item>
                            <Item>nation.n_name</Item>
                            <Item>nation.n_nationkey</Item>
                          </Output>
                          <Hash-Buckets>1024</Hash-Buckets>
                          <Hash-Batches>1</Hash-Batches>
                          <Original-Hash-Batches>1</Original-Hash-Batches>
                          <Peak-Memory-Usage>1769</Peak-Memory-Usage>
                          <Plans>
                            <Plan>
                              <Node-Type>Hash Join</Node-Type>
                              <Parent-Relationship>Outer</Parent-Relationship>
                              <Join-Type>Inner</Join-Type>
                              <Startup-Cost>2.44</Startup-Cost>
                              <Total-Cost>5672.94</Total-Cost>
                              <Plan-Rows>6000</Plan-Rows>
                              <Plan-Width>116</Plan-Width>
                              <Actual-Startup-Time>0.278</Actual-Startup-Time>
                              <Actual-Total-Time>116.555</Actual-Total-Time>
                              <Actual-Rows>30183</Actual-Rows>
                              <Actual-Loops>1</Actual-Loops>
                              <Output>
                                <Item>customer.c_custkey</Item>
                                <Item>customer.c_nationkey</Item>
                                <Item>nation.n_name</Item>
                                <Item>nation.n_nationkey</Item>
                              </Output>
                              <Hash-Cond>(customer.c_nationkey = nation.n_nationkey)</Hash-Cond>
                              <Plans>
                                <Plan>
                                  <Node-Type>Seq Scan</Node-Type>
                                  <Parent-Relationship>Outer</Parent-Relationship>
                                  <Relation-Name>customer</Relation-Name>
                                  <Schema>public</Schema>
                                  <Alias>customer</Alias>
                                  <Startup-Cost>0.00</Startup-Cost>
                                  <Total-Cost>5048.00</Total-Cost>
                                  <Plan-Rows>150000</Plan-Rows>
                                  <Plan-Width>8</Plan-Width>
                                  <Actual-Startup-Time>0.002</Actual-Startup-Time>
                                  <Actual-Total-Time>57.356</Actual-Total-Time>
                                  <Actual-Rows>150000</Actual-Rows>
                                  <Actual-Loops>1</Actual-Loops>
                                  <Output>
                                    <Item>customer.c_custkey</Item>
                                    <Item>customer.c_name</Item>
                                    <Item>customer.c_address</Item>
                                    <Item>customer.c_nationkey</Item>
                                    <Item>customer.c_phone</Item>
                                    <Item>customer.c_acctbal</Item>
                                    <Item>customer.c_mktsegment</Item>
                                    <Item>customer.c_comment</Item>
                                  </Output>
                                </Plan>
                                <Plan>
                                  <Node-Type>Hash</Node-Type>
                                  <Parent-Relationship>Inner</Parent-Relationship>
                                  <Startup-Cost>2.43</Startup-Cost>
                                  <Total-Cost>2.43</Total-Cost>
                                  <Plan-Rows>1</Plan-Rows>
                                  <Plan-Width>108</Plan-Width>
                                  <Actual-Startup-Time>0.261</Actual-Startup-Time>
                                  <Actual-Total-Time>0.261</Actual-Total-Time>
                                  <Actual-Rows>5</Actual-Rows>
                                  <Actual-Loops>1</Actual-Loops>
                                  <Output>
                                    <Item>nation.n_name</Item>
                                    <Item>nation.n_nationkey</Item>
                                  </Output>
                                  <Hash-Buckets>1024</Hash-Buckets>
                                  <Hash-Batches>1</Hash-Batches>
                                  <Original-Hash-Batches>1</Original-Hash-Batches>
                                  <Peak-Memory-Usage>1</Peak-Memory-Usage>
                                  <Plans>
                                    <Plan>
                                      <Node-Type>Hash Join</Node-Type>
                                      <Parent-Relationship>Outer</Parent-Relationship>
                                      <Join-Type>Inner</Join-Type>
                                      <Startup-Cost>1.07</Startup-Cost>
                                      <Total-Cost>2.43</Total-Cost>
                                      <Plan-Rows>1</Plan-Rows>
                                      <Plan-Width>108</Plan-Width>
                                      <Actual-Startup-Time>0.245</Actual-Startup-Time>
                                      <Actual-Total-Time>0.258</Actual-Total-Time>
                                      <Actual-Rows>5</Actual-Rows>
                                      <Actual-Loops>1</Actual-Loops>
                                      <Output>
                                        <Item>nation.n_name</Item>
                                        <Item>nation.n_nationkey</Item>
                                      </Output>
                                      <Hash-Cond>(nation.n_regionkey = region.r_regionkey)</Hash-Cond>
                                      <Plans>
                                        <Plan>
                                          <Node-Type>Seq Scan</Node-Type>
                                          <Parent-Relationship>Outer</Parent-Relationship>
                                          <Relation-Name>nation</Relation-Name>
                                          <Schema>public</Schema>
                                          <Alias>nation</Alias>
                                          <Startup-Cost>0.00</Startup-Cost>
                                          <Total-Cost>1.25</Total-Cost>
                                          <Plan-Rows>25</Plan-Rows>
                                          <Plan-Width>112</Plan-Width>
                                          <Actual-Startup-Time>0.008</Actual-Startup-Time>
                                          <Actual-Total-Time>0.017</Actual-Total-Time>
                                          <Actual-Rows>25</Actual-Rows>
                                          <Actual-Loops>1</Actual-Loops>
                                          <Output>
                                            <Item>nation.n_nationkey</Item>
                                            <Item>nation.n_name</Item>
                                            <Item>nation.n_regionkey</Item>
                                            <Item>nation.n_comment</Item>
                                          </Output>
                                        </Plan>
                                        <Plan>
                                          <Node-Type>Hash</Node-Type>
                                          <Parent-Relationship>Inner</Parent-Relationship>
                                          <Startup-Cost>1.06</Startup-Cost>
                                          <Total-Cost>1.06</Total-Cost>
                                          <Plan-Rows>1</Plan-Rows>
                                          <Plan-Width>4</Plan-Width>
                                          <Actual-Startup-Time>0.221</Actual-Startup-Time>
                                          <Actual-Total-Time>0.221</Actual-Total-Time>
                                          <Actual-Rows>1</Actual-Rows>
                                          <Actual-Loops>1</Actual-Loops>
                                          <Output>
                                            <Item>region.r_regionkey</Item>
                                          </Output>
                                          <Hash-Buckets>1024</Hash-Buckets>
                                          <Hash-Batches>1</Hash-Batches>
                                          <Original-Hash-Batches>1</Original-Hash-Batches>
                                          <Peak-Memory-Usage>1</Peak-Memory-Usage>
                                          <Plans>
                                            <Plan>
                                              <Node-Type>Seq Scan</Node-Type>
                                              <Parent-Relationship>Outer</Parent-Relationship>
                                              <Relation-Name>region</Relation-Name>
                                              <Schema>public</Schema>
                                              <Alias>region</Alias>
                                              <Startup-Cost>0.00</Startup-Cost>
                                              <Total-Cost>1.06</Total-Cost>
                                              <Plan-Rows>1</Plan-Rows>
                                              <Plan-Width>4</Plan-Width>
                                              <Actual-Startup-Time>0.217</Actual-Startup-Time>
                                              <Actual-Total-Time>0.218</Actual-Total-Time>
                                              <Actual-Rows>1</Actual-Rows>
                                              <Actual-Loops>1</Actual-Loops>
                                              <Output>
                                                <Item>region.r_regionkey</Item>
                                              </Output>
                                              <Filter>(region.r_name = 'ASIA'::bpchar)</Filter>
                                              <Rows-Removed-by-Filter>4</Rows-Removed-by-Filter>
                                            </Plan>
                                          </Plans>
                                        </Plan>
                                      </Plans>
                                    </Plan>
                                  </Plans>
                                </Plan>
                              </Plans>
                            </Plan>
                          </Plans>
                        </Plan>
                      </Plans>
                    </Plan>
                    <Plan>
                      <Node-Type>Index Scan</Node-Type>
                      <Parent-Relationship>Inner</Parent-Relationship>
                      <Scan-Direction>Forward</Scan-Direction>
                      <Index-Name>l_orderkey_idx</Index-Name>
                      <Relation-Name>lineitem</Relation-Name>
                      <Schema>public</Schema>
                      <Alias>lineitem</Alias>
                      <Startup-Cost>0.43</Startup-Cost>
                      <Total-Cost>2.94</Total-Cost>
                      <Plan-Rows>15</Plan-Rows>
                      <Plan-Width>20</Plan-Width>
                      <Actual-Startup-Time>0.007</Actual-Startup-Time>
                      <Actual-Total-Time>0.009</Actual-Total-Time>
                      <Actual-Rows>4</Actual-Rows>
                      <Actual-Loops>46008</Actual-Loops>
                      <Output>
                        <Item>lineitem.l_orderkey</Item>
                        <Item>lineitem.l_partkey</Item>
                        <Item>lineitem.l_suppkey</Item>
                        <Item>lineitem.l_linenumber</Item>
                        <Item>lineitem.l_quantity</Item>
                        <Item>lineitem.l_extendedprice</Item>
                        <Item>lineitem.l_discount</Item>
                        <Item>lineitem.l_tax</Item>
                        <Item>lineitem.l_returnflag</Item>
                        <Item>lineitem.l_linestatus</Item>
                        <Item>lineitem.l_shipdate</Item>
                        <Item>lineitem.l_commitdate</Item>
                        <Item>lineitem.l_receiptdate</Item>
                        <Item>lineitem.l_shipinstruct</Item>
                        <Item>lineitem.l_shipmode</Item>
                        <Item>lineitem.l_comment</Item>
                      </Output>
                      <Index-Cond>(lineitem.l_orderkey = orders.o_orderkey)</Index-Cond>
                      <Rows-Removed-by-Index-Recheck>0</Rows-Removed-by-Index-Recheck>
                    </Plan>
                  </Plans>
                </Plan>
                <Plan>
                  <Node-Type>Hash</Node-Type>
                  <Parent-Relationship>Inner</Parent-Relationship>
                  <Startup-Cost>320.00</Startup-Cost>
                  <Total-Cost>320.00</Total-Cost>
                  <Plan-Rows>10000</Plan-Rows>
                  <Plan-Width>8</Plan-Width>
                  <Actual-Startup-Time>10.640</Actual-Startup-Time>
                  <Actual-Total-Time>10.640</Actual-Total-Time>
                  <Actual-Rows>10000</Actual-Rows>
                  <Actual-Loops>1</Actual-Loops>
                  <Output>
                    <Item>supplier.s_suppkey</Item>
                    <Item>supplier.s_nationkey</Item>
                  </Output>
                  <Hash-Buckets>1024</Hash-Buckets>
                  <Hash-Batches>1</Hash-Batches>
                  <Original-Hash-Batches>1</Original-Hash-Batches>
                  <Peak-Memory-Usage>274</Peak-Memory-Usage>
                  <Plans>
                    <Plan>
                      <Node-Type>Seq Scan</Node-Type>
                      <Parent-Relationship>Outer</Parent-Relationship>
                      <Relation-Name>supplier</Relation-Name>
                      <Schema>public</Schema>
                      <Alias>supplier</Alias>
                      <Startup-Cost>0.00</Startup-Cost>
                      <Total-Cost>320.00</Total-Cost>
                      <Plan-Rows>10000</Plan-Rows>
                      <Plan-Width>8</Plan-Width>
                      <Actual-Startup-Time>0.003</Actual-Startup-Time>
                      <Actual-Total-Time>6.272</Actual-Total-Time>
                      <Actual-Rows>10000</Actual-Rows>
                      <Actual-Loops>1</Actual-Loops>
                      <Output>
                        <Item>supplier.s_suppkey</Item>
                        <Item>supplier.s_nationkey</Item>
                      </Output>
                    </Plan>
                  </Plans>
                </Plan>
              </Plans>
            </Plan>
          </Plans>
        </Plan>
      </Plans>
    </Plan>
    <Planning-Time>3.622</Planning-Time>
    <Triggers>
    </Triggers>
    <Execution-Time>1471.265</Execution-Time>
  </Query>
</explain>