<explain xmlns="http://www.postgresql.org/2009/explain">
  <Query>
    <Plan>
      <Node-Type>Aggregate</Node-Type>
      <Strategy>Plain</Strategy>
      <Startup-Cost>246610.46</Startup-Cost>
      <Total-Cost>246610.47</Total-Cost>
      <Plan-Rows>1</Plan-Rows>
      <Plan-Width>12</Plan-Width>
      <Actual-Startup-Time>1504.957</Actual-Startup-Time>
      <Actual-Total-Time>1504.957</Actual-Total-Time>
      <Actual-Rows>1</Actual-Rows>
      <Actual-Loops>1</Actual-Loops>
      <Output>
        <Item>sum((l_extendedprice * l_discount))</Item>
      </Output>
      <Plans>
        <Plan>
          <Node-Type>Seq Scan</Node-Type>
          <Parent-Relationship>Outer</Parent-Relationship>
          <Relation-Name>lineitem</Relation-Name>
          <Schema>public</Schema>
          <Alias>lineitem</Alias>
          <Startup-Cost>0.00</Startup-Cost>
          <Total-Cost>246039.34</Total-Cost>
          <Plan-Rows>114224</Plan-Rows>
          <Plan-Width>12</Plan-Width>
          <Actual-Startup-Time>0.050</Actual-Startup-Time>
          <Actual-Total-Time>1442.943</Actual-Total-Time>
          <Actual-Rows>114160</Actual-Rows>
          <Actual-Loops>1</Actual-Loops>
          <Output>
            <Item>l_orderkey</Item>
            <Item>l_partkey</Item>
            <Item>l_suppkey</Item>
            <Item>l_linenumber</Item>
            <Item>l_quantity</Item>
            <Item>l_extendedprice</Item>
            <Item>l_discount</Item>
            <Item>l_tax</Item>
            <Item>l_returnflag</Item>
            <Item>l_linestatus</Item>
            <Item>l_shipdate</Item>
            <Item>l_commitdate</Item>
            <Item>l_receiptdate</Item>
            <Item>l_shipinstruct</Item>
            <Item>l_shipmode</Item>
            <Item>l_comment</Item>
          </Output>
          <Filter>((lineitem.l_shipdate &gt;= '1994-01-01'::date) AND (lineitem.l_shipdate &lt; '1995-01-01 00:00:00'::timestamp without time zone) AND (lineitem.l_discount &gt;= 0.05) AND (lineitem.l_discount &lt;= 0.07) AND (lineitem.l_quantity &lt; 24::numeric))</Filter>
          <Rows-Removed-by-Filter>5887055</Rows-Removed-by-Filter>
        </Plan>
      </Plans>
    </Plan>
    <Planning-Time>0.061</Planning-Time>
    <Triggers>
    </Triggers>
    <Execution-Time>1504.975</Execution-Time>
  </Query>
</explain>