<explain xmlns="http://www.postgresql.org/2009/explain">
  <Query>
    <Plan>
      <Node-Type>Sort</Node-Type>
      <Startup-Cost>206949.89</Startup-Cost>
      <Total-Cost>206957.58</Total-Cost>
      <Plan-Rows>3076</Plan-Rows>
      <Plan-Width>224</Plan-Width>
      <Actual-Startup-Time>2455.324</Actual-Startup-Time>
      <Actual-Total-Time>2455.325</Actual-Total-Time>
      <Actual-Rows>4</Actual-Rows>
      <Actual-Loops>1</Actual-Loops>
      <Output>
        <Item>n1.n_name</Item>
        <Item>n2.n_name</Item>
        <Item>(date_part('year'::text, (lineitem.l_shipdate)::timestamp without time zone))</Item>
        <Item>(sum((lineitem.l_extendedprice * (1::numeric - lineitem.l_discount))))</Item>
      </Output>
      <Sort-Key>
        <Item>n1.n_name</Item>
        <Item>n2.n_name</Item>
        <Item>(date_part('year'::text, (lineitem.l_shipdate)::timestamp without time zone))</Item>
      </Sort-Key>
      <Sort-Method>quicksort</Sort-Method>
      <Sort-Space-Used>17</Sort-Space-Used>
      <Sort-Space-Type>Memory</Sort-Space-Type>
      <Plans>
        <Plan>
          <Node-Type>Aggregate</Node-Type>
          <Strategy>Hashed</Strategy>
          <Parent-Relationship>Outer</Parent-Relationship>
          <Startup-Cost>206717.86</Startup-Cost>
          <Total-Cost>206771.68</Total-Cost>
          <Plan-Rows>3076</Plan-Rows>
          <Plan-Width>224</Plan-Width>
          <Actual-Startup-Time>2455.133</Actual-Startup-Time>
          <Actual-Total-Time>2455.138</Actual-Total-Time>
          <Actual-Rows>4</Actual-Rows>
          <Actual-Loops>1</Actual-Loops>
          <Output>
            <Item>n1.n_name</Item>
            <Item>n2.n_name</Item>
            <Item>(date_part('year'::text, (lineitem.l_shipdate)::timestamp without time zone))</Item>
            <Item>sum((lineitem.l_extendedprice * (1::numeric - lineitem.l_discount)))</Item>
          </Output>
          <Group-Key>
            <Item>n1.n_name</Item>
            <Item>n2.n_name</Item>
            <Item>date_part('year'::text, (lineitem.l_shipdate)::timestamp without time zone)</Item>
          </Group-Key>
          <Plans>
            <Plan>
              <Node-Type>Hash Join</Node-Type>
              <Parent-Relationship>Outer</Parent-Relationship>
              <Join-Type>Inner</Join-Type>
              <Startup-Cost>6259.23</Startup-Cost>
              <Total-Cost>206626.22</Total-Cost>
              <Plan-Rows>6109</Plan-Rows>
              <Plan-Width>224</Plan-Width>
              <Actual-Startup-Time>140.783</Actual-Startup-Time>
              <Actual-Total-Time>2446.176</Actual-Total-Time>
              <Actual-Rows>5924</Actual-Rows>
              <Actual-Loops>1</Actual-Loops>
              <Output>
                <Item>n1.n_name</Item>
                <Item>n2.n_name</Item>
                <Item>date_part('year'::text, (lineitem.l_shipdate)::timestamp without time zone)</Item>
                <Item>lineitem.l_extendedprice</Item>
                <Item>lineitem.l_discount</Item>
              </Output>
              <Hash-Cond>(lineitem.l_suppkey = supplier.s_suppkey)</Hash-Cond>
              <Join-Filter>(((n1.n_name = 'FRANCE'::bpchar) AND (n2.n_name = 'GERMANY'::bpchar)) OR ((n1.n_name = 'GERMANY'::bpchar) AND (n2.n_name = 'FRANCE'::bpchar)))</Join-Filter>
              <Rows-Removed-by-Join-Filter>5799</Rows-Removed-by-Join-Filter>
              <Plans>
                <Plan>
                  <Node-Type>Nested Loop</Node-Type>
                  <Parent-Relationship>Outer</Parent-Relationship>
                  <Join-Type>Inner</Join-Type>
                  <Startup-Cost>5882.33</Startup-Cost>
                  <Total-Cost>205433.46</Total-Cost>
                  <Plan-Rows>146788</Plan-Rows>
                  <Plan-Width>124</Plan-Width>
                  <Actual-Startup-Time>129.511</Actual-Startup-Time>
                  <Actual-Total-Time>2368.432</Actual-Total-Time>
                  <Actual-Rows>148370</Actual-Rows>
                  <Actual-Loops>1</Actual-Loops>
                  <Output>
                    <Item>lineitem.l_shipdate</Item>
                    <Item>lineitem.l_extendedprice</Item>
                    <Item>lineitem.l_discount</Item>
                    <Item>lineitem.l_suppkey</Item>
                    <Item>n2.n_name</Item>
                  </Output>
                  <Plans>
                    <Plan>
                      <Node-Type>Hash Join</Node-Type>
                      <Parent-Relationship>Outer</Parent-Relationship>
                      <Join-Type>Inner</Join-Type>
                      <Startup-Cost>5881.90</Startup-Cost>
                      <Total-Cost>62794.90</Total-Cost>
                      <Plan-Rows>120000</Plan-Rows>
                      <Plan-Width>108</Plan-Width>
                      <Actual-Startup-Time>129.411</Actual-Startup-Time>
                      <Actual-Total-Time>1464.163</Actual-Total-Time>
                      <Actual-Rows>121324</Actual-Rows>
                      <Actual-Loops>1</Actual-Loops>
                      <Output>
                        <Item>orders.o_orderkey</Item>
                        <Item>n2.n_name</Item>
                      </Output>
                      <Hash-Cond>(orders.o_custkey = customer.c_custkey)</Hash-Cond>
                      <Plans>
                        <Plan>
                          <Node-Type>Seq Scan</Node-Type>
                          <Parent-Relationship>Outer</Parent-Relationship>
                          <Relation-Name>orders</Relation-Name>
                          <Schema>public</Schema>
                          <Alias>orders</Alias>
                          <Startup-Cost>0.00</Startup-Cost>
                          <Total-Cost>40713.00</Total-Cost>
                          <Plan-Rows>1500000</Plan-Rows>
                          <Plan-Width>8</Plan-Width>
                          <Actual-Startup-Time>0.003</Actual-Startup-Time>
                          <Actual-Total-Time>586.564</Actual-Total-Time>
                          <Actual-Rows>1500000</Actual-Rows>
                          <Actual-Loops>1</Actual-Loops>
                          <Output>
                            <Item>orders.o_orderkey</Item>
                            <Item>orders.o_custkey</Item>
                            <Item>orders.o_orderstatus</Item>
                            <Item>orders.o_totalprice</Item>
                            <Item>orders.o_orderdate</Item>
                            <Item>orders.o_orderpriority</Item>
                            <Item>orders.o_clerk</Item>
                            <Item>orders.o_shippriority</Item>
                            <Item>orders.o_comment</Item>
                          </Output>
                        </Plan>
                        <Plan>
                          <Node-Type>Hash</Node-Type>
                          <Parent-Relationship>Inner</Parent-Relationship>
                          <Startup-Cost>5731.90</Startup-Cost>
                          <Total-Cost>5731.90</Total-Cost>
                          <Plan-Rows>12000</Plan-Rows>
                          <Plan-Width>108</Plan-Width>
                          <Actual-Startup-Time>129.381</Actual-Startup-Time>
                          <Actual-Total-Time>129.381</Actual-Total-Time>
                          <Actual-Rows>12008</Actual-Rows>
                          <Actual-Loops>1</Actual-Loops>
                          <Output>
                            <Item>customer.c_custkey</Item>
                            <Item>n2.n_name</Item>
                          </Output>
                          <Hash-Buckets>2048</Hash-Buckets>
                          <Hash-Batches>1</Hash-Batches>
                          <Original-Hash-Batches>1</Original-Hash-Batches>
                          <Peak-Memory-Usage>587</Peak-Memory-Usage>
                          <Plans>
                            <Plan>
                              <Node-Type>Hash Join</Node-Type>
                              <Parent-Relationship>Outer</Parent-Relationship>
                              <Join-Type>Inner</Join-Type>
                              <Startup-Cost>1.40</Startup-Cost>
                              <Total-Cost>5731.90</Total-Cost>
                              <Plan-Rows>12000</Plan-Rows>
                              <Plan-Width>108</Plan-Width>
                              <Actual-Startup-Time>0.036</Actual-Startup-Time>
                              <Actual-Total-Time>123.171</Actual-Total-Time>
                              <Actual-Rows>12008</Actual-Rows>
                              <Actual-Loops>1</Actual-Loops>
                              <Output>
                                <Item>customer.c_custkey</Item>
                                <Item>n2.n_name</Item>
                              </Output>
                              <Hash-Cond>(customer.c_nationkey = n2.n_nationkey)</Hash-Cond>
                              <Plans>
                                <Plan>
                                  <Node-Type>Seq Scan</Node-Type>
                                  <Parent-Relationship>Outer</Parent-Relationship>
                                  <Relation-Name>customer</Relation-Name>
                                  <Schema>public</Schema>
                                  <Alias>customer</Alias>
                                  <Startup-Cost>0.00</Startup-Cost>
                                  <Total-Cost>5048.00</Total-Cost>
                                  <Plan-Rows>150000</Plan-Rows>
                                  <Plan-Width>8</Plan-Width>
                                  <Actual-Startup-Time>0.002</Actual-Startup-Time>
                                  <Actual-Total-Time>64.028</Actual-Total-Time>
                                  <Actual-Rows>150000</Actual-Rows>
                                  <Actual-Loops>1</Actual-Loops>
                                  <Output>
                                    <Item>customer.c_custkey</Item>
                                    <Item>customer.c_name</Item>
                                    <Item>customer.c_address</Item>
                                    <Item>customer.c_nationkey</Item>
                                    <Item>customer.c_phone</Item>
                                    <Item>customer.c_acctbal</Item>
                                    <Item>customer.c_mktsegment</Item>
                                    <Item>customer.c_comment</Item>
                                  </Output>
                                </Plan>
                                <Plan>
                                  <Node-Type>Hash</Node-Type>
                                  <Parent-Relationship>Inner</Parent-Relationship>
                                  <Startup-Cost>1.38</Startup-Cost>
                                  <Total-Cost>1.38</Total-Cost>
                                  <Plan-Rows>2</Plan-Rows>
                                  <Plan-Width>108</Plan-Width>
                                  <Actual-Startup-Time>0.011</Actual-Startup-Time>
                                  <Actual-Total-Time>0.011</Actual-Total-Time>
                                  <Actual-Rows>2</Actual-Rows>
                                  <Actual-Loops>1</Actual-Loops>
                                  <Output>
                                    <Item>n2.n_name</Item>
                                    <Item>n2.n_nationkey</Item>
                                  </Output>
                                  <Hash-Buckets>1024</Hash-Buckets>
                                  <Hash-Batches>1</Hash-Batches>
                                  <Original-Hash-Batches>1</Original-Hash-Batches>
                                  <Peak-Memory-Usage>1</Peak-Memory-Usage>
                                  <Plans>
                                    <Plan>
                                      <Node-Type>Seq Scan</Node-Type>
                                      <Parent-Relationship>Outer</Parent-Relationship>
                                      <Relation-Name>nation</Relation-Name>
                                      <Schema>public</Schema>
                                      <Alias>n2</Alias>
                                      <Startup-Cost>0.00</Startup-Cost>
                                      <Total-Cost>1.38</Total-Cost>
                                      <Plan-Rows>2</Plan-Rows>
                                      <Plan-Width>108</Plan-Width>
                                      <Actual-Startup-Time>0.006</Actual-Startup-Time>
                                      <Actual-Total-Time>0.009</Actual-Total-Time>
                                      <Actual-Rows>2</Actual-Rows>
                                      <Actual-Loops>1</Actual-Loops>
                                      <Output>
                                        <Item>n2.n_name</Item>
                                        <Item>n2.n_nationkey</Item>
                                      </Output>
                                      <Filter>((n2.n_name = 'GERMANY'::bpchar) OR (n2.n_name = 'FRANCE'::bpchar))</Filter>
                                      <Rows-Removed-by-Filter>23</Rows-Removed-by-Filter>
                                    </Plan>
                                  </Plans>
                                </Plan>
                              </Plans>
                            </Plan>
                          </Plans>
                        </Plan>
                      </Plans>
                    </Plan>
                    <Plan>
                      <Node-Type>Index Scan</Node-Type>
                      <Parent-Relationship>Inner</Parent-Relationship>
                      <Scan-Direction>Forward</Scan-Direction>
                      <Index-Name>l_orderkey_idx</Index-Name>
                      <Relation-Name>lineitem</Relation-Name>
                      <Schema>public</Schema>
                      <Alias>lineitem</Alias>
                      <Startup-Cost>0.43</Startup-Cost>
                      <Total-Cost>1.14</Total-Cost>
                      <Plan-Rows>5</Plan-Rows>
                      <Plan-Width>24</Plan-Width>
                      <Actual-Startup-Time>0.005</Actual-Startup-Time>
                      <Actual-Total-Time>0.006</Actual-Total-Time>
                      <Actual-Rows>1</Actual-Rows>
                      <Actual-Loops>121324</Actual-Loops>
                      <Output>
                        <Item>lineitem.l_orderkey</Item>
                        <Item>lineitem.l_partkey</Item>
                        <Item>lineitem.l_suppkey</Item>
                        <Item>lineitem.l_linenumber</Item>
                        <Item>lineitem.l_quantity</Item>
                        <Item>lineitem.l_extendedprice</Item>
                        <Item>lineitem.l_discount</Item>
                        <Item>lineitem.l_tax</Item>
                        <Item>lineitem.l_returnflag</Item>
                        <Item>lineitem.l_linestatus</Item>
                        <Item>lineitem.l_shipdate</Item>
                        <Item>lineitem.l_commitdate</Item>
                        <Item>lineitem.l_receiptdate</Item>
                        <Item>lineitem.l_shipinstruct</Item>
                        <Item>lineitem.l_shipmode</Item>
                        <Item>lineitem.l_comment</Item>
                      </Output>
                      <Index-Cond>(lineitem.l_orderkey = orders.o_orderkey)</Index-Cond>
                      <Rows-Removed-by-Index-Recheck>0</Rows-Removed-by-Index-Recheck>
                      <Filter>((lineitem.l_shipdate &gt;= '1995-01-01'::date) AND (lineitem.l_shipdate &lt;= '1996-12-31'::date))</Filter>
                      <Rows-Removed-by-Filter>3</Rows-Removed-by-Filter>
                    </Plan>
                  </Plans>
                </Plan>
                <Plan>
                  <Node-Type>Hash</Node-Type>
                  <Parent-Relationship>Inner</Parent-Relationship>
                  <Startup-Cost>366.90</Startup-Cost>
                  <Total-Cost>366.90</Total-Cost>
                  <Plan-Rows>800</Plan-Rows>
                  <Plan-Width>108</Plan-Width>
                  <Actual-Startup-Time>9.514</Actual-Startup-Time>
                  <Actual-Total-Time>9.514</Actual-Total-Time>
                  <Actual-Rows>798</Actual-Rows>
                  <Actual-Loops>1</Actual-Loops>
                  <Output>
                    <Item>supplier.s_suppkey</Item>
                    <Item>n1.n_name</Item>
                  </Output>
                  <Hash-Buckets>1024</Hash-Buckets>
                  <Hash-Batches>1</Hash-Batches>
                  <Original-Hash-Batches>1</Original-Hash-Batches>
                  <Peak-Memory-Usage>39</Peak-Memory-Usage>
                  <Plans>
                    <Plan>
                      <Node-Type>Hash Join</Node-Type>
                      <Parent-Relationship>Outer</Parent-Relationship>
                      <Join-Type>Inner</Join-Type>
                      <Startup-Cost>1.40</Startup-Cost>
                      <Total-Cost>366.90</Total-Cost>
                      <Plan-Rows>800</Plan-Rows>
                      <Plan-Width>108</Plan-Width>
                      <Actual-Startup-Time>0.053</Actual-Startup-Time>
                      <Actual-Total-Time>9.071</Actual-Total-Time>
                      <Actual-Rows>798</Actual-Rows>
                      <Actual-Loops>1</Actual-Loops>
                      <Output>
                        <Item>supplier.s_suppkey</Item>
                        <Item>n1.n_name</Item>
                      </Output>
                      <Hash-Cond>(supplier.s_nationkey = n1.n_nationkey)</Hash-Cond>
                      <Plans>
                        <Plan>
                          <Node-Type>Seq Scan</Node-Type>
                          <Parent-Relationship>Outer</Parent-Relationship>
                          <Relation-Name>supplier</Relation-Name>
                          <Schema>public</Schema>
                          <Alias>supplier</Alias>
                          <Startup-Cost>0.00</Startup-Cost>
                          <Total-Cost>320.00</Total-Cost>
                          <Plan-Rows>10000</Plan-Rows>
                          <Plan-Width>8</Plan-Width>
                          <Actual-Startup-Time>0.003</Actual-Startup-Time>
                          <Actual-Total-Time>4.871</Actual-Total-Time>
                          <Actual-Rows>10000</Actual-Rows>
                          <Actual-Loops>1</Actual-Loops>
                          <Output>
                            <Item>supplier.s_suppkey</Item>
                            <Item>supplier.s_name</Item>
                            <Item>supplier.s_address</Item>
                            <Item>supplier.s_nationkey</Item>
                            <Item>supplier.s_phone</Item>
                            <Item>supplier.s_acctbal</Item>
                            <Item>supplier.s_comment</Item>
                          </Output>
                        </Plan>
                        <Plan>
                          <Node-Type>Hash</Node-Type>
                          <Parent-Relationship>Inner</Parent-Relationship>
                          <Startup-Cost>1.38</Startup-Cost>
                          <Total-Cost>1.38</Total-Cost>
                          <Plan-Rows>2</Plan-Rows>
                          <Plan-Width>108</Plan-Width>
                          <Actual-Startup-Time>0.021</Actual-Startup-Time>
                          <Actual-Total-Time>0.021</Actual-Total-Time>
                          <Actual-Rows>2</Actual-Rows>
                          <Actual-Loops>1</Actual-Loops>
                          <Output>
                            <Item>n1.n_name</Item>
                            <Item>n1.n_nationkey</Item>
                          </Output>
                          <Hash-Buckets>1024</Hash-Buckets>
                          <Hash-Batches>1</Hash-Batches>
                          <Original-Hash-Batches>1</Original-Hash-Batches>
                          <Peak-Memory-Usage>1</Peak-Memory-Usage>
                          <Plans>
                            <Plan>
                              <Node-Type>Seq Scan</Node-Type>
                              <Parent-Relationship>Outer</Parent-Relationship>
                              <Relation-Name>nation</Relation-Name>
                              <Schema>public</Schema>
                              <Alias>n1</Alias>
                              <Startup-Cost>0.00</Startup-Cost>
                              <Total-Cost>1.38</Total-Cost>
                              <Plan-Rows>2</Plan-Rows>
                              <Plan-Width>108</Plan-Width>
                              <Actual-Startup-Time>0.015</Actual-Startup-Time>
                              <Actual-Total-Time>0.020</Actual-Total-Time>
                              <Actual-Rows>2</Actual-Rows>
                              <Actual-Loops>1</Actual-Loops>
                              <Output>
                                <Item>n1.n_name</Item>
                                <Item>n1.n_nationkey</Item>
                              </Output>
                              <Filter>((n1.n_name = 'FRANCE'::bpchar) OR (n1.n_name = 'GERMANY'::bpchar))</Filter>
                              <Rows-Removed-by-Filter>23</Rows-Removed-by-Filter>
                            </Plan>
                          </Plans>
                        </Plan>
                      </Plans>
                    </Plan>
                  </Plans>
                </Plan>
              </Plans>
            </Plan>
          </Plans>
        </Plan>
      </Plans>
    </Plan>
    <Planning-Time>2.427</Planning-Time>
    <Triggers>
    </Triggers>
    <Execution-Time>2455.483</Execution-Time>
  </Query>
</explain>