<explain xmlns="http://www.postgresql.org/2009/explain">
  <Query>
    <Plan>
      <Node-Type>Aggregate</Node-Type>
      <Strategy>Sorted</Strategy>
      <Startup-Cost>99023.32</Startup-Cost>
      <Total-Cost>99045.42</Total-Cost>
      <Plan-Rows>491</Plan-Rows>
      <Plan-Width>120</Plan-Width>
      <Actual-Startup-Time>2083.152</Actual-Startup-Time>
      <Actual-Total-Time>2084.757</Actual-Total-Time>
      <Actual-Rows>2</Actual-Rows>
      <Actual-Loops>1</Actual-Loops>
      <Output>
        <Item>(date_part('year'::text, (orders.o_orderdate)::timestamp without time zone))</Item>
        <Item>(sum(CASE WHEN (n2.n_name = 'BRAZIL'::bpchar) THEN (lineitem.l_extendedprice * (1::numeric - lineitem.l_discount)) ELSE 0::numeric END) / sum((lineitem.l_extendedprice * (1::numeric - lineitem.l_discount))))</Item>
      </Output>
      <Group-Key>
        <Item>(date_part('year'::text, (orders.o_orderdate)::timestamp without time zone))</Item>
      </Group-Key>
      <Plans>
        <Plan>
          <Node-Type>Sort</Node-Type>
          <Parent-Relationship>Outer</Parent-Relationship>
          <Startup-Cost>99023.32</Startup-Cost>
          <Total-Cost>99024.55</Total-Cost>
          <Plan-Rows>491</Plan-Rows>
          <Plan-Width>120</Plan-Width>
          <Actual-Startup-Time>2081.560</Actual-Startup-Time>
          <Actual-Total-Time>2082.413</Actual-Total-Time>
          <Actual-Rows>2603</Actual-Rows>
          <Actual-Loops>1</Actual-Loops>
          <Output>
            <Item>(date_part('year'::text, (orders.o_orderdate)::timestamp without time zone))</Item>
            <Item>n2.n_name</Item>
            <Item>lineitem.l_extendedprice</Item>
            <Item>lineitem.l_discount</Item>
          </Output>
          <Sort-Key>
            <Item>(date_part('year'::text, (orders.o_orderdate)::timestamp without time zone))</Item>
          </Sort-Key>
          <Sort-Method>quicksort</Sort-Method>
          <Sort-Space-Used>248</Sort-Space-Used>
          <Sort-Space-Type>Memory</Sort-Space-Type>
          <Plans>
            <Plan>
              <Node-Type>Hash Join</Node-Type>
              <Parent-Relationship>Outer</Parent-Relationship>
              <Join-Type>Inner</Join-Type>
              <Startup-Cost>12319.88</Startup-Cost>
              <Total-Cost>99001.37</Total-Cost>
              <Plan-Rows>491</Plan-Rows>
              <Plan-Width>120</Plan-Width>
              <Actual-Startup-Time>179.341</Actual-Startup-Time>
              <Actual-Total-Time>2079.306</Actual-Total-Time>
              <Actual-Rows>2603</Actual-Rows>
              <Actual-Loops>1</Actual-Loops>
              <Output>
                <Item>date_part('year'::text, (orders.o_orderdate)::timestamp without time zone)</Item>
                <Item>n2.n_name</Item>
                <Item>lineitem.l_extendedprice</Item>
                <Item>lineitem.l_discount</Item>
              </Output>
              <Hash-Cond>(supplier.s_nationkey = n2.n_nationkey)</Hash-Cond>
              <Plans>
                <Plan>
                  <Node-Type>Nested Loop</Node-Type>
                  <Parent-Relationship>Outer</Parent-Relationship>
                  <Join-Type>Inner</Join-Type>
                  <Startup-Cost>12318.32</Startup-Cost>
                  <Total-Cost>98990.60</Total-Cost>
                  <Plan-Rows>491</Plan-Rows>
                  <Plan-Width>20</Plan-Width>
                  <Actual-Startup-Time>179.284</Actual-Startup-Time>
                  <Actual-Total-Time>2075.515</Actual-Total-Time>
                  <Actual-Rows>2603</Actual-Rows>
                  <Actual-Loops>1</Actual-Loops>
                  <Output>
                    <Item>lineitem.l_extendedprice</Item>
                    <Item>lineitem.l_discount</Item>
                    <Item>supplier.s_nationkey</Item>
                    <Item>orders.o_orderdate</Item>
                  </Output>
                  <Plans>
                    <Plan>
                      <Node-Type>Hash Join</Node-Type>
                      <Parent-Relationship>Outer</Parent-Relationship>
                      <Join-Type>Inner</Join-Type>
                      <Startup-Cost>12318.04</Startup-Cost>
                      <Total-Cost>98835.86</Total-Cost>
                      <Plan-Rows>491</Plan-Rows>
                      <Plan-Width>20</Plan-Width>
                      <Actual-Startup-Time>177.933</Actual-Startup-Time>
                      <Actual-Total-Time>2057.512</Actual-Total-Time>
                      <Actual-Rows>2603</Actual-Rows>
                      <Actual-Loops>1</Actual-Loops>
                      <Output>
                        <Item>lineitem.l_extendedprice</Item>
                        <Item>lineitem.l_discount</Item>
                        <Item>lineitem.l_suppkey</Item>
                        <Item>orders.o_orderdate</Item>
                      </Output>
                      <Hash-Cond>(lineitem.l_partkey = part.p_partkey)</Hash-Cond>
                      <Plans>
                        <Plan>
                          <Node-Type>Nested Loop</Node-Type>
                          <Parent-Relationship>Outer</Parent-Relationship>
                          <Join-Type>Inner</Join-Type>
                          <Startup-Cost>5748.37</Startup-Cost>
                          <Total-Cost>91985.11</Total-Cost>
                          <Plan-Rows>73647</Plan-Rows>
                          <Plan-Width>24</Plan-Width>
                          <Actual-Startup-Time>140.882</Actual-Startup-Time>
                          <Actual-Total-Time>1883.039</Actual-Total-Time>
                          <Actual-Rows>365091</Actual-Rows>
                          <Actual-Loops>1</Actual-Loops>
                          <Output>
                            <Item>lineitem.l_extendedprice</Item>
                            <Item>lineitem.l_discount</Item>
                            <Item>lineitem.l_partkey</Item>
                            <Item>lineitem.l_suppkey</Item>
                            <Item>orders.o_orderdate</Item>
                          </Output>
                          <Plans>
                            <Plan>
                              <Node-Type>Hash Join</Node-Type>
                              <Parent-Relationship>Outer</Parent-Relationship>
                              <Join-Type>Inner</Join-Type>
                              <Startup-Cost>5747.94</Startup-Cost>
                              <Total-Cost>55870.77</Total-Cost>
                              <Plan-Rows>18408</Plan-Rows>
                              <Plan-Width>8</Plan-Width>
                              <Actual-Startup-Time>140.871</Actual-Startup-Time>
                              <Actual-Total-Time>959.429</Actual-Total-Time>
                              <Actual-Rows>91179</Actual-Rows>
                              <Actual-Loops>1</Actual-Loops>
                              <Output>
                                <Item>orders.o_orderdate</Item>
                                <Item>orders.o_orderkey</Item>
                              </Output>
                              <Hash-Cond>(orders.o_custkey = customer.c_custkey)</Hash-Cond>
                              <Plans>
                                <Plan>
                                  <Node-Type>Seq Scan</Node-Type>
                                  <Parent-Relationship>Outer</Parent-Relationship>
                                  <Relation-Name>orders</Relation-Name>
                                  <Schema>public</Schema>
                                  <Alias>orders</Alias>
                                  <Startup-Cost>0.00</Startup-Cost>
                                  <Total-Cost>48213.00</Total-Cost>
                                  <Plan-Rows>460200</Plan-Rows>
                                  <Plan-Width>12</Plan-Width>
                                  <Actual-Startup-Time>0.003</Actual-Startup-Time>
                                  <Actual-Total-Time>390.829</Actual-Total-Time>
                                  <Actual-Rows>457263</Actual-Rows>
                                  <Actual-Loops>1</Actual-Loops>
                                  <Output>
                                    <Item>orders.o_orderkey</Item>
                                    <Item>orders.o_custkey</Item>
                                    <Item>orders.o_orderstatus</Item>
                                    <Item>orders.o_totalprice</Item>
                                    <Item>orders.o_orderdate</Item>
                                    <Item>orders.o_orderpriority</Item>
                                    <Item>orders.o_clerk</Item>
                                    <Item>orders.o_shippriority</Item>
                                    <Item>orders.o_comment</Item>
                                  </Output>
                                  <Filter>((orders.o_orderdate &gt;= '1995-01-01'::date) AND (orders.o_orderdate &lt;= '1996-12-31'::date))</Filter>
                                  <Rows-Removed-by-Filter>1042737</Rows-Removed-by-Filter>
                                </Plan>
                                <Plan>
                                  <Node-Type>Hash</Node-Type>
                                  <Parent-Relationship>Inner</Parent-Relationship>
                                  <Startup-Cost>5672.94</Startup-Cost>
                                  <Total-Cost>5672.94</Total-Cost>
                                  <Plan-Rows>6000</Plan-Rows>
                                  <Plan-Width>4</Plan-Width>
                                  <Actual-Startup-Time>140.821</Actual-Startup-Time>
                                  <Actual-Total-Time>140.821</Actual-Total-Time>
                                  <Actual-Rows>29952</Actual-Rows>
                                  <Actual-Loops>1</Actual-Loops>
                                  <Output>
                                    <Item>customer.c_custkey</Item>
                                  </Output>
                                  <Hash-Buckets>1024</Hash-Buckets>
                                  <Hash-Batches>1</Hash-Batches>
                                  <Original-Hash-Batches>1</Original-Hash-Batches>
                                  <Peak-Memory-Usage>702</Peak-Memory-Usage>
                                  <Plans>
                                    <Plan>
                                      <Node-Type>Hash Join</Node-Type>
                                      <Parent-Relationship>Outer</Parent-Relationship>
                                      <Join-Type>Inner</Join-Type>
                                      <Startup-Cost>2.44</Startup-Cost>
                                      <Total-Cost>5672.94</Total-Cost>
                                      <Plan-Rows>6000</Plan-Rows>
                                      <Plan-Width>4</Plan-Width>
                                      <Actual-Startup-Time>0.052</Actual-Startup-Time>
                                      <Actual-Total-Time>127.450</Actual-Total-Time>
                                      <Actual-Rows>29952</Actual-Rows>
                                      <Actual-Loops>1</Actual-Loops>
                                      <Output>
                                        <Item>customer.c_custkey</Item>
                                      </Output>
                                      <Hash-Cond>(customer.c_nationkey = n1.n_nationkey)</Hash-Cond>
                                      <Plans>
                                        <Plan>
                                          <Node-Type>Seq Scan</Node-Type>
                                          <Parent-Relationship>Outer</Parent-Relationship>
                                          <Relation-Name>customer</Relation-Name>
                                          <Schema>public</Schema>
                                          <Alias>customer</Alias>
                                          <Startup-Cost>0.00</Startup-Cost>
                                          <Total-Cost>5048.00</Total-Cost>
                                          <Plan-Rows>150000</Plan-Rows>
                                          <Plan-Width>8</Plan-Width>
                                          <Actual-Startup-Time>0.001</Actual-Startup-Time>
                                          <Actual-Total-Time>61.365</Actual-Total-Time>
                                          <Actual-Rows>150000</Actual-Rows>
                                          <Actual-Loops>1</Actual-Loops>
                                          <Output>
                                            <Item>customer.c_custkey</Item>
                                            <Item>customer.c_name</Item>
                                            <Item>customer.c_address</Item>
                                            <Item>customer.c_nationkey</Item>
                                            <Item>customer.c_phone</Item>
                                            <Item>customer.c_acctbal</Item>
                                            <Item>customer.c_mktsegment</Item>
                                            <Item>customer.c_comment</Item>
                                          </Output>
                                        </Plan>
                                        <Plan>
                                          <Node-Type>Hash</Node-Type>
                                          <Parent-Relationship>Inner</Parent-Relationship>
                                          <Startup-Cost>2.43</Startup-Cost>
                                          <Total-Cost>2.43</Total-Cost>
                                          <Plan-Rows>1</Plan-Rows>
                                          <Plan-Width>4</Plan-Width>
                                          <Actual-Startup-Time>0.041</Actual-Startup-Time>
                                          <Actual-Total-Time>0.041</Actual-Total-Time>
                                          <Actual-Rows>5</Actual-Rows>
                                          <Actual-Loops>1</Actual-Loops>
                                          <Output>
                                            <Item>n1.n_nationkey</Item>
                                          </Output>
                                          <Hash-Buckets>1024</Hash-Buckets>
                                          <Hash-Batches>1</Hash-Batches>
                                          <Original-Hash-Batches>1</Original-Hash-Batches>
                                          <Peak-Memory-Usage>1</Peak-Memory-Usage>
                                          <Plans>
                                            <Plan>
                                              <Node-Type>Hash Join</Node-Type>
                                              <Parent-Relationship>Outer</Parent-Relationship>
                                              <Join-Type>Inner</Join-Type>
                                              <Startup-Cost>1.07</Startup-Cost>
                                              <Total-Cost>2.43</Total-Cost>
                                              <Plan-Rows>1</Plan-Rows>
                                              <Plan-Width>4</Plan-Width>
                                              <Actual-Startup-Time>0.019</Actual-Startup-Time>
                                              <Actual-Total-Time>0.039</Actual-Total-Time>
                                              <Actual-Rows>5</Actual-Rows>
                                              <Actual-Loops>1</Actual-Loops>
                                              <Output>
                                                <Item>n1.n_nationkey</Item>
                                              </Output>
                                              <Hash-Cond>(n1.n_regionkey = region.r_regionkey)</Hash-Cond>
                                              <Plans>
                                                <Plan>
                                                  <Node-Type>Seq Scan</Node-Type>
                                                  <Parent-Relationship>Outer</Parent-Relationship>
                                                  <Relation-Name>nation</Relation-Name>
                                                  <Schema>public</Schema>
                                                  <Alias>n1</Alias>
                                                  <Startup-Cost>0.00</Startup-Cost>
                                                  <Total-Cost>1.25</Total-Cost>
                                                  <Plan-Rows>25</Plan-Rows>
                                                  <Plan-Width>8</Plan-Width>
                                                  <Actual-Startup-Time>0.001</Actual-Startup-Time>
                                                  <Actual-Total-Time>0.011</Actual-Total-Time>
                                                  <Actual-Rows>25</Actual-Rows>
                                                  <Actual-Loops>1</Actual-Loops>
                                                  <Output>
                                                    <Item>n1.n_nationkey</Item>
                                                    <Item>n1.n_name</Item>
                                                    <Item>n1.n_regionkey</Item>
                                                    <Item>n1.n_comment</Item>
                                                  </Output>
                                                </Plan>
                                                <Plan>
                                                  <Node-Type>Hash</Node-Type>
                                                  <Parent-Relationship>Inner</Parent-Relationship>
                                                  <Startup-Cost>1.06</Startup-Cost>
                                                  <Total-Cost>1.06</Total-Cost>
                                                  <Plan-Rows>1</Plan-Rows>
                                                  <Plan-Width>4</Plan-Width>
                                                  <Actual-Startup-Time>0.011</Actual-Startup-Time>
                                                  <Actual-Total-Time>0.011</Actual-Total-Time>
                                                  <Actual-Rows>1</Actual-Rows>
                                                  <Actual-Loops>1</Actual-Loops>
                                                  <Output>
                                                    <Item>region.r_regionkey</Item>
                                                  </Output>
                                                  <Hash-Buckets>1024</Hash-Buckets>
                                                  <Hash-Batches>1</Hash-Batches>
                                                  <Original-Hash-Batches>1</Original-Hash-Batches>
                                                  <Peak-Memory-Usage>1</Peak-Memory-Usage>
                                                  <Plans>
                                                    <Plan>
                                                      <Node-Type>Seq Scan</Node-Type>
                                                      <Parent-Relationship>Outer</Parent-Relationship>
                                                      <Relation-Name>region</Relation-Name>
                                                      <Schema>public</Schema>
                                                      <Alias>region</Alias>
                                                      <Startup-Cost>0.00</Startup-Cost>
                                                      <Total-Cost>1.06</Total-Cost>
                                                      <Plan-Rows>1</Plan-Rows>
                                                      <Plan-Width>4</Plan-Width>
                                                      <Actual-Startup-Time>0.009</Actual-Startup-Time>
                                                      <Actual-Total-Time>0.010</Actual-Total-Time>
                                                      <Actual-Rows>1</Actual-Rows>
                                                      <Actual-Loops>1</Actual-Loops>
                                                      <Output>
                                                        <Item>region.r_regionkey</Item>
                                                      </Output>
                                                      <Filter>(region.r_name = 'AMERICA'::bpchar)</Filter>
                                                      <Rows-Removed-by-Filter>4</Rows-Removed-by-Filter>
                                                    </Plan>
                                                  </Plans>
                                                </Plan>
                                              </Plans>
                                            </Plan>
                                          </Plans>
                                        </Plan>
                                      </Plans>
                                    </Plan>
                                  </Plans>
                                </Plan>
                              </Plans>
                            </Plan>
                            <Plan>
                              <Node-Type>Index Scan</Node-Type>
                              <Parent-Relationship>Inner</Parent-Relationship>
                              <Scan-Direction>Forward</Scan-Direction>
                              <Index-Name>l_orderkey_idx</Index-Name>
                              <Relation-Name>lineitem</Relation-Name>
                              <Schema>public</Schema>
                              <Alias>lineitem</Alias>
                              <Startup-Cost>0.43</Startup-Cost>
                              <Total-Cost>1.81</Total-Cost>
                              <Plan-Rows>15</Plan-Rows>
                              <Plan-Width>24</Plan-Width>
                              <Actual-Startup-Time>0.005</Actual-Startup-Time>
                              <Actual-Total-Time>0.007</Actual-Total-Time>
                              <Actual-Rows>4</Actual-Rows>
                              <Actual-Loops>91179</Actual-Loops>
                              <Output>
                                <Item>lineitem.l_orderkey</Item>
                                <Item>lineitem.l_partkey</Item>
                                <Item>lineitem.l_suppkey</Item>
                                <Item>lineitem.l_linenumber</Item>
                                <Item>lineitem.l_quantity</Item>
                                <Item>lineitem.l_extendedprice</Item>
                                <Item>lineitem.l_discount</Item>
                                <Item>lineitem.l_tax</Item>
                                <Item>lineitem.l_returnflag</Item>
                                <Item>lineitem.l_linestatus</Item>
                                <Item>lineitem.l_shipdate</Item>
                                <Item>lineitem.l_commitdate</Item>
                                <Item>lineitem.l_receiptdate</Item>
                                <Item>lineitem.l_shipinstruct</Item>
                                <Item>lineitem.l_shipmode</Item>
                                <Item>lineitem.l_comment</Item>
                              </Output>
                              <Index-Cond>(lineitem.l_orderkey = orders.o_orderkey)</Index-Cond>
                              <Rows-Removed-by-Index-Recheck>0</Rows-Removed-by-Index-Recheck>
                            </Plan>
                          </Plans>
                        </Plan>
                        <Plan>
                          <Node-Type>Hash</Node-Type>
                          <Parent-Relationship>Inner</Parent-Relationship>
                          <Startup-Cost>6553.00</Startup-Cost>
                          <Total-Cost>6553.00</Total-Cost>
                          <Plan-Rows>1333</Plan-Rows>
                          <Plan-Width>4</Plan-Width>
                          <Actual-Startup-Time>36.850</Actual-Startup-Time>
                          <Actual-Total-Time>36.850</Actual-Total-Time>
                          <Actual-Rows>1451</Actual-Rows>
                          <Actual-Loops>1</Actual-Loops>
                          <Output>
                            <Item>part.p_partkey</Item>
                          </Output>
                          <Hash-Buckets>1024</Hash-Buckets>
                          <Hash-Batches>1</Hash-Batches>
                          <Original-Hash-Batches>1</Original-Hash-Batches>
                          <Peak-Memory-Usage>35</Peak-Memory-Usage>
                          <Plans>
                            <Plan>
                              <Node-Type>Seq Scan</Node-Type>
                              <Parent-Relationship>Outer</Parent-Relationship>
                              <Relation-Name>part</Relation-Name>
                              <Schema>public</Schema>
                              <Alias>part</Alias>
                              <Startup-Cost>0.00</Startup-Cost>
                              <Total-Cost>6553.00</Total-Cost>
                              <Plan-Rows>1333</Plan-Rows>
                              <Plan-Width>4</Plan-Width>
                              <Actual-Startup-Time>0.038</Actual-Startup-Time>
                              <Actual-Total-Time>36.109</Actual-Total-Time>
                              <Actual-Rows>1451</Actual-Rows>
                              <Actual-Loops>1</Actual-Loops>
                              <Output>
                                <Item>part.p_partkey</Item>
                              </Output>
                              <Filter>((part.p_type)::text = 'ECONOMY ANODIZED STEEL'::text)</Filter>
                              <Rows-Removed-by-Filter>198549</Rows-Removed-by-Filter>
                            </Plan>
                          </Plans>
                        </Plan>
                      </Plans>
                    </Plan>
                    <Plan>
                      <Node-Type>Index Scan</Node-Type>
                      <Parent-Relationship>Inner</Parent-Relationship>
                      <Scan-Direction>Forward</Scan-Direction>
                      <Index-Name>supplier_pkey</Index-Name>
                      <Relation-Name>supplier</Relation-Name>
                      <Schema>public</Schema>
                      <Alias>supplier</Alias>
                      <Startup-Cost>0.29</Startup-Cost>
                      <Total-Cost>0.31</Total-Cost>
                      <Plan-Rows>1</Plan-Rows>
                      <Plan-Width>8</Plan-Width>
                      <Actual-Startup-Time>0.005</Actual-Startup-Time>
                      <Actual-Total-Time>0.005</Actual-Total-Time>
                      <Actual-Rows>1</Actual-Rows>
                      <Actual-Loops>2603</Actual-Loops>
                      <Output>
                        <Item>supplier.s_suppkey</Item>
                        <Item>supplier.s_name</Item>
                        <Item>supplier.s_address</Item>
                        <Item>supplier.s_nationkey</Item>
                        <Item>supplier.s_phone</Item>
                        <Item>supplier.s_acctbal</Item>
                        <Item>supplier.s_comment</Item>
                      </Output>
                      <Index-Cond>(supplier.s_suppkey = lineitem.l_suppkey)</Index-Cond>
                      <Rows-Removed-by-Index-Recheck>0</Rows-Removed-by-Index-Recheck>
                    </Plan>
                  </Plans>
                </Plan>
                <Plan>
                  <Node-Type>Hash</Node-Type>
                  <Parent-Relationship>Inner</Parent-Relationship>
                  <Startup-Cost>1.25</Startup-Cost>
                  <Total-Cost>1.25</Total-Cost>
                  <Plan-Rows>25</Plan-Rows>
                  <Plan-Width>108</Plan-Width>
                  <Actual-Startup-Time>0.033</Actual-Startup-Time>
                  <Actual-Total-Time>0.033</Actual-Total-Time>
                  <Actual-Rows>25</Actual-Rows>
                  <Actual-Loops>1</Actual-Loops>
                  <Output>
                    <Item>n2.n_name</Item>
                    <Item>n2.n_nationkey</Item>
                  </Output>
                  <Hash-Buckets>1024</Hash-Buckets>
                  <Hash-Batches>1</Hash-Batches>
                  <Original-Hash-Batches>1</Original-Hash-Batches>
                  <Peak-Memory-Usage>2</Peak-Memory-Usage>
                  <Plans>
                    <Plan>
                      <Node-Type>Seq Scan</Node-Type>
                      <Parent-Relationship>Outer</Parent-Relationship>
                      <Relation-Name>nation</Relation-Name>
                      <Schema>public</Schema>
                      <Alias>n2</Alias>
                      <Startup-Cost>0.00</Startup-Cost>
                      <Total-Cost>1.25</Total-Cost>
                      <Plan-Rows>25</Plan-Rows>
                      <Plan-Width>108</Plan-Width>
                      <Actual-Startup-Time>0.011</Actual-Startup-Time>
                      <Actual-Total-Time>0.023</Actual-Total-Time>
                      <Actual-Rows>25</Actual-Rows>
                      <Actual-Loops>1</Actual-Loops>
                      <Output>
                        <Item>n2.n_name</Item>
                        <Item>n2.n_nationkey</Item>
                      </Output>
                    </Plan>
                  </Plans>
                </Plan>
              </Plans>
            </Plan>
          </Plans>
        </Plan>
      </Plans>
    </Plan>
    <Planning-Time>2.601</Planning-Time>
    <Triggers>
    </Triggers>
    <Execution-Time>2084.972</Execution-Time>
  </Query>
</explain>