<explain xmlns="http://www.postgresql.org/2009/explain">
  <Query>
    <Plan>
      <Node-Type>Aggregate</Node-Type>
      <Strategy>Sorted</Strategy>
      <Startup-Cost>158122.82</Startup-Cost>
      <Total-Cost>158130.21</Total-Cost>
      <Plan-Rows>197</Plan-Rows>
      <Plan-Width>131</Plan-Width>
      <Actual-Startup-Time>14625.655</Actual-Startup-Time>
      <Actual-Total-Time>15846.895</Actual-Total-Time>
      <Actual-Rows>175</Actual-Rows>
      <Actual-Loops>1</Actual-Loops>
      <Output>
        <Item>nation.n_name</Item>
        <Item>(date_part('year'::text, (orders.o_orderdate)::timestamp without time zone))</Item>
        <Item>sum(((lineitem.l_extendedprice * (1::numeric - lineitem.l_discount)) - (partsupp.ps_supplycost * lineitem.l_quantity)))</Item>
      </Output>
      <Group-Key>
        <Item>nation.n_name</Item>
        <Item>(date_part('year'::text, (orders.o_orderdate)::timestamp without time zone))</Item>
      </Group-Key>
      <Plans>
        <Plan>
          <Node-Type>Sort</Node-Type>
          <Parent-Relationship>Outer</Parent-Relationship>
          <Startup-Cost>158122.82</Startup-Cost>
          <Total-Cost>158123.31</Total-Cost>
          <Plan-Rows>197</Plan-Rows>
          <Plan-Width>131</Plan-Width>
          <Actual-Startup-Time>14619.059</Actual-Startup-Time>
          <Actual-Total-Time>15538.766</Actual-Total-Time>
          <Actual-Rows>319404</Actual-Rows>
          <Actual-Loops>1</Actual-Loops>
          <Output>
            <Item>nation.n_name</Item>
            <Item>(date_part('year'::text, (orders.o_orderdate)::timestamp without time zone))</Item>
            <Item>lineitem.l_extendedprice</Item>
            <Item>lineitem.l_discount</Item>
            <Item>partsupp.ps_supplycost</Item>
            <Item>lineitem.l_quantity</Item>
          </Output>
          <Sort-Key>
            <Item>nation.n_name</Item>
            <Item>(date_part('year'::text, (orders.o_orderdate)::timestamp without time zone))</Item>
          </Sort-Key>
          <Sort-Method>external merge</Sort-Method>
          <Sort-Space-Used>22264</Sort-Space-Used>
          <Sort-Space-Type>Disk</Sort-Space-Type>
          <Plans>
            <Plan>
              <Node-Type>Hash Join</Node-Type>
              <Parent-Relationship>Outer</Parent-Relationship>
              <Join-Type>Inner</Join-Type>
              <Startup-Cost>6757.73</Startup-Cost>
              <Total-Cost>158115.31</Total-Cost>
              <Plan-Rows>197</Plan-Rows>
              <Plan-Width>131</Plan-Width>
              <Actual-Startup-Time>53.481</Actual-Startup-Time>
              <Actual-Total-Time>11205.027</Actual-Total-Time>
              <Actual-Rows>319404</Actual-Rows>
              <Actual-Loops>1</Actual-Loops>
              <Output>
                <Item>nation.n_name</Item>
                <Item>date_part('year'::text, (orders.o_orderdate)::timestamp without time zone)</Item>
                <Item>lineitem.l_extendedprice</Item>
                <Item>lineitem.l_discount</Item>
                <Item>partsupp.ps_supplycost</Item>
                <Item>lineitem.l_quantity</Item>
              </Output>
              <Hash-Cond>(supplier.s_nationkey = nation.n_nationkey)</Hash-Cond>
              <Plans>
                <Plan>
                  <Node-Type>Nested Loop</Node-Type>
                  <Parent-Relationship>Outer</Parent-Relationship>
                  <Join-Type>Inner</Join-Type>
                  <Startup-Cost>6756.17</Startup-Cost>
                  <Total-Cost>158110.06</Total-Cost>
                  <Plan-Rows>197</Plan-Rows>
                  <Plan-Width>31</Plan-Width>
                  <Actual-Startup-Time>53.408</Actual-Startup-Time>
                  <Actual-Total-Time>10841.133</Actual-Total-Time>
                  <Actual-Rows>319404</Actual-Rows>
                  <Actual-Loops>1</Actual-Loops>
                  <Output>
                    <Item>lineitem.l_extendedprice</Item>
                    <Item>lineitem.l_discount</Item>
                    <Item>lineitem.l_quantity</Item>
                    <Item>supplier.s_nationkey</Item>
                    <Item>partsupp.ps_supplycost</Item>
                    <Item>orders.o_orderdate</Item>
                  </Output>
                  <Plans>
                    <Plan>
                      <Node-Type>Nested Loop</Node-Type>
                      <Parent-Relationship>Outer</Parent-Relationship>
                      <Join-Type>Inner</Join-Type>
                      <Startup-Cost>6755.74</Startup-Cost>
                      <Total-Cost>158016.12</Total-Cost>
                      <Plan-Rows>197</Plan-Rows>
                      <Plan-Width>31</Plan-Width>
                      <Actual-Startup-Time>52.887</Actual-Startup-Time>
                      <Actual-Total-Time>7237.980</Actual-Total-Time>
                      <Actual-Rows>319404</Actual-Rows>
                      <Actual-Loops>1</Actual-Loops>
                      <Output>
                        <Item>lineitem.l_extendedprice</Item>
                        <Item>lineitem.l_discount</Item>
                        <Item>lineitem.l_quantity</Item>
                        <Item>lineitem.l_orderkey</Item>
                        <Item>supplier.s_nationkey</Item>
                        <Item>partsupp.ps_supplycost</Item>
                      </Output>
                      <Plans>
                        <Plan>
                          <Node-Type>Nested Loop</Node-Type>
                          <Parent-Relationship>Outer</Parent-Relationship>
                          <Join-Type>Inner</Join-Type>
                          <Startup-Cost>6755.46</Startup-Cost>
                          <Total-Cost>157953.72</Total-Cost>
                          <Plan-Rows>198</Plan-Rows>
                          <Plan-Width>35</Plan-Width>
                          <Actual-Startup-Time>52.882</Actual-Startup-Time>
                          <Actual-Total-Time>6260.389</Actual-Total-Time>
                          <Actual-Rows>319404</Actual-Rows>
                          <Actual-Loops>1</Actual-Loops>
                          <Output>
                            <Item>lineitem.l_extendedprice</Item>
                            <Item>lineitem.l_discount</Item>
                            <Item>lineitem.l_quantity</Item>
                            <Item>lineitem.l_suppkey</Item>
                            <Item>lineitem.l_orderkey</Item>
                            <Item>partsupp.ps_supplycost</Item>
                            <Item>partsupp.ps_suppkey</Item>
                          </Output>
                          <Plans>
                            <Plan>
                              <Node-Type>Hash Join</Node-Type>
                              <Parent-Relationship>Outer</Parent-Relationship>
                              <Join-Type>Inner</Join-Type>
                              <Startup-Cost>6755.02</Startup-Cost>
                              <Total-Cost>42659.50</Total-Cost>
                              <Plan-Rows>64648</Plan-Rows>
                              <Plan-Width>18</Plan-Width>
                              <Actual-Startup-Time>52.845</Actual-Startup-Time>
                              <Actual-Total-Time>850.910</Actual-Total-Time>
                              <Actual-Rows>42656</Actual-Rows>
                              <Actual-Loops>1</Actual-Loops>
                              <Output>
                                <Item>part.p_partkey</Item>
                                <Item>partsupp.ps_supplycost</Item>
                                <Item>partsupp.ps_suppkey</Item>
                                <Item>partsupp.ps_partkey</Item>
                              </Output>
                              <Hash-Cond>(partsupp.ps_partkey = part.p_partkey)</Hash-Cond>
                              <Plans>
                                <Plan>
                                  <Node-Type>Seq Scan</Node-Type>
                                  <Parent-Relationship>Outer</Parent-Relationship>
                                  <Relation-Name>partsupp</Relation-Name>
                                  <Schema>public</Schema>
                                  <Alias>partsupp</Alias>
                                  <Startup-Cost>0.00</Startup-Cost>
                                  <Total-Cost>25258.00</Total-Cost>
                                  <Plan-Rows>800000</Plan-Rows>
                                  <Plan-Width>14</Plan-Width>
                                  <Actual-Startup-Time>0.001</Actual-Startup-Time>
                                  <Actual-Total-Time>435.028</Actual-Total-Time>
                                  <Actual-Rows>800000</Actual-Rows>
                                  <Actual-Loops>1</Actual-Loops>
                                  <Output>
                                    <Item>partsupp.ps_partkey</Item>
                                    <Item>partsupp.ps_suppkey</Item>
                                    <Item>partsupp.ps_availqty</Item>
                                    <Item>partsupp.ps_supplycost</Item>
                                    <Item>partsupp.ps_comment</Item>
                                  </Output>
                                </Plan>
                                <Plan>
                                  <Node-Type>Hash</Node-Type>
                                  <Parent-Relationship>Inner</Parent-Relationship>
                                  <Startup-Cost>6553.00</Startup-Cost>
                                  <Total-Cost>6553.00</Total-Cost>
                                  <Plan-Rows>16162</Plan-Rows>
                                  <Plan-Width>4</Plan-Width>
                                  <Actual-Startup-Time>52.829</Actual-Startup-Time>
                                  <Actual-Total-Time>52.829</Actual-Total-Time>
                                  <Actual-Rows>10664</Actual-Rows>
                                  <Actual-Loops>1</Actual-Loops>
                                  <Output>
                                    <Item>part.p_partkey</Item>
                                  </Output>
                                  <Hash-Buckets>2048</Hash-Buckets>
                                  <Hash-Batches>1</Hash-Batches>
                                  <Original-Hash-Batches>1</Original-Hash-Batches>
                                  <Peak-Memory-Usage>250</Peak-Memory-Usage>
                                  <Plans>
                                    <Plan>
                                      <Node-Type>Seq Scan</Node-Type>
                                      <Parent-Relationship>Outer</Parent-Relationship>
                                      <Relation-Name>part</Relation-Name>
                                      <Schema>public</Schema>
                                      <Alias>part</Alias>
                                      <Startup-Cost>0.00</Startup-Cost>
                                      <Total-Cost>6553.00</Total-Cost>
                                      <Plan-Rows>16162</Plan-Rows>
                                      <Plan-Width>4</Plan-Width>
                                      <Actual-Startup-Time>0.003</Actual-Startup-Time>
                                      <Actual-Total-Time>47.748</Actual-Total-Time>
                                      <Actual-Rows>10664</Actual-Rows>
                                      <Actual-Loops>1</Actual-Loops>
                                      <Output>
                                        <Item>part.p_partkey</Item>
                                      </Output>
                                      <Filter>((part.p_name)::text ~~ '%%green%%'::text)</Filter>
                                      <Rows-Removed-by-Filter>189336</Rows-Removed-by-Filter>
                                    </Plan>
                                  </Plans>
                                </Plan>
                              </Plans>
                            </Plan>
                            <Plan>
                              <Node-Type>Index Scan</Node-Type>
                              <Parent-Relationship>Inner</Parent-Relationship>
                              <Scan-Direction>Forward</Scan-Direction>
                              <Index-Name>l_partkey_idx</Index-Name>
                              <Relation-Name>lineitem</Relation-Name>
                              <Schema>public</Schema>
                              <Alias>lineitem</Alias>
                              <Startup-Cost>0.43</Startup-Cost>
                              <Total-Cost>1.77</Total-Cost>
                              <Plan-Rows>1</Plan-Rows>
                              <Plan-Width>29</Plan-Width>
                              <Actual-Startup-Time>0.028</Actual-Startup-Time>
                              <Actual-Total-Time>0.121</Actual-Total-Time>
                              <Actual-Rows>7</Actual-Rows>
                              <Actual-Loops>42656</Actual-Loops>
                              <Output>
                                <Item>lineitem.l_orderkey</Item>
                                <Item>lineitem.l_partkey</Item>
                                <Item>lineitem.l_suppkey</Item>
                                <Item>lineitem.l_linenumber</Item>
                                <Item>lineitem.l_quantity</Item>
                                <Item>lineitem.l_extendedprice</Item>
                                <Item>lineitem.l_discount</Item>
                                <Item>lineitem.l_tax</Item>
                                <Item>lineitem.l_returnflag</Item>
                                <Item>lineitem.l_linestatus</Item>
                                <Item>lineitem.l_shipdate</Item>
                                <Item>lineitem.l_commitdate</Item>
                                <Item>lineitem.l_receiptdate</Item>
                                <Item>lineitem.l_shipinstruct</Item>
                                <Item>lineitem.l_shipmode</Item>
                                <Item>lineitem.l_comment</Item>
                              </Output>
                              <Index-Cond>(lineitem.l_partkey = partsupp.ps_partkey)</Index-Cond>
                              <Rows-Removed-by-Index-Recheck>0</Rows-Removed-by-Index-Recheck>
                              <Filter>(partsupp.ps_suppkey = lineitem.l_suppkey)</Filter>
                              <Rows-Removed-by-Filter>22</Rows-Removed-by-Filter>
                            </Plan>
                          </Plans>
                        </Plan>
                        <Plan>
                          <Node-Type>Index Scan</Node-Type>
                          <Parent-Relationship>Inner</Parent-Relationship>
                          <Scan-Direction>Forward</Scan-Direction>
                          <Index-Name>supplier_pkey</Index-Name>
                          <Relation-Name>supplier</Relation-Name>
                          <Schema>public</Schema>
                          <Alias>supplier</Alias>
                          <Startup-Cost>0.29</Startup-Cost>
                          <Total-Cost>0.31</Total-Cost>
                          <Plan-Rows>1</Plan-Rows>
                          <Plan-Width>8</Plan-Width>
                          <Actual-Startup-Time>0.001</Actual-Startup-Time>
                          <Actual-Total-Time>0.002</Actual-Total-Time>
                          <Actual-Rows>1</Actual-Rows>
                          <Actual-Loops>319404</Actual-Loops>
                          <Output>
                            <Item>supplier.s_suppkey</Item>
                            <Item>supplier.s_name</Item>
                            <Item>supplier.s_address</Item>
                            <Item>supplier.s_nationkey</Item>
                            <Item>supplier.s_phone</Item>
                            <Item>supplier.s_acctbal</Item>
                            <Item>supplier.s_comment</Item>
                          </Output>
                          <Index-Cond>(supplier.s_suppkey = lineitem.l_suppkey)</Index-Cond>
                          <Rows-Removed-by-Index-Recheck>0</Rows-Removed-by-Index-Recheck>
                        </Plan>
                      </Plans>
                    </Plan>
                    <Plan>
                      <Node-Type>Index Scan</Node-Type>
                      <Parent-Relationship>Inner</Parent-Relationship>
                      <Scan-Direction>Forward</Scan-Direction>
                      <Index-Name>o_orderkey_idx</Index-Name>
                      <Relation-Name>orders</Relation-Name>
                      <Schema>public</Schema>
                      <Alias>orders</Alias>
                      <Startup-Cost>0.43</Startup-Cost>
                      <Total-Cost>0.47</Total-Cost>
                      <Plan-Rows>1</Plan-Rows>
                      <Plan-Width>8</Plan-Width>
                      <Actual-Startup-Time>0.009</Actual-Startup-Time>
                      <Actual-Total-Time>0.010</Actual-Total-Time>
                      <Actual-Rows>1</Actual-Rows>
                      <Actual-Loops>319404</Actual-Loops>
                      <Output>
                        <Item>orders.o_orderkey</Item>
                        <Item>orders.o_custkey</Item>
                        <Item>orders.o_orderstatus</Item>
                        <Item>orders.o_totalprice</Item>
                        <Item>orders.o_orderdate</Item>
                        <Item>orders.o_orderpriority</Item>
                        <Item>orders.o_clerk</Item>
                        <Item>orders.o_shippriority</Item>
                        <Item>orders.o_comment</Item>
                      </Output>
                      <Index-Cond>(orders.o_orderkey = lineitem.l_orderkey)</Index-Cond>
                      <Rows-Removed-by-Index-Recheck>0</Rows-Removed-by-Index-Recheck>
                    </Plan>
                  </Plans>
                </Plan>
                <Plan>
                  <Node-Type>Hash</Node-Type>
                  <Parent-Relationship>Inner</Parent-Relationship>
                  <Startup-Cost>1.25</Startup-Cost>
                  <Total-Cost>1.25</Total-Cost>
                  <Plan-Rows>25</Plan-Rows>
                  <Plan-Width>108</Plan-Width>
                  <Actual-Startup-Time>0.058</Actual-Startup-Time>
                  <Actual-Total-Time>0.058</Actual-Total-Time>
                  <Actual-Rows>25</Actual-Rows>
                  <Actual-Loops>1</Actual-Loops>
                  <Output>
                    <Item>nation.n_name</Item>
                    <Item>nation.n_nationkey</Item>
                  </Output>
                  <Hash-Buckets>1024</Hash-Buckets>
                  <Hash-Batches>1</Hash-Batches>
                  <Original-Hash-Batches>1</Original-Hash-Batches>
                  <Peak-Memory-Usage>2</Peak-Memory-Usage>
                  <Plans>
                    <Plan>
                      <Node-Type>Seq Scan</Node-Type>
                      <Parent-Relationship>Outer</Parent-Relationship>
                      <Relation-Name>nation</Relation-Name>
                      <Schema>public</Schema>
                      <Alias>nation</Alias>
                      <Startup-Cost>0.00</Startup-Cost>
                      <Total-Cost>1.25</Total-Cost>
                      <Plan-Rows>25</Plan-Rows>
                      <Plan-Width>108</Plan-Width>
                      <Actual-Startup-Time>0.035</Actual-Startup-Time>
                      <Actual-Total-Time>0.049</Actual-Total-Time>
                      <Actual-Rows>25</Actual-Rows>
                      <Actual-Loops>1</Actual-Loops>
                      <Output>
                        <Item>nation.n_name</Item>
                        <Item>nation.n_nationkey</Item>
                      </Output>
                    </Plan>
                  </Plans>
                </Plan>
              </Plans>
            </Plan>
          </Plans>
        </Plan>
      </Plans>
    </Plan>
    <Planning-Time>3.364</Planning-Time>
    <Triggers>
    </Triggers>
    <Execution-Time>15850.795</Execution-Time>
  </Query>
</explain>